#
# There is insufficient memory for the Java Runtime Environment to continue.
# Native memory allocation (malloc) failed to allocate 1048576 bytes for AllocateHeap
# Possible reasons:
#   The system is out of physical RAM or swap space
#   In 32 bit mode, the process size limit was hit
# Possible solutions:
#   Reduce memory load on the system
#   Increase physical memory or swap space
#   Check if swap backing store is full
#   Use 64 bit Java on a 64 bit OS
#   Decrease Java heap size (-Xmx/-Xms)
#   Decrease number of Java threads
#   Decrease Java thread stack sizes (-Xss)
#   Set larger code cache with -XX:ReservedCodeCacheSize=
# This output file may be truncated or incomplete.
#
#  Out of Memory Error (memory/allocation.inline.hpp:61), pid=1268, tid=3864
#
# JRE version:  (8.0_91-b14) (build )
# Java VM: Java HotSpot(TM) 64-Bit Server VM (25.91-b14 mixed mode windows-amd64 compressed oops)
# Failed to write core dump. Minidumps are not enabled by default on client versions of Windows
#

---------------  T H R E A D  ---------------

Current thread (0x000000000268e000):  JavaThread "Unknown thread" [_thread_in_vm, id=3864, stack(0x0000000002690000,0x0000000002790000)]

Stack: [0x0000000002690000,0x0000000002790000]
[error occurred during error reporting (printing stack bounds), id 0xc0000005]

Native frames: (J=compiled Java code, j=interpreted, Vv=VM code, C=native code)


---------------  P R O C E S S  ---------------

Java Threads: ( => current thread )

Other Threads:

=>0x000000000268e000 (exited) JavaThread "Unknown thread" [_thread_in_vm, id=3864, stack(0x0000000002690000,0x0000000002790000)]

VM state:not at safepoint (normal execution)

VM Mutex/Monitor currently owned by a thread: None

Heap:
 PSYoungGen      total 21504K, used 368K [0x00000000eab00000, 0x00000000ec300000, 0x0000000100000000)
  eden space 18432K, 2% used [0x00000000eab00000,0x00000000eab5c298,0x00000000ebd00000)
  from space 3072K, 0% used [0x00000000ec000000,0x00000000ec000000,0x00000000ec300000)
  to   space 3072K, 0% used [0x00000000ebd00000,0x00000000ebd00000,0x00000000ec000000)
 ParOldGen       total 49152K, used 0K [0x00000000c0000000, 0x00000000c3000000, 0x00000000eab00000)
  object space 49152K, 0% used [0x00000000c0000000,0x00000000c0000000,0x00000000c3000000)
 Metaspace       used 769K, capacity 4480K, committed 4480K, reserved 1056768K
  class space    used 75K, capacity 384K, committed 384K, reserved 1048576K

Card table byte_map: [0x0000000011c50000,0x0000000011e60000] byte_map_base: 0x0000000011650000

Marking Bits: (ParMarkBitMap*) 0x000000006b2f2f70
 Begin Bits: [0x00000000123c0000, 0x00000000133c0000)
 End Bits:   [0x00000000133c0000, 0x00000000143c0000)

Polling page: 0x0000000000be0000

CodeCache: size=245760Kb used=327Kb max_used=327Kb free=245432Kb
 bounds [0x0000000002890000, 0x0000000002b00000, 0x0000000011890000]
 total_blobs=57 nmethods=0 adapters=38
 compilation: enabled

Compilation events (0 events):
No events

GC Heap History (0 events):
No events

Deoptimization events (0 events):
No events

Internal exceptions (0 events):
No events

Events (10 events):
Event: 0.640 loading class java/lang/Short
Event: 0.640 loading class java/lang/Short done
Event: 0.640 loading class java/lang/Integer
Event: 1.144 loading class java/lang/Integer done
Event: 1.144 loading class java/lang/Long
Event: 1.145 loading class java/lang/Long done
Event: 1.146 loading class java/lang/NullPointerException
Event: 1.146 loading class java/lang/NullPointerException done
Event: 1.146 loading class java/lang/ArithmeticException
Event: 1.147 loading class java/lang/ArithmeticException done


Dynamic libraries:
0x00007ff61be20000 - 0x00007ff61be57000 	C:\Program Files\Java\jdk1.8.0_91\bin\java.exe
0x00007ffd78510000 - 0x00007ffd786e1000 	C:\WINDOWS\SYSTEM32\ntdll.dll
0x00007ffd77080000 - 0x00007ffd7712b000 	C:\WINDOWS\System32\KERNEL32.DLL
0x00007ffd74a00000 - 0x00007ffd74c1d000 	C:\WINDOWS\System32\KERNELBASE.dll
0x00007ffd775b0000 - 0x00007ffd77652000 	C:\WINDOWS\System32\ADVAPI32.dll
0x00007ffd778a0000 - 0x00007ffd7793e000 	C:\WINDOWS\System32\msvcrt.dll
0x00007ffd77020000 - 0x00007ffd77079000 	C:\WINDOWS\System32\sechost.dll
0x00007ffd77130000 - 0x00007ffd77251000 	C:\WINDOWS\System32\RPCRT4.dll
0x00007ffd77aa0000 - 0x00007ffd77c05000 	C:\WINDOWS\System32\USER32.dll
0x00007ffd756e0000 - 0x00007ffd756fe000 	C:\WINDOWS\System32\win32u.dll
0x00007ffd77c30000 - 0x00007ffd77c64000 	C:\WINDOWS\System32\GDI32.dll
0x00007ffd75550000 - 0x00007ffd756d2000 	C:\WINDOWS\System32\gdi32full.dll
0x00007ffd6dee0000 - 0x00007ffd6e159000 	C:\WINDOWS\WinSxS\amd64_microsoft.windows.common-controls_6595b64144ccf1df_6.0.14393.0_none_2d0f50fcbdb171b8\COMCTL32.dll
0x00007ffd77c70000 - 0x00007ffd77f37000 	C:\WINDOWS\System32\combase.dll
0x00007ffd74c20000 - 0x00007ffd74d15000 	C:\WINDOWS\System32\ucrtbase.dll
0x00007ffd75700000 - 0x00007ffd7576a000 	C:\WINDOWS\System32\bcryptPrimitives.dll
0x00007ffd77580000 - 0x00007ffd775ae000 	C:\WINDOWS\System32\IMM32.DLL
0x000000006b600000 - 0x000000006b6d2000 	C:\Program Files\Java\jdk1.8.0_91\jre\bin\msvcr100.dll
0x000000006aae0000 - 0x000000006b373000 	C:\Program Files\Java\jdk1.8.0_91\jre\bin\server\jvm.dll
0x00007ffd77430000 - 0x00007ffd77438000 	C:\WINDOWS\System32\PSAPI.DLL
0x00007ffd72360000 - 0x00007ffd72369000 	C:\WINDOWS\SYSTEM32\WSOCK32.dll
0x00007ffd77660000 - 0x00007ffd776ca000 	C:\WINDOWS\System32\WS2_32.dll
0x00007ffd72200000 - 0x00007ffd72223000 	C:\WINDOWS\SYSTEM32\WINMM.dll
0x00007ffd701b0000 - 0x00007ffd701ba000 	C:\WINDOWS\SYSTEM32\VERSION.dll
0x00007ffd71c90000 - 0x00007ffd71cbb000 	C:\WINDOWS\SYSTEM32\WINMMBASE.dll
0x00007ffd75770000 - 0x00007ffd757b2000 	C:\WINDOWS\System32\cfgmgr32.dll
0x000000006a9f0000 - 0x000000006a9ff000 	C:\Program Files\Java\jdk1.8.0_91\jre\bin\verify.dll
0x000000006a9c0000 - 0x000000006a9e9000 	C:\Program Files\Java\jdk1.8.0_91\jre\bin\java.dll
0x000000006a9a0000 - 0x000000006a9b6000 	C:\Program Files\Java\jdk1.8.0_91\jre\bin\zip.dll

VM Arguments:
jvm_args: -Djava.awt.headless=true -Xmx1024M -Dfile.encoding=windows-1252 -Duser.country=BR -Duser.language=pt -Duser.variant 
java_command: com.android.dx.command.Main --dex --force-jumbo --num-threads=4 --multi-dex --output C:\Android\projects\dagonOpus\app\build\intermediates\transforms\dex\debug\folders\1000\10\com.android.support-support-v4-23.4.0_df9ad0fa8035757335e462ccee515eabbbf56213 C:\Android\projects\dagonOpus\app\build\intermediates\exploded-aar\com.android.support\support-v4\23.4.0\jars\classes.jar
java_class_path (initial): C:\Android\build-tools\23.0.3\lib\dx.jar
Launcher Type: SUN_STANDARD

Environment Variables:
JAVA_HOME=C:\Program Files\Java\jdk1.8.0_91
PATH=C:\ProgramData\Oracle\Java\javapath;C:\WINDOWS\system32;C:\WINDOWS;C:\WINDOWS\System32\Wbem;C:\WINDOWS\System32\WindowsPowerShell\v1.0\;C:\Program Files (x86)\Windows Kits\8.1\Windows Performance Toolkit\;C:\Program Files\Microsoft SQL Server\110\Tools\Binn\;C:\Program Files (x86)\Microsoft SDKs\TypeScript\1.0\;C:\Program Files\Microsoft SQL Server\120\Tools\Binn\;C:\Program Files\Microsoft SQL Server\Client SDK\ODBC\110\Tools\Binn\;C:\Program Files (x86)\Microsoft SQL Server\120\Tools\Binn\;C:\Program Files\Microsoft SQL Server\120\DTS\Binn\;C:\Program Files (x86)\Microsoft SQL Server\120\Tools\Binn\ManagementStudio\;C:\Program Files (x86)\Microsoft SQL Server\120\DTS\Binn\;C:\Users\Otávio Paulino\AppData\Local\Microsoft\WindowsApps;
USERNAME=Otávio Paulino
OS=Windows_NT
PROCESSOR_IDENTIFIER=Intel64 Family 6 Model 37 Stepping 2, GenuineIntel



---------------  S Y S T E M  ---------------

OS: Windows 10.0 , 64 bit Build 14393 (10.0.14393.0)

CPU:total 4 (2 cores per cpu, 2 threads per core) family 6 model 37 stepping 2, cmov, cx8, fxsr, mmx, sse, sse2, sse3, ssse3, sse4.1, sse4.2, popcnt, ht, tsc, tscinvbit

Memory: 4k page, physical 4643540k(733272k free), swap 4643540k(10260k free)

vm_info: Java HotSpot(TM) 64-Bit Server VM (25.91-b14) for windows-amd64 JRE (1.8.0_91-b14), built on Apr  1 2016 00:58:32 by "java_re" with MS VC++ 10.0 (VS2010)

time: Wed Sep 21 19:44:33 2016
elapsed time: 1 seconds (0d 0h 0m 1s)

