#
# There is insufficient memory for the Java Runtime Environment to continue.
# Native memory allocation (malloc) failed to allocate 1597936 bytes for Chunk::new
# Possible reasons:
#   The system is out of physical RAM or swap space
#   In 32 bit mode, the process size limit was hit
# Possible solutions:
#   Reduce memory load on the system
#   Increase physical memory or swap space
#   Check if swap backing store is full
#   Use 64 bit Java on a 64 bit OS
#   Decrease Java heap size (-Xmx/-Xms)
#   Decrease number of Java threads
#   Decrease Java thread stack sizes (-Xss)
#   Set larger code cache with -XX:ReservedCodeCacheSize=
# This output file may be truncated or incomplete.
#
#  Out of Memory Error (allocation.cpp:390), pid=7664, tid=7172
#
# JRE version: Java(TM) SE Runtime Environment (8.0_91-b14) (build 1.8.0_91-b14)
# Java VM: Java HotSpot(TM) 64-Bit Server VM (25.91-b14 mixed mode windows-amd64 compressed oops)
# Failed to write core dump. Minidumps are not enabled by default on client versions of Windows
#

---------------  T H R E A D  ---------------

Current thread (0x00000000152fc800):  JavaThread "C2 CompilerThread0" daemon [_thread_in_native, id=7172, stack(0x0000000016970000,0x0000000016a70000)]

Stack: [0x0000000016970000,0x0000000016a70000]
[error occurred during error reporting (printing stack bounds), id 0xc0000005]

Native frames: (J=compiled Java code, j=interpreted, Vv=VM code, C=native code)


Current CompileTask:
C2:   6393 1646   !   4       com.android.dx.cf.cst.ConstantPoolParser::parse0 (731 bytes)


---------------  P R O C E S S  ---------------

Java Threads: ( => current thread )
  0x0000000016ffa800 JavaThread "pool-1-thread-1" [_thread_new, id=3448, stack(0x0000000000000000,0x0000000000000000)]
  0x000000001530c000 JavaThread "Service Thread" daemon [_thread_blocked, id=4788, stack(0x0000000016c70000,0x0000000016d70000)]
  0x0000000015303000 JavaThread "C1 CompilerThread2" daemon [_thread_blocked, id=720, stack(0x0000000016b70000,0x0000000016c70000)]
  0x0000000015300000 JavaThread "C2 CompilerThread1" daemon [_thread_in_native, id=1348, stack(0x0000000016a70000,0x0000000016b70000)]
=>0x00000000152fc800 JavaThread "C2 CompilerThread0" daemon [_thread_in_native, id=7172, stack(0x0000000016970000,0x0000000016a70000)]
  0x00000000152fb000 JavaThread "Attach Listener" daemon [_thread_blocked, id=4320, stack(0x0000000016870000,0x0000000016970000)]
  0x00000000152fa000 JavaThread "Signal Dispatcher" daemon [_thread_blocked, id=3932, stack(0x0000000016770000,0x0000000016870000)]
  0x0000000002c24800 JavaThread "Finalizer" daemon [_thread_blocked, id=7260, stack(0x0000000016570000,0x0000000016670000)]
  0x0000000002c1f800 JavaThread "Reference Handler" daemon [_thread_blocked, id=7264, stack(0x0000000016470000,0x0000000016570000)]
  0x0000000002b32800 JavaThread "main" [_thread_blocked, id=8148, stack(0x00000000029e0000,0x0000000002ae0000)]

Other Threads:
  0x00000000152c7800 VMThread [stack: 0x0000000016370000,0x0000000016470000] [id=4720]
  0x0000000016da3800 WatcherThread [stack: 0x0000000017170000,0x0000000017270000] [id=5880]

VM state:not at safepoint (normal execution)

VM Mutex/Monitor currently owned by a thread: None

Heap:
 PSYoungGen      total 52736K, used 10966K [0x00000000eab00000, 0x00000000f1200000, 0x0000000100000000)
  eden space 49152K, 15% used [0x00000000eab00000,0x00000000eb239008,0x00000000edb00000)
  from space 3584K, 99% used [0x00000000edb00000,0x00000000ede7c980,0x00000000ede80000)
  to   space 3584K, 0% used [0x00000000f0e80000,0x00000000f0e80000,0x00000000f1200000)
 ParOldGen       total 64512K, used 12471K [0x00000000c0000000, 0x00000000c3f00000, 0x00000000eab00000)
  object space 64512K, 19% used [0x00000000c0000000,0x00000000c0c2dc20,0x00000000c3f00000)
 Metaspace       used 6243K, capacity 7092K, committed 7296K, reserved 1056768K
  class space    used 600K, capacity 620K, committed 640K, reserved 1048576K

Card table byte_map: [0x0000000011ff0000,0x0000000012200000] byte_map_base: 0x00000000119f0000

Marking Bits: (ParMarkBitMap*) 0x00000000659c2f70
 Begin Bits: [0x0000000012760000, 0x0000000013760000)
 End Bits:   [0x0000000013760000, 0x0000000014760000)

Polling page: 0x0000000001050000

CodeCache: size=245760Kb used=6796Kb max_used=6815Kb free=238963Kb
 bounds [0x0000000002c30000, 0x00000000032e0000, 0x0000000011c30000]
 total_blobs=1906 nmethods=1638 adapters=182
 compilation: enabled

Compilation events (10 events):
Event: 6.259 Thread 0x0000000015303000 1682       3       java.util.concurrent.locks.ReentrantLock::lock (8 bytes)
Event: 6.259 Thread 0x0000000015303000 nmethod 1682 0x00000000032a0350 code [0x00000000032a04c0, 0x00000000032a06e8]
Event: 6.260 Thread 0x0000000015303000 1683       3       java.util.concurrent.ThreadPoolExecutor::runStateOf (5 bytes)
Event: 6.260 Thread 0x0000000015300000 nmethod 1676 0x00000000032b3810 code [0x00000000032b39a0, 0x00000000032b3de8]
Event: 6.260 Thread 0x0000000015300000 1677       4       com.android.dx.ssa.SsaRenamer$BlockRenamer::<init> (72 bytes)
Event: 6.260 Thread 0x0000000015303000 nmethod 1683 0x00000000032b6290 code [0x00000000032b63e0, 0x00000000032b6510]
Event: 6.267 Thread 0x0000000015300000 nmethod 1677 0x00000000032b3050 code [0x00000000032b31c0, 0x00000000032b3578]
Event: 6.267 Thread 0x0000000015300000 1678       4       com.android.dx.dex.code.RopTranslator$LocalVariableAwareTranslationVisitor::visitPlainInsn (11 bytes)
Event: 6.371 Thread 0x0000000015300000 nmethod 1678 0x00000000032d9210 code [0x00000000032d94e0, 0x00000000032db320]
Event: 6.372 Thread 0x0000000015300000 1679       4       com.android.dx.dex.code.RopTranslator$TranslationVisitor::visitPlainInsn (161 bytes)

GC Heap History (6 events):
Event: 3.086 GC heap before
{Heap before GC invocations=1 (full 0):
 PSYoungGen      total 28160K, used 24576K [0x00000000eab00000, 0x00000000eca00000, 0x0000000100000000)
  eden space 24576K, 100% used [0x00000000eab00000,0x00000000ec300000,0x00000000ec300000)
  from space 3584K, 0% used [0x00000000ec680000,0x00000000ec680000,0x00000000eca00000)
  to   space 3584K, 0% used [0x00000000ec300000,0x00000000ec300000,0x00000000ec680000)
 ParOldGen       total 64512K, used 0K [0x00000000c0000000, 0x00000000c3f00000, 0x00000000eab00000)
  object space 64512K, 0% used [0x00000000c0000000,0x00000000c0000000,0x00000000c3f00000)
 Metaspace       used 5939K, capacity 6834K, committed 7040K, reserved 1056768K
  class space    used 597K, capacity 618K, committed 640K, reserved 1048576K
Event: 3.128 GC heap after
Heap after GC invocations=1 (full 0):
 PSYoungGen      total 28160K, used 3578K [0x00000000eab00000, 0x00000000ee200000, 0x0000000100000000)
  eden space 24576K, 0% used [0x00000000eab00000,0x00000000eab00000,0x00000000ec300000)
  from space 3584K, 99% used [0x00000000ec300000,0x00000000ec67eab8,0x00000000ec680000)
  to   space 3584K, 0% used [0x00000000ede80000,0x00000000ede80000,0x00000000ee200000)
 ParOldGen       total 64512K, used 2213K [0x00000000c0000000, 0x00000000c3f00000, 0x00000000eab00000)
  object space 64512K, 3% used [0x00000000c0000000,0x00000000c02296b8,0x00000000c3f00000)
 Metaspace       used 5939K, capacity 6834K, committed 7040K, reserved 1056768K
  class space    used 597K, capacity 618K, committed 640K, reserved 1048576K
}
Event: 4.022 GC heap before
{Heap before GC invocations=2 (full 0):
 PSYoungGen      total 28160K, used 28154K [0x00000000eab00000, 0x00000000ee200000, 0x0000000100000000)
  eden space 24576K, 100% used [0x00000000eab00000,0x00000000ec300000,0x00000000ec300000)
  from space 3584K, 99% used [0x00000000ec300000,0x00000000ec67eab8,0x00000000ec680000)
  to   space 3584K, 0% used [0x00000000ede80000,0x00000000ede80000,0x00000000ee200000)
 ParOldGen       total 64512K, used 2213K [0x00000000c0000000, 0x00000000c3f00000, 0x00000000eab00000)
  object space 64512K, 3% used [0x00000000c0000000,0x00000000c02296b8,0x00000000c3f00000)
 Metaspace       used 6151K, capacity 7026K, committed 7296K, reserved 1056768K
  class space    used 597K, capacity 618K, committed 640K, reserved 1048576K
Event: 4.266 GC heap after
Heap after GC invocations=2 (full 0):
 PSYoungGen      total 52736K, used 3573K [0x00000000eab00000, 0x00000000ee200000, 0x0000000100000000)
  eden space 49152K, 0% used [0x00000000eab00000,0x00000000eab00000,0x00000000edb00000)
  from space 3584K, 99% used [0x00000000ede80000,0x00000000ee1fd678,0x00000000ee200000)
  to   space 3584K, 0% used [0x00000000edb00000,0x00000000edb00000,0x00000000ede80000)
 ParOldGen       total 64512K, used 5833K [0x00000000c0000000, 0x00000000c3f00000, 0x00000000eab00000)
  object space 64512K, 9% used [0x00000000c0000000,0x00000000c05b2718,0x00000000c3f00000)
 Metaspace       used 6151K, capacity 7026K, committed 7296K, reserved 1056768K
  class space    used 597K, capacity 618K, committed 640K, reserved 1048576K
}
Event: 5.480 GC heap before
{Heap before GC invocations=3 (full 0):
 PSYoungGen      total 52736K, used 52725K [0x00000000eab00000, 0x00000000ee200000, 0x0000000100000000)
  eden space 49152K, 100% used [0x00000000eab00000,0x00000000edb00000,0x00000000edb00000)
  from space 3584K, 99% used [0x00000000ede80000,0x00000000ee1fd678,0x00000000ee200000)
  to   space 3584K, 0% used [0x00000000edb00000,0x00000000edb00000,0x00000000ede80000)
 ParOldGen       total 64512K, used 5833K [0x00000000c0000000, 0x00000000c3f00000, 0x00000000eab00000)
  object space 64512K, 9% used [0x00000000c0000000,0x00000000c05b2718,0x00000000c3f00000)
 Metaspace       used 6196K, capacity 7090K, committed 7296K, reserved 1056768K
  class space    used 597K, capacity 618K, committed 640K, reserved 1048576K
Event: 5.516 GC heap after
Heap after GC invocations=3 (full 0):
 PSYoungGen      total 52736K, used 3570K [0x00000000eab00000, 0x00000000f1200000, 0x0000000100000000)
  eden space 49152K, 0% used [0x00000000eab00000,0x00000000eab00000,0x00000000edb00000)
  from space 3584K, 99% used [0x00000000edb00000,0x00000000ede7c980,0x00000000ede80000)
  to   space 3584K, 0% used [0x00000000f0e80000,0x00000000f0e80000,0x00000000f1200000)
 ParOldGen       total 64512K, used 12471K [0x00000000c0000000, 0x00000000c3f00000, 0x00000000eab00000)
  object space 64512K, 19% used [0x00000000c0000000,0x00000000c0c2dc20,0x00000000c3f00000)
 Metaspace       used 6196K, capacity 7090K, committed 7296K, reserved 1056768K
  class space    used 597K, capacity 618K, committed 640K, reserved 1048576K
}

Deoptimization events (10 events):
Event: 3.225 Thread 0x0000000016fce000 Uncommon trap: reason=unstable_if action=reinterpret pc=0x000000000302c27c method=com.android.dx.rop.code.RegisterSpecSet.put(Lcom/android/dx/rop/code/RegisterSpec;)V @ 77
Event: 3.781 Thread 0x0000000016ff9800 Uncommon trap: reason=bimorphic action=maybe_recompile pc=0x00000000031329e4 method=java.util.HashMap.getNode(ILjava/lang/Object;)Ljava/util/HashMap$Node; @ 126
Event: 3.782 Thread 0x0000000016ff9800 Uncommon trap: reason=bimorphic action=maybe_recompile pc=0x00000000031329e4 method=java.util.HashMap.getNode(ILjava/lang/Object;)Ljava/util/HashMap$Node; @ 126
Event: 3.825 Thread 0x0000000002b32800 Uncommon trap: reason=unstable_if action=reinterpret pc=0x000000000312e654 method=com.android.dx.rop.type.Type.isReference()Z @ 6
Event: 4.309 Thread 0x0000000016fcc800 Uncommon trap: reason=unstable_if action=reinterpret pc=0x0000000002f8e84c method=com.android.dx.rop.code.RegisterSpec.equals(ILcom/android/dx/rop/type/TypeBearer;Lcom/android/dx/rop/code/LocalItem;)Z @ 16
Event: 4.959 Thread 0x0000000002b32800 Uncommon trap: reason=unstable_if action=reinterpret pc=0x00000000030761dc method=com.android.dx.ssa.SsaMethod.updateOneDefinition(Lcom/android/dx/ssa/SsaInsn;Lcom/android/dx/rop/code/RegisterSpec;)V @ 4
Event: 5.253 Thread 0x0000000002b32800 Uncommon trap: reason=unstable_if action=reinterpret pc=0x000000000307acfc method=com.android.dx.util.IntList.binarysearch(I)I @ 105
Event: 5.254 Thread 0x0000000002b32800 Uncommon trap: reason=null_check action=make_not_entrant pc=0x000000000313d3a0 method=com.android.dx.rop.type.Type.equals(Ljava/lang/Object;)Z @ 8
Event: 5.322 Thread 0x0000000016fce800 Uncommon trap: reason=bimorphic action=maybe_recompile pc=0x000000000314ef50 method=com.android.dx.cf.code.OneLocalsArray.set(ILcom/android/dx/rop/type/TypeBearer;)V @ 85
Event: 5.322 Thread 0x0000000016fce800 Uncommon trap: reason=class_check action=maybe_recompile pc=0x00000000031b6dac method=com.android.dx.ssa.SCCP.simulateBranch(Lcom/android/dx/ssa/SsaInsn;)V @ 145

Internal exceptions (3 events):
Event: 0.206 Thread 0x0000000002b32800 Exception <a 'java/lang/NoSuchMethodError': Method sun.misc.Unsafe.defineClass(Ljava/lang/String;[BII)Ljava/lang/Class; name or signature does not match> (0x00000000eab07cc0) thrown at [C:\re\workspace\8-2-build-windows-amd64-cygwin\jdk8u91\6644\hotspot\srIoŸQbÊ?
Event: 0.206 Thread 0x0000000002b32800 Exception <a 'java/lang/NoSuchMethodError': Method sun.misc.Unsafe.prefetchRead(Ljava/lang/Object;J)V name or signature does not match> (0x00000000eab07fa8) thrown at [C:\re\workspace\8-2-build-windows-amd64-cygwin\jdk8u91\6644\hotspot\src\share\vm\prims\jí8¶ º@
Event: 5.254 Thread 0x0000000002b32800 Implicit null exception at 0x000000000313d2a2 to 0x000000000313d392

Events (10 events):
Event: 5.918 loading class java/util/HashMap$KeyIterator
Event: 5.918 loading class java/util/HashMap$KeyIterator done
Event: 5.919 Thread 0x0000000016fce000 Thread exited: 0x0000000016fce000
Event: 5.919 Thread 0x0000000016fce800 Thread exited: 0x0000000016fce800
Event: 5.919 Thread 0x0000000016fcc800 Thread exited: 0x0000000016fcc800
Event: 6.260 Thread 0x0000000016ffa800 Thread exited: 0x0000000016ffa800
Event: 6.260 loading class com/android/dx/command/dexer/Main$DexWriter
Event: 6.260 loading class com/android/dx/command/dexer/Main$DexWriter done
Event: 6.261 Thread 0x0000000016ffa800 Thread added: 0x0000000016ffa800
Event: 6.261 Thread 0x0000000016ff9800 Thread exited: 0x0000000016ff9800


Dynamic libraries:
0x00007ff748ad0000 - 0x00007ff748b07000 	C:\Program Files\Java\jdk1.8.0_91\bin\java.exe
0x00007ffae4140000 - 0x00007ffae4311000 	C:\WINDOWS\SYSTEM32\ntdll.dll
0x00007ffae1790000 - 0x00007ffae183b000 	C:\WINDOWS\System32\KERNEL32.DLL
0x00007ffae14b0000 - 0x00007ffae16cd000 	C:\WINDOWS\System32\KERNELBASE.dll
0x00007ffae1a20000 - 0x00007ffae1ac2000 	C:\WINDOWS\System32\ADVAPI32.dll
0x00007ffae3790000 - 0x00007ffae382e000 	C:\WINDOWS\System32\msvcrt.dll
0x00007ffae34e0000 - 0x00007ffae3539000 	C:\WINDOWS\System32\sechost.dll
0x00007ffae2fe0000 - 0x00007ffae3101000 	C:\WINDOWS\System32\RPCRT4.dll
0x00007ffae3610000 - 0x00007ffae3775000 	C:\WINDOWS\System32\USER32.dll
0x00007ffae11b0000 - 0x00007ffae11ce000 	C:\WINDOWS\System32\win32u.dll
0x00007ffae3540000 - 0x00007ffae3574000 	C:\WINDOWS\System32\GDI32.dll
0x00007ffae1280000 - 0x00007ffae1402000 	C:\WINDOWS\System32\gdi32full.dll
0x00007ffad6e20000 - 0x00007ffad7099000 	C:\WINDOWS\WinSxS\amd64_microsoft.windows.common-controls_6595b64144ccf1df_6.0.14393.0_none_2d0f50fcbdb171b8\COMCTL32.dll
0x00007ffae3210000 - 0x00007ffae34d7000 	C:\WINDOWS\System32\combase.dll
0x00007ffae0e80000 - 0x00007ffae0f75000 	C:\WINDOWS\System32\ucrtbase.dll
0x00007ffae0e10000 - 0x00007ffae0e7a000 	C:\WINDOWS\System32\bcryptPrimitives.dll
0x00007ffae3580000 - 0x00007ffae35ae000 	C:\WINDOWS\System32\IMM32.DLL
0x0000000065ca0000 - 0x0000000065d72000 	C:\Program Files\Java\jdk1.8.0_91\jre\bin\msvcr100.dll
0x00000000651b0000 - 0x0000000065a43000 	C:\Program Files\Java\jdk1.8.0_91\jre\bin\server\jvm.dll
0x00007ffae4090000 - 0x00007ffae4098000 	C:\WINDOWS\System32\PSAPI.DLL
0x00007ffadd5b0000 - 0x00007ffadd5b9000 	C:\WINDOWS\SYSTEM32\WSOCK32.dll
0x00007ffae39d0000 - 0x00007ffae3a3a000 	C:\WINDOWS\System32\WS2_32.dll
0x00007ffad8150000 - 0x00007ffad8173000 	C:\WINDOWS\SYSTEM32\WINMM.dll
0x00007ffade4d0000 - 0x00007ffade4da000 	C:\WINDOWS\SYSTEM32\VERSION.dll
0x00007ffad70e0000 - 0x00007ffad710b000 	C:\WINDOWS\SYSTEM32\WINMMBASE.dll
0x00007ffae0dc0000 - 0x00007ffae0e02000 	C:\WINDOWS\System32\cfgmgr32.dll
0x00000000651a0000 - 0x00000000651af000 	C:\Program Files\Java\jdk1.8.0_91\jre\bin\verify.dll
0x0000000065170000 - 0x0000000065199000 	C:\Program Files\Java\jdk1.8.0_91\jre\bin\java.dll
0x0000000065150000 - 0x0000000065166000 	C:\Program Files\Java\jdk1.8.0_91\jre\bin\zip.dll
0x00007ffae1ad0000 - 0x00007ffae2fd8000 	C:\WINDOWS\System32\SHELL32.dll
0x00007ffae06e0000 - 0x00007ffae0dba000 	C:\WINDOWS\System32\windows.storage.dll
0x00007ffae05c0000 - 0x00007ffae060c000 	C:\WINDOWS\System32\powrprof.dll
0x00007ffae35b0000 - 0x00007ffae3602000 	C:\WINDOWS\System32\shlwapi.dll
0x00007ffae0610000 - 0x00007ffae061f000 	C:\WINDOWS\System32\kernel.appcore.dll
0x00007ffae11d0000 - 0x00007ffae1279000 	C:\WINDOWS\System32\shcore.dll
0x00007ffae05a0000 - 0x00007ffae05b4000 	C:\WINDOWS\System32\profapi.dll

VM Arguments:
jvm_args: -Djava.awt.headless=true -Xmx1024M -Dfile.encoding=windows-1252 -Duser.country=BR -Duser.language=pt -Duser.variant 
java_command: com.android.dx.command.Main --dex --force-jumbo --num-threads=4 --multi-dex --output C:\Android\projects\dagonOpus\app\build\intermediates\transforms\dex\debug\folders\1000\10\com.google.android.gms-play-services-plus-8.1.0_ca30ccd75e2cce008409a72e9133cf002880a4aa C:\Android\projects\dagonOpus\app\build\intermediates\exploded-aar\com.google.android.gms\play-services-plus\8.1.0\jars\classes.jar
java_class_path (initial): C:\Android\build-tools\23.0.3\lib\dx.jar
Launcher Type: SUN_STANDARD

Environment Variables:
JAVA_HOME=C:\Program Files\Java\jdk1.8.0_91
PATH=C:\ProgramData\Oracle\Java\javapath;C:\WINDOWS\system32;C:\WINDOWS;C:\WINDOWS\System32\Wbem;C:\WINDOWS\System32\WindowsPowerShell\v1.0\;C:\Program Files (x86)\Windows Kits\8.1\Windows Performance Toolkit\;C:\Program Files\Microsoft SQL Server\110\Tools\Binn\;C:\Program Files (x86)\Microsoft SDKs\TypeScript\1.0\;C:\Program Files\Microsoft SQL Server\120\Tools\Binn\;C:\Program Files\Microsoft SQL Server\Client SDK\ODBC\110\Tools\Binn\;C:\Program Files (x86)\Microsoft SQL Server\120\Tools\Binn\;C:\Program Files\Microsoft SQL Server\120\DTS\Binn\;C:\Program Files (x86)\Microsoft SQL Server\120\Tools\Binn\ManagementStudio\;C:\Program Files (x86)\Microsoft SQL Server\120\DTS\Binn\;C:\Users\Otávio Paulino\AppData\Local\Microsoft\WindowsApps;
USERNAME=Otávio Paulino
OS=Windows_NT
PROCESSOR_IDENTIFIER=Intel64 Family 6 Model 37 Stepping 2, GenuineIntel



---------------  S Y S T E M  ---------------

OS: Windows 10.0 , 64 bit Build 14393 (10.0.14393.0)

CPU:total 4 (2 cores per cpu, 2 threads per core) family 6 model 37 stepping 2, cmov, cx8, fxsr, mmx, sse, sse2, sse3, ssse3, sse4.1, sse4.2, popcnt, ht, tsc, tscinvbit

Memory: 4k page, physical 6150868k(844280k free), swap 6150868k(5912k free)

vm_info: Java HotSpot(TM) 64-Bit Server VM (25.91-b14) for windows-amd64 JRE (1.8.0_91-b14), built on Apr  1 2016 00:58:32 by "java_re" with MS VC++ 10.0 (VS2010)

time: Wed Sep 21 04:00:35 2016
elapsed time: 6 seconds (0d 0h 0m 6s)

