#
# There is insufficient memory for the Java Runtime Environment to continue.
# Native memory allocation (malloc) failed to allocate 928160 bytes for Chunk::new
# Possible reasons:
#   The system is out of physical RAM or swap space
#   In 32 bit mode, the process size limit was hit
# Possible solutions:
#   Reduce memory load on the system
#   Increase physical memory or swap space
#   Check if swap backing store is full
#   Use 64 bit Java on a 64 bit OS
#   Decrease Java heap size (-Xmx/-Xms)
#   Decrease number of Java threads
#   Decrease Java thread stack sizes (-Xss)
#   Set larger code cache with -XX:ReservedCodeCacheSize=
# This output file may be truncated or incomplete.
#
#  Out of Memory Error (allocation.cpp:390), pid=1424, tid=4860
#
# JRE version: Java(TM) SE Runtime Environment (8.0_91-b14) (build 1.8.0_91-b14)
# Java VM: Java HotSpot(TM) 64-Bit Server VM (25.91-b14 mixed mode windows-amd64 compressed oops)
# Failed to write core dump. Minidumps are not enabled by default on client versions of Windows
#

---------------  T H R E A D  ---------------

Current thread (0x0000000014d9c800):  JavaThread "C2 CompilerThread0" daemon [_thread_in_native, id=4860, stack(0x00000000163f0000,0x00000000164f0000)]

Stack: [0x00000000163f0000,0x00000000164f0000]
[error occurred during error reporting (printing stack bounds), id 0xc0000005]

Native frames: (J=compiled Java code, j=interpreted, Vv=VM code, C=native code)


Current CompileTask:
C2:   9661 1419   !   4       com.android.dx.cf.code.BytecodeArray::parseInstruction (2764 bytes)


---------------  P R O C E S S  ---------------

Java Threads: ( => current thread )
  0x000000001686e000 JavaThread "pool-2-thread-4" [_thread_in_vm, id=1556, stack(0x00000000170f0000,0x00000000171f0000)]
  0x000000001686d000 JavaThread "pool-2-thread-3" [_thread_in_vm, id=5948, stack(0x0000000016ff0000,0x00000000170f0000)]
  0x000000001686a800 JavaThread "pool-2-thread-2" [_thread_in_vm, id=6976, stack(0x0000000016ef0000,0x0000000016ff0000)]
  0x0000000016868000 JavaThread "pool-3-thread-1" [_thread_blocked, id=6100, stack(0x0000000016df0000,0x0000000016ef0000)]
  0x0000000016846800 JavaThread "pool-2-thread-1" [_thread_in_vm, id=2808, stack(0x0000000016cf0000,0x0000000016df0000)]
  0x0000000016605800 JavaThread "Service Thread" daemon [_thread_blocked, id=4292, stack(0x0000000016af0000,0x0000000016bf0000)]
  0x00000000165f8800 JavaThread "C1 CompilerThread2" daemon [_thread_blocked, id=2920, stack(0x00000000169f0000,0x0000000016af0000)]
  0x0000000014da0000 JavaThread "C2 CompilerThread1" daemon [_thread_in_native, id=1692, stack(0x00000000164f0000,0x00000000165f0000)]
=>0x0000000014d9c800 JavaThread "C2 CompilerThread0" daemon [_thread_in_native, id=4860, stack(0x00000000163f0000,0x00000000164f0000)]
  0x0000000014d9b000 JavaThread "Attach Listener" daemon [_thread_blocked, id=216, stack(0x00000000162f0000,0x00000000163f0000)]
  0x0000000014d99800 JavaThread "Signal Dispatcher" daemon [_thread_blocked, id=7032, stack(0x00000000161f0000,0x00000000162f0000)]
  0x00000000026c4800 JavaThread "Finalizer" daemon [_thread_blocked, id=5404, stack(0x0000000015ff0000,0x00000000160f0000)]
  0x00000000026bf800 JavaThread "Reference Handler" daemon [_thread_blocked, id=2360, stack(0x0000000015ef0000,0x0000000015ff0000)]
  0x00000000025d2800 JavaThread "main" [_thread_in_vm, id=5296, stack(0x0000000002490000,0x0000000002590000)]

Other Threads:
  0x0000000014d67800 VMThread [stack: 0x0000000015df0000,0x0000000015ef0000] [id=8044]
  0x0000000016609800 WatcherThread [stack: 0x0000000016bf0000,0x0000000016cf0000] [id=6332]

VM state:synchronizing (normal execution)

VM Mutex/Monitor currently owned by a thread:  ([mutex/lock_event])
[0x00000000025cc590] Threads_lock - owner thread: 0x0000000014d67800

Heap:
 PSYoungGen      total 28160K, used 26238K [0x00000000eab00000, 0x00000000ee200000, 0x0000000100000000)
  eden space 24576K, 92% used [0x00000000eab00000,0x00000000ec125f38,0x00000000ec300000)
  from space 3584K, 99% used [0x00000000ec300000,0x00000000ec679ca8,0x00000000ec680000)
  to   space 3584K, 0% used [0x00000000ede80000,0x00000000ede80000,0x00000000ee200000)
 ParOldGen       total 64512K, used 1520K [0x00000000c0000000, 0x00000000c3f00000, 0x00000000eab00000)
  object space 64512K, 2% used [0x00000000c0000000,0x00000000c017c3b0,0x00000000c3f00000)
 Metaspace       used 6152K, capacity 7026K, committed 7296K, reserved 1056768K
  class space    used 599K, capacity 618K, committed 640K, reserved 1048576K

Card table byte_map: [0x0000000011a90000,0x0000000011ca0000] byte_map_base: 0x0000000011490000

Marking Bits: (ParMarkBitMap*) 0x00000000659c2f70
 Begin Bits: [0x0000000012200000, 0x0000000013200000)
 End Bits:   [0x0000000013200000, 0x0000000014200000)

Polling page: 0x0000000000950000

CodeCache: size=245760Kb used=6001Kb max_used=6007Kb free=239758Kb
 bounds [0x00000000026d0000, 0x0000000002cc0000, 0x00000000116d0000]
 total_blobs=1731 nmethods=1463 adapters=182
 compilation: enabled

Compilation events (10 events):
Event: 8.949 Thread 0x00000000165f8800 1469       3       java.util.Collections$UnmodifiableList::get (11 bytes)
Event: 8.950 Thread 0x00000000165f8800 nmethod 1469 0x0000000002ca4790 code [0x0000000002ca4900, 0x0000000002ca4b28]
Event: 8.951 Thread 0x00000000165f8800 1470       3       com.android.dx.ssa.back.FirstFitLocalCombiningAllocator::processPhiInsn (255 bytes)
Event: 8.955 Thread 0x00000000165f8800 nmethod 1470 0x0000000002cad490 code [0x0000000002cad880, 0x0000000002cafd38]
Event: 8.960 Thread 0x00000000165f8800 1472       3       java.util.HashMap$HashIterator::nextNode (100 bytes)
Event: 8.961 Thread 0x00000000165f8800 nmethod 1472 0x0000000002ca5e10 code [0x0000000002ca5fc0, 0x0000000002ca6498]
Event: 8.964 Thread 0x00000000165f8800 1473       3       java.util.concurrent.locks.ReentrantLock$FairSync::tryAcquire (74 bytes)
Event: 8.965 Thread 0x00000000165f8800 nmethod 1473 0x0000000002ca51d0 code [0x0000000002ca5380, 0x0000000002ca5bb8]
Event: 8.968 Thread 0x0000000014da0000 nmethod 1343 0x0000000002cb1550 code [0x0000000002cb1840, 0x0000000002cb22f8]
Event: 8.968 Thread 0x0000000014da0000 1460   !   4       com.android.dx.cf.cst.ConstantPoolParser::parse0 (731 bytes)

GC Heap History (2 events):
Event: 7.477 GC heap before
{Heap before GC invocations=1 (full 0):
 PSYoungGen      total 28160K, used 24576K [0x00000000eab00000, 0x00000000eca00000, 0x0000000100000000)
  eden space 24576K, 100% used [0x00000000eab00000,0x00000000ec300000,0x00000000ec300000)
  from space 3584K, 0% used [0x00000000ec680000,0x00000000ec680000,0x00000000eca00000)
  to   space 3584K, 0% used [0x00000000ec300000,0x00000000ec300000,0x00000000ec680000)
 ParOldGen       total 64512K, used 0K [0x00000000c0000000, 0x00000000c3f00000, 0x00000000eab00000)
  object space 64512K, 0% used [0x00000000c0000000,0x00000000c0000000,0x00000000c3f00000)
 Metaspace       used 5967K, capacity 6896K, committed 7040K, reserved 1056768K
  class space    used 596K, capacity 616K, committed 640K, reserved 1048576K
Event: 7.565 GC heap after
Heap after GC invocations=1 (full 0):
 PSYoungGen      total 28160K, used 3559K [0x00000000eab00000, 0x00000000ee200000, 0x0000000100000000)
  eden space 24576K, 0% used [0x00000000eab00000,0x00000000eab00000,0x00000000ec300000)
  from space 3584K, 99% used [0x00000000ec300000,0x00000000ec679ca8,0x00000000ec680000)
  to   space 3584K, 0% used [0x00000000ede80000,0x00000000ede80000,0x00000000ee200000)
 ParOldGen       total 64512K, used 1520K [0x00000000c0000000, 0x00000000c3f00000, 0x00000000eab00000)
  object space 64512K, 2% used [0x00000000c0000000,0x00000000c017c3b0,0x00000000c3f00000)
 Metaspace       used 5967K, capacity 6896K, committed 7040K, reserved 1056768K
  class space    used 596K, capacity 616K, committed 640K, reserved 1048576K
}

Deoptimization events (8 events):
Event: 7.244 Thread 0x000000001686a800 Uncommon trap: reason=bimorphic action=maybe_recompile pc=0x000000000292e75c method=java.util.HashMap.getNode(ILjava/lang/Object;)Ljava/util/HashMap$Node; @ 126
Event: 7.592 Thread 0x0000000016846800 Uncommon trap: reason=unloaded action=reinterpret pc=0x0000000002a00e08 method=com.android.dx.ssa.SsaRenamer$BlockRenamer.visitMoveInsn(Lcom/android/dx/ssa/NormalSsaInsn;)V @ 208
Event: 7.592 Thread 0x0000000016846800 Uncommon trap: reason=unstable_if action=reinterpret pc=0x0000000002a8c3d0 method=com.android.dx.ssa.NormalSsaInsn.getLocalAssignment()Lcom/android/dx/rop/code/RegisterSpec; @ 12
Event: 7.593 Thread 0x0000000016846800 Uncommon trap: reason=unstable_if action=reinterpret pc=0x0000000002a498e8 method=com.android.dx.ssa.NormalSsaInsn.getLocalAssignment()Lcom/android/dx/rop/code/RegisterSpec; @ 12
Event: 7.593 Thread 0x0000000016846800 Uncommon trap: reason=unstable_if action=reinterpret pc=0x00000000029f92b0 method=com.android.dx.ssa.NormalSsaInsn.getLocalAssignment()Lcom/android/dx/rop/code/RegisterSpec; @ 12
Event: 7.630 Thread 0x000000001686e000 Uncommon trap: reason=bimorphic action=maybe_recompile pc=0x000000000292e75c method=java.util.HashMap.getNode(ILjava/lang/Object;)Ljava/util/HashMap$Node; @ 126
Event: 7.652 Thread 0x000000001686a800 Uncommon trap: reason=bimorphic action=maybe_recompile pc=0x0000000002986550 method=java.util.HashMap.getNode(ILjava/lang/Object;)Ljava/util/HashMap$Node; @ 126
Event: 7.845 Thread 0x0000000016846800 Uncommon trap: reason=unstable_if action=reinterpret pc=0x0000000002ac0fb8 method=com.android.dx.cf.code.Ropper.labelToResultIndex(I)I @ 34

Internal exceptions (2 events):
Event: 1.132 Thread 0x00000000025d2800 Exception <a 'java/lang/NoSuchMethodError': Method sun.misc.Unsafe.defineClass(Ljava/lang/String;[BII)Ljava/lang/Class; name or signature does not match> (0x00000000eab07cc0) thrown at [C:\re\workspace\8-2-build-windows-amd64-cygwin\jdk8u91\6644\hotspot\sr^s„ﬂ£Ú?
Event: 1.132 Thread 0x00000000025d2800 Exception <a 'java/lang/NoSuchMethodError': Method sun.misc.Unsafe.prefetchRead(Ljava/lang/Object;J)V name or signature does not match> (0x00000000eab07fa8) thrown at [C:\re\workspace\8-2-build-windows-amd64-cygwin\jdk8u91\6644\hotspot\src\share\vm\prims\j

Events (10 events):
Event: 8.565 loading class java/util/HashMap$Values
Event: 8.586 loading class java/util/HashMap$Values done
Event: 8.586 loading class java/util/HashMap$ValueIterator
Event: 8.586 loading class java/util/HashMap$ValueIterator done
Event: 8.616 Thread 0x000000001686e000 DEOPT PACKING pc=0x0000000002a389ad sp=0x00000000171ee6f0
Event: 8.616 Thread 0x000000001686e000 DEOPT UNPACKING pc=0x000000000271747f sp=0x00000000171ee488 mode 0
Event: 8.787 Thread 0x000000001686a800 DEOPT PACKING pc=0x0000000002a389ad sp=0x0000000016feea30
Event: 8.787 Thread 0x000000001686a800 DEOPT UNPACKING pc=0x000000000271747f sp=0x0000000016fee7c8 mode 0
Event: 8.912 Thread 0x0000000016846800 DEOPT PACKING pc=0x0000000002a389ad sp=0x0000000016dee750
Event: 8.912 Thread 0x0000000016846800 DEOPT UNPACKING pc=0x000000000271747f sp=0x0000000016dee4e8 mode 0


Dynamic libraries:
0x00007ff748ad0000 - 0x00007ff748b07000 	C:\Program Files\Java\jdk1.8.0_91\bin\java.exe
0x00007ffae4140000 - 0x00007ffae4311000 	C:\WINDOWS\SYSTEM32\ntdll.dll
0x00007ffae1790000 - 0x00007ffae183b000 	C:\WINDOWS\System32\KERNEL32.DLL
0x00007ffae14b0000 - 0x00007ffae16cd000 	C:\WINDOWS\System32\KERNELBASE.dll
0x00007ffae1a20000 - 0x00007ffae1ac2000 	C:\WINDOWS\System32\ADVAPI32.dll
0x00007ffae3790000 - 0x00007ffae382e000 	C:\WINDOWS\System32\msvcrt.dll
0x00007ffae34e0000 - 0x00007ffae3539000 	C:\WINDOWS\System32\sechost.dll
0x00007ffae2fe0000 - 0x00007ffae3101000 	C:\WINDOWS\System32\RPCRT4.dll
0x00007ffae3610000 - 0x00007ffae3775000 	C:\WINDOWS\System32\USER32.dll
0x00007ffae11b0000 - 0x00007ffae11ce000 	C:\WINDOWS\System32\win32u.dll
0x00007ffae3540000 - 0x00007ffae3574000 	C:\WINDOWS\System32\GDI32.dll
0x00007ffae1280000 - 0x00007ffae1402000 	C:\WINDOWS\System32\gdi32full.dll
0x00007ffad6e20000 - 0x00007ffad7099000 	C:\WINDOWS\WinSxS\amd64_microsoft.windows.common-controls_6595b64144ccf1df_6.0.14393.0_none_2d0f50fcbdb171b8\COMCTL32.dll
0x00007ffae3210000 - 0x00007ffae34d7000 	C:\WINDOWS\System32\combase.dll
0x00007ffae0e80000 - 0x00007ffae0f75000 	C:\WINDOWS\System32\ucrtbase.dll
0x00007ffae0e10000 - 0x00007ffae0e7a000 	C:\WINDOWS\System32\bcryptPrimitives.dll
0x00007ffae3580000 - 0x00007ffae35ae000 	C:\WINDOWS\System32\IMM32.DLL
0x0000000065ca0000 - 0x0000000065d72000 	C:\Program Files\Java\jdk1.8.0_91\jre\bin\msvcr100.dll
0x00000000651b0000 - 0x0000000065a43000 	C:\Program Files\Java\jdk1.8.0_91\jre\bin\server\jvm.dll
0x00007ffae4090000 - 0x00007ffae4098000 	C:\WINDOWS\System32\PSAPI.DLL
0x00007ffadd5b0000 - 0x00007ffadd5b9000 	C:\WINDOWS\SYSTEM32\WSOCK32.dll
0x00007ffae39d0000 - 0x00007ffae3a3a000 	C:\WINDOWS\System32\WS2_32.dll
0x00007ffad8150000 - 0x00007ffad8173000 	C:\WINDOWS\SYSTEM32\WINMM.dll
0x00007ffade4d0000 - 0x00007ffade4da000 	C:\WINDOWS\SYSTEM32\VERSION.dll
0x00007ffad70e0000 - 0x00007ffad710b000 	C:\WINDOWS\SYSTEM32\WINMMBASE.dll
0x00007ffae0dc0000 - 0x00007ffae0e02000 	C:\WINDOWS\System32\cfgmgr32.dll
0x00000000651a0000 - 0x00000000651af000 	C:\Program Files\Java\jdk1.8.0_91\jre\bin\verify.dll
0x0000000065170000 - 0x0000000065199000 	C:\Program Files\Java\jdk1.8.0_91\jre\bin\java.dll
0x0000000065150000 - 0x0000000065166000 	C:\Program Files\Java\jdk1.8.0_91\jre\bin\zip.dll
0x00007ffae1ad0000 - 0x00007ffae2fd8000 	C:\WINDOWS\System32\SHELL32.dll
0x00007ffae06e0000 - 0x00007ffae0dba000 	C:\WINDOWS\System32\windows.storage.dll
0x00007ffae05c0000 - 0x00007ffae060c000 	C:\WINDOWS\System32\powrprof.dll
0x00007ffae35b0000 - 0x00007ffae3602000 	C:\WINDOWS\System32\shlwapi.dll
0x00007ffae0610000 - 0x00007ffae061f000 	C:\WINDOWS\System32\kernel.appcore.dll
0x00007ffae11d0000 - 0x00007ffae1279000 	C:\WINDOWS\System32\shcore.dll
0x00007ffae05a0000 - 0x00007ffae05b4000 	C:\WINDOWS\System32\profapi.dll

VM Arguments:
jvm_args: -Djava.awt.headless=true -Xmx1024M -Dfile.encoding=windows-1252 -Duser.country=BR -Duser.language=pt -Duser.variant 
java_command: com.android.dx.command.Main --dex --force-jumbo --num-threads=4 --multi-dex --output C:\Android\projects\dagonOpus\app\build\intermediates\transforms\dex\debug\folders\1000\10\com.google.android.gms-play-services-location-8.1.0_823be78fa4da8bba3f3ed7d190870bdb48fefddb C:\Android\projects\dagonOpus\app\build\intermediates\exploded-aar\com.google.android.gms\play-services-location\8.1.0\jars\classes.jar
java_class_path (initial): C:\Android\build-tools\23.0.3\lib\dx.jar
Launcher Type: SUN_STANDARD

Environment Variables:
JAVA_HOME=C:\Program Files\Java\jdk1.8.0_91
PATH=C:\ProgramData\Oracle\Java\javapath;C:\WINDOWS\system32;C:\WINDOWS;C:\WINDOWS\System32\Wbem;C:\WINDOWS\System32\WindowsPowerShell\v1.0\;C:\Program Files (x86)\Windows Kits\8.1\Windows Performance Toolkit\;C:\Program Files\Microsoft SQL Server\110\Tools\Binn\;C:\Program Files (x86)\Microsoft SDKs\TypeScript\1.0\;C:\Program Files\Microsoft SQL Server\120\Tools\Binn\;C:\Program Files\Microsoft SQL Server\Client SDK\ODBC\110\Tools\Binn\;C:\Program Files (x86)\Microsoft SQL Server\120\Tools\Binn\;C:\Program Files\Microsoft SQL Server\120\DTS\Binn\;C:\Program Files (x86)\Microsoft SQL Server\120\Tools\Binn\ManagementStudio\;C:\Program Files (x86)\Microsoft SQL Server\120\DTS\Binn\;C:\Users\Ot·vio Paulino\AppData\Local\Microsoft\WindowsApps;
USERNAME=Ot·vio Paulino
OS=Windows_NT
PROCESSOR_IDENTIFIER=Intel64 Family 6 Model 37 Stepping 2, GenuineIntel



---------------  S Y S T E M  ---------------

OS: Windows 10.0 , 64 bit Build 14393 (10.0.14393.0)

CPU:total 4 (2 cores per cpu, 2 threads per core) family 6 model 37 stepping 2, cmov, cx8, fxsr, mmx, sse, sse2, sse3, ssse3, sse4.1, sse4.2, popcnt, ht, tsc, tscinvbit

Memory: 4k page, physical 6150868k(786060k free), swap 6150868k(6712k free)

vm_info: Java HotSpot(TM) 64-Bit Server VM (25.91-b14) for windows-amd64 JRE (1.8.0_91-b14), built on Apr  1 2016 00:58:32 by "java_re" with MS VC++ 10.0 (VS2010)

time: Wed Sep 21 03:51:22 2016
elapsed time: 9 seconds (0d 0h 0m 9s)

