#
# There is insufficient memory for the Java Runtime Environment to continue.
# Native memory allocation (malloc) failed to allocate 462096 bytes for Chunk::new
# Possible reasons:
#   The system is out of physical RAM or swap space
#   In 32 bit mode, the process size limit was hit
# Possible solutions:
#   Reduce memory load on the system
#   Increase physical memory or swap space
#   Check if swap backing store is full
#   Use 64 bit Java on a 64 bit OS
#   Decrease Java heap size (-Xmx/-Xms)
#   Decrease number of Java threads
#   Decrease Java thread stack sizes (-Xss)
#   Set larger code cache with -XX:ReservedCodeCacheSize=
# This output file may be truncated or incomplete.
#
#  Out of Memory Error (allocation.cpp:390), pid=6824, tid=4196
#
# JRE version: Java(TM) SE Runtime Environment (8.0_91-b14) (build 1.8.0_91-b14)
# Java VM: Java HotSpot(TM) 64-Bit Server VM (25.91-b14 mixed mode windows-amd64 compressed oops)
# Failed to write core dump. Minidumps are not enabled by default on client versions of Windows
#

---------------  T H R E A D  ---------------

Current thread (0x000000001500f800):  JavaThread "C2 CompilerThread1" daemon [_thread_in_native, id=4196, stack(0x0000000016770000,0x0000000016870000)]

Stack: [0x0000000016770000,0x0000000016870000]
[error occurred during error reporting (printing stack bounds), id 0xc0000005]

Native frames: (J=compiled Java code, j=interpreted, Vv=VM code, C=native code)


Current CompileTask:
C2:   9479  691       4       com.android.dx.ssa.SsaBasicBlock::forEachInsn (37 bytes)


---------------  P R O C E S S  ---------------

Java Threads: ( => current thread )
  0x0000000016c2d800 JavaThread "pool-2-thread-4" [_thread_in_Java, id=6256, stack(0x0000000017370000,0x0000000017470000)]
  0x0000000016c2c800 JavaThread "pool-2-thread-3" [_thread_in_Java, id=4064, stack(0x0000000017270000,0x0000000017370000)]
  0x0000000016c2c000 JavaThread "pool-2-thread-2" [_thread_in_vm, id=4264, stack(0x0000000017170000,0x0000000017270000)]
  0x0000000016c29000 JavaThread "pool-3-thread-1" [_thread_blocked, id=3712, stack(0x0000000017070000,0x0000000017170000)]
  0x0000000016b8c800 JavaThread "pool-2-thread-1" [_thread_in_Java, id=5388, stack(0x0000000016f70000,0x0000000017070000)]
  0x0000000016975000 JavaThread "Service Thread" daemon [_thread_blocked, id=6928, stack(0x0000000016d70000,0x0000000016e70000)]
  0x0000000015068800 JavaThread "C1 CompilerThread2" daemon [_thread_blocked, id=2796, stack(0x0000000016870000,0x0000000016970000)]
=>0x000000001500f800 JavaThread "C2 CompilerThread1" daemon [_thread_in_native, id=4196, stack(0x0000000016770000,0x0000000016870000)]
  0x000000001500c000 JavaThread "C2 CompilerThread0" daemon [_thread_blocked, id=6072, stack(0x0000000016670000,0x0000000016770000)]
  0x000000001500a800 JavaThread "Attach Listener" daemon [_thread_blocked, id=5384, stack(0x0000000016570000,0x0000000016670000)]
  0x0000000015009800 JavaThread "Signal Dispatcher" daemon [_thread_blocked, id=1564, stack(0x0000000016470000,0x0000000016570000)]
  0x0000000002934800 JavaThread "Finalizer" daemon [_thread_blocked, id=784, stack(0x0000000016270000,0x0000000016370000)]
  0x000000000292f800 JavaThread "Reference Handler" daemon [_thread_blocked, id=5004, stack(0x0000000016170000,0x0000000016270000)]
  0x0000000000e7e000 JavaThread "main" [_thread_in_vm, id=2648, stack(0x00000000025e0000,0x00000000026e0000)]

Other Threads:
  0x0000000014fd7800 VMThread [stack: 0x0000000016070000,0x0000000016170000] [id=6732]
  0x0000000016999000 WatcherThread [stack: 0x0000000016e70000,0x0000000016f70000] [id=3652]

VM state:not at safepoint (normal execution)

VM Mutex/Monitor currently owned by a thread: None

Heap:
 PSYoungGen      total 21504K, used 12992K [0x00000000eab00000, 0x00000000ec300000, 0x0000000100000000)
  eden space 18432K, 70% used [0x00000000eab00000,0x00000000eb7b02e8,0x00000000ebd00000)
  from space 3072K, 0% used [0x00000000ec000000,0x00000000ec000000,0x00000000ec300000)
  to   space 3072K, 0% used [0x00000000ebd00000,0x00000000ebd00000,0x00000000ec000000)
 ParOldGen       total 49152K, used 0K [0x00000000c0000000, 0x00000000c3000000, 0x00000000eab00000)
  object space 49152K, 0% used [0x00000000c0000000,0x00000000c0000000,0x00000000c3000000)
 Metaspace       used 5620K, capacity 6576K, committed 6784K, reserved 1056768K
  class space    used 593K, capacity 616K, committed 640K, reserved 1048576K

Card table byte_map: [0x0000000011d00000,0x0000000011f10000] byte_map_base: 0x0000000011700000

Marking Bits: (ParMarkBitMap*) 0x000000006b2f2f70
 Begin Bits: [0x0000000012470000, 0x0000000013470000)
 End Bits:   [0x0000000013470000, 0x0000000014470000)

Polling page: 0x0000000000b80000

CodeCache: size=245760Kb used=2700Kb max_used=2700Kb free=243059Kb
 bounds [0x0000000002940000, 0x0000000002bf0000, 0x0000000011940000]
 total_blobs=958 nmethods=690 adapters=182
 compilation: enabled

Compilation events (10 events):
Event: 9.441 Thread 0x0000000015068800  649       3       com.android.dx.cf.code.ExecutionStack::copy (59 bytes)
Event: 9.453 Thread 0x0000000015068800 nmethod 649 0x0000000002be37d0 code [0x0000000002be3980, 0x0000000002be4038]
Event: 9.453 Thread 0x0000000015068800  682       3       com.android.dx.rop.code.SourcePosition::<init> (50 bytes)
Event: 9.453 Thread 0x0000000015068800 nmethod 682 0x0000000002be4290 code [0x0000000002be4420, 0x0000000002be47d8]
Event: 9.453 Thread 0x0000000015068800  686       1       com.android.dx.rop.annotation.Annotation::getType (5 bytes)
Event: 9.454 Thread 0x0000000015068800 nmethod 686 0x0000000002be4950 code [0x0000000002be4aa0, 0x0000000002be4bb0]
Event: 9.454 Thread 0x0000000015068800  670       3       com.android.dx.cf.code.ByteBlockList::set (7 bytes)
Event: 9.454 Thread 0x0000000015068800 nmethod 670 0x0000000002be4c10 code [0x0000000002be4d80, 0x0000000002be4f08]
Event: 9.454 Thread 0x0000000015068800  660       1       com.android.dx.rop.cst.CstBaseMethodRef::getPrototype (5 bytes)
Event: 9.454 Thread 0x0000000015068800 nmethod 660 0x0000000002be4f90 code [0x0000000002be50e0, 0x0000000002be51f0]

GC Heap History (0 events):
No events

Deoptimization events (1 events):
Event: 9.343 Thread 0x0000000016b8c800 Uncommon trap: reason=unstable_if action=reinterpret pc=0x0000000002b54c9c method=java.util.HashMap.getNode(ILjava/lang/Object;)Ljava/util/HashMap$Node; @ 129

Internal exceptions (2 events):
Event: 0.442 Thread 0x0000000000e7e000 Exception <a 'java/lang/NoSuchMethodError': Method sun.misc.Unsafe.defineClass(Ljava/lang/String;[BII)Ljava/lang/Class; name or signature does not match> (0x00000000eab07cc0) thrown at [C:\re\workspace\8-2-build-windows-amd64-cygwin\jdk8u91\6644\hotspot\srù	ëFπO‹?
Event: 0.442 Thread 0x0000000000e7e000 Exception <a 'java/lang/NoSuchMethodError': Method sun.misc.Unsafe.prefetchRead(Ljava/lang/Object;J)V name or signature does not match> (0x00000000eab07fa8) thrown at [C:\re\workspace\8-2-build-windows-amd64-cygwin\jdk8u91\6644\hotspot\src\share\vm\prims\j

Events (10 events):
Event: 8.903 loading class com/android/dx/dex/code/DalvCode done
Event: 8.903 Executing VM operation: RevokeBias
Event: 8.946 Executing VM operation: RevokeBias done
Event: 8.970 loading class com/android/dx/dex/file/DebugInfoItem
Event: 8.970 loading class com/android/dx/dex/file/DebugInfoItem done
Event: 8.971 loading class java/io/PrintWriter
Event: 8.971 loading class java/io/PrintWriter done
Event: 9.343 Thread 0x0000000016b8c800 Uncommon trap: trap_request=0xffffff65 fr.pc=0x0000000002b54c9c
Event: 9.343 Thread 0x0000000016b8c800 DEOPT PACKING pc=0x0000000002b54c9c sp=0x000000001706e550
Event: 9.343 Thread 0x0000000016b8c800 DEOPT UNPACKING pc=0x000000000298582a sp=0x000000001706e4c8 mode 2


Dynamic libraries:
0x00007ff61be20000 - 0x00007ff61be57000 	C:\Program Files\Java\jdk1.8.0_91\bin\java.exe
0x00007ffd78510000 - 0x00007ffd786e1000 	C:\WINDOWS\SYSTEM32\ntdll.dll
0x00007ffd77080000 - 0x00007ffd7712b000 	C:\WINDOWS\System32\KERNEL32.DLL
0x00007ffd74a00000 - 0x00007ffd74c1d000 	C:\WINDOWS\System32\KERNELBASE.dll
0x00007ffd775b0000 - 0x00007ffd77652000 	C:\WINDOWS\System32\ADVAPI32.dll
0x00007ffd778a0000 - 0x00007ffd7793e000 	C:\WINDOWS\System32\msvcrt.dll
0x00007ffd77020000 - 0x00007ffd77079000 	C:\WINDOWS\System32\sechost.dll
0x00007ffd77130000 - 0x00007ffd77251000 	C:\WINDOWS\System32\RPCRT4.dll
0x00007ffd77aa0000 - 0x00007ffd77c05000 	C:\WINDOWS\System32\USER32.dll
0x00007ffd756e0000 - 0x00007ffd756fe000 	C:\WINDOWS\System32\win32u.dll
0x00007ffd77c30000 - 0x00007ffd77c64000 	C:\WINDOWS\System32\GDI32.dll
0x00007ffd75550000 - 0x00007ffd756d2000 	C:\WINDOWS\System32\gdi32full.dll
0x00007ffd6dee0000 - 0x00007ffd6e159000 	C:\WINDOWS\WinSxS\amd64_microsoft.windows.common-controls_6595b64144ccf1df_6.0.14393.0_none_2d0f50fcbdb171b8\COMCTL32.dll
0x00007ffd77c70000 - 0x00007ffd77f37000 	C:\WINDOWS\System32\combase.dll
0x00007ffd74c20000 - 0x00007ffd74d15000 	C:\WINDOWS\System32\ucrtbase.dll
0x00007ffd75700000 - 0x00007ffd7576a000 	C:\WINDOWS\System32\bcryptPrimitives.dll
0x00007ffd77580000 - 0x00007ffd775ae000 	C:\WINDOWS\System32\IMM32.DLL
0x000000006b600000 - 0x000000006b6d2000 	C:\Program Files\Java\jdk1.8.0_91\jre\bin\msvcr100.dll
0x000000006aae0000 - 0x000000006b373000 	C:\Program Files\Java\jdk1.8.0_91\jre\bin\server\jvm.dll
0x00007ffd77430000 - 0x00007ffd77438000 	C:\WINDOWS\System32\PSAPI.DLL
0x00007ffd72360000 - 0x00007ffd72369000 	C:\WINDOWS\SYSTEM32\WSOCK32.dll
0x00007ffd77660000 - 0x00007ffd776ca000 	C:\WINDOWS\System32\WS2_32.dll
0x00007ffd72200000 - 0x00007ffd72223000 	C:\WINDOWS\SYSTEM32\WINMM.dll
0x00007ffd701b0000 - 0x00007ffd701ba000 	C:\WINDOWS\SYSTEM32\VERSION.dll
0x00007ffd71c90000 - 0x00007ffd71cbb000 	C:\WINDOWS\SYSTEM32\WINMMBASE.dll
0x00007ffd75770000 - 0x00007ffd757b2000 	C:\WINDOWS\System32\cfgmgr32.dll
0x000000006a9f0000 - 0x000000006a9ff000 	C:\Program Files\Java\jdk1.8.0_91\jre\bin\verify.dll
0x000000006a9c0000 - 0x000000006a9e9000 	C:\Program Files\Java\jdk1.8.0_91\jre\bin\java.dll
0x000000006a9a0000 - 0x000000006a9b6000 	C:\Program Files\Java\jdk1.8.0_91\jre\bin\zip.dll
0x00007ffd75aa0000 - 0x00007ffd76fa8000 	C:\WINDOWS\System32\SHELL32.dll
0x00007ffd74e70000 - 0x00007ffd7554a000 	C:\WINDOWS\System32\windows.storage.dll
0x00007ffd749b0000 - 0x00007ffd749fc000 	C:\WINDOWS\System32\powrprof.dll
0x00007ffd77940000 - 0x00007ffd77992000 	C:\WINDOWS\System32\shlwapi.dll
0x00007ffd74990000 - 0x00007ffd7499f000 	C:\WINDOWS\System32\kernel.appcore.dll
0x00007ffd74dc0000 - 0x00007ffd74e69000 	C:\WINDOWS\System32\shcore.dll
0x00007ffd74970000 - 0x00007ffd74984000 	C:\WINDOWS\System32\profapi.dll

VM Arguments:
jvm_args: -Djava.awt.headless=true -Xmx1024M -Dfile.encoding=windows-1252 -Duser.country=BR -Duser.language=pt -Duser.variant 
java_command: com.android.dx.command.Main --dex --force-jumbo --num-threads=4 --multi-dex --output C:\Android\projects\dagonOpus\app\build\intermediates\transforms\dex\debug\folders\1000\10\com.google.android.gms-play-services-vision-8.1.0_5f3b39714943c1cd9524e4ad22f4f8c5ae78da93 C:\Android\projects\dagonOpus\app\build\intermediates\exploded-aar\com.google.android.gms\play-services-vision\8.1.0\jars\classes.jar
java_class_path (initial): C:\Android\build-tools\23.0.3\lib\dx.jar
Launcher Type: SUN_STANDARD

Environment Variables:
JAVA_HOME=C:\Program Files\Java\jdk1.8.0_91
PATH=C:\ProgramData\Oracle\Java\javapath;C:\WINDOWS\system32;C:\WINDOWS;C:\WINDOWS\System32\Wbem;C:\WINDOWS\System32\WindowsPowerShell\v1.0\;C:\Program Files (x86)\Windows Kits\8.1\Windows Performance Toolkit\;C:\Program Files\Microsoft SQL Server\110\Tools\Binn\;C:\Program Files (x86)\Microsoft SDKs\TypeScript\1.0\;C:\Program Files\Microsoft SQL Server\120\Tools\Binn\;C:\Program Files\Microsoft SQL Server\Client SDK\ODBC\110\Tools\Binn\;C:\Program Files (x86)\Microsoft SQL Server\120\Tools\Binn\;C:\Program Files\Microsoft SQL Server\120\DTS\Binn\;C:\Program Files (x86)\Microsoft SQL Server\120\Tools\Binn\ManagementStudio\;C:\Program Files (x86)\Microsoft SQL Server\120\DTS\Binn\;C:\Users\Ot·vio Paulino\AppData\Local\Microsoft\WindowsApps;
USERNAME=Ot·vio Paulino
OS=Windows_NT
PROCESSOR_IDENTIFIER=Intel64 Family 6 Model 37 Stepping 2, GenuineIntel



---------------  S Y S T E M  ---------------

OS: Windows 10.0 , 64 bit Build 14393 (10.0.14393.0)

CPU:total 4 (2 cores per cpu, 2 threads per core) family 6 model 37 stepping 2, cmov, cx8, fxsr, mmx, sse, sse2, sse3, ssse3, sse4.1, sse4.2, popcnt, ht, tsc, tscinvbit

Memory: 4k page, physical 4643540k(529552k free), swap 4643540k(8688k free)

vm_info: Java HotSpot(TM) 64-Bit Server VM (25.91-b14) for windows-amd64 JRE (1.8.0_91-b14), built on Apr  1 2016 00:58:32 by "java_re" with MS VC++ 10.0 (VS2010)

time: Wed Sep 21 19:48:42 2016
elapsed time: 9 seconds (0d 0h 0m 9s)

