#
# There is insufficient memory for the Java Runtime Environment to continue.
# Native memory allocation (malloc) failed to allocate 2001792 bytes for Chunk::new
# Possible reasons:
#   The system is out of physical RAM or swap space
#   In 32 bit mode, the process size limit was hit
# Possible solutions:
#   Reduce memory load on the system
#   Increase physical memory or swap space
#   Check if swap backing store is full
#   Use 64 bit Java on a 64 bit OS
#   Decrease Java heap size (-Xmx/-Xms)
#   Decrease number of Java threads
#   Decrease Java thread stack sizes (-Xss)
#   Set larger code cache with -XX:ReservedCodeCacheSize=
# This output file may be truncated or incomplete.
#
#  Out of Memory Error (allocation.cpp:390), pid=7156, tid=5484
#
# JRE version: Java(TM) SE Runtime Environment (8.0_91-b14) (build 1.8.0_91-b14)
# Java VM: Java HotSpot(TM) 64-Bit Server VM (25.91-b14 mixed mode windows-amd64 compressed oops)
# Failed to write core dump. Minidumps are not enabled by default on client versions of Windows
#

---------------  T H R E A D  ---------------

Current thread (0x000000001561d000):  JavaThread "C2 CompilerThread0" daemon [_thread_in_native, id=5484, stack(0x0000000016c80000,0x0000000016d80000)]

Stack: [0x0000000016c80000,0x0000000016d80000]
[error occurred during error reporting (printing stack bounds), id 0xc0000005]

Native frames: (J=compiled Java code, j=interpreted, Vv=VM code, C=native code)


Current CompileTask:
C2:  20816 1881   !   4       com.android.dx.cf.cst.ConstantPoolParser::parse0 (731 bytes)


---------------  P R O C E S S  ---------------

Java Threads: ( => current thread )
  0x00000000170ef800 JavaThread "pool-2-thread-4" [_thread_blocked, id=6512, stack(0x0000000017980000,0x0000000017a80000)]
  0x00000000170ef000 JavaThread "pool-2-thread-3" [_thread_blocked, id=4192, stack(0x0000000017880000,0x0000000017980000)]
  0x00000000170ee000 JavaThread "pool-2-thread-2" [_thread_blocked, id=4012, stack(0x0000000017780000,0x0000000017880000)]
  0x00000000170ed000 JavaThread "pool-3-thread-1" [_thread_blocked, id=5400, stack(0x0000000017680000,0x0000000017780000)]
  0x00000000170ea800 JavaThread "pool-2-thread-1" [_thread_blocked, id=4244, stack(0x0000000017580000,0x0000000017680000)]
  0x0000000016e86000 JavaThread "Service Thread" daemon [_thread_blocked, id=6980, stack(0x0000000017380000,0x0000000017480000)]
  0x000000001567d000 JavaThread "C1 CompilerThread2" daemon [_thread_blocked, id=356, stack(0x0000000017280000,0x0000000017380000)]
  0x0000000015672000 JavaThread "C2 CompilerThread1" daemon [_thread_in_native, id=4384, stack(0x0000000016d80000,0x0000000016e80000)]
=>0x000000001561d000 JavaThread "C2 CompilerThread0" daemon [_thread_in_native, id=5484, stack(0x0000000016c80000,0x0000000016d80000)]
  0x000000001561b800 JavaThread "Attach Listener" daemon [_thread_blocked, id=4552, stack(0x0000000016b80000,0x0000000016c80000)]
  0x000000001561a000 JavaThread "Signal Dispatcher" daemon [_thread_blocked, id=220, stack(0x0000000016a80000,0x0000000016b80000)]
  0x0000000002f44800 JavaThread "Finalizer" daemon [_thread_blocked, id=4320, stack(0x0000000016880000,0x0000000016980000)]
  0x0000000002f3f000 JavaThread "Reference Handler" daemon [_thread_blocked, id=7164, stack(0x0000000016780000,0x0000000016880000)]
  0x0000000002e4e000 JavaThread "main" [_thread_blocked, id=7064, stack(0x0000000002c70000,0x0000000002d70000)]

Other Threads:
  0x00000000155e7800 VMThread [stack: 0x0000000016680000,0x0000000016780000] [id=6984]
  0x0000000016e92000 WatcherThread [stack: 0x0000000017480000,0x0000000017580000] [id=6648]

VM state:at safepoint (normal execution)

VM Mutex/Monitor currently owned by a thread:  ([mutex/lock_event])
[0x0000000002e4d050] Threads_lock - owner thread: 0x00000000155e7800
[0x0000000002e4d250] Heap_lock - owner thread: 0x0000000002e4e000

Heap:
 PSYoungGen      total 68096K, used 66667K [0x00000000eab00000, 0x00000000ef900000, 0x0000000100000000)
  eden space 57856K, 100% used [0x00000000eab00000,0x00000000ee380000,0x00000000ee380000)
  from space 10240K, 86% used [0x00000000eee00000,0x00000000ef69ac60,0x00000000ef800000)
  to   space 10752K, 99% used [0x00000000ee380000,0x00000000eedfcf58,0x00000000eee00000)
 ParOldGen       total 49152K, used 28704K [0x00000000c0000000, 0x00000000c3000000, 0x00000000eab00000)
  object space 49152K, 58% used [0x00000000c0000000,0x00000000c1c080f0,0x00000000c3000000)
 Metaspace       used 6458K, capacity 7192K, committed 7424K, reserved 1056768K
  class space    used 625K, capacity 656K, committed 768K, reserved 1048576K

Card table byte_map: [0x0000000012310000,0x0000000012520000] byte_map_base: 0x0000000011d10000

Marking Bits: (ParMarkBitMap*) 0x000000006b2f2f70
 Begin Bits: [0x0000000012a80000, 0x0000000013a80000)
 End Bits:   [0x0000000013a80000, 0x0000000014a80000)

Polling page: 0x0000000002bf0000

CodeCache: size=245760Kb used=8136Kb max_used=8136Kb free=237623Kb
 bounds [0x0000000002f50000, 0x0000000003750000, 0x0000000011f50000]
 total_blobs=2148 nmethods=1879 adapters=182
 compilation: enabled

Compilation events (10 events):
Event: 20.195 Thread 0x000000001567d000 1947       3       java.lang.String::lastIndexOf (151 bytes)
Event: 20.196 Thread 0x000000001567d000 nmethod 1947 0x000000000372d6d0 code [0x000000000372d880, 0x000000000372ddd0]
Event: 20.200 Thread 0x000000001567d000 1948       2       com.android.dx.cf.direct.AnnotationParser::parseAnnotations (143 bytes)
Event: 20.202 Thread 0x000000001567d000 nmethod 1948 0x000000000373ea50 code [0x000000000373eca0, 0x000000000373f568]
Event: 20.203 Thread 0x000000001567d000 1949       2       com.android.dx.cf.direct.AnnotationParser::requireLength (22 bytes)
Event: 20.203 Thread 0x000000001567d000 nmethod 1949 0x000000000372d190 code [0x000000000372d300, 0x000000000372d558]
Event: 20.212 Thread 0x000000001567d000 1950       2       com.android.dx.cf.direct.StdAttributeFactory::innerClasses (383 bytes)
Event: 20.220 Thread 0x000000001567d000 nmethod 1950 0x000000000373fd10 code [0x0000000003740340, 0x0000000003742d28]
Event: 20.225 Thread 0x000000001567d000 1951       2       com.android.dx.dex.file.AnnotationsDirectoryItem::setClassAnnotations (45 bytes)
Event: 20.226 Thread 0x000000001567d000 nmethod 1951 0x000000000372ca10 code [0x000000000372cba0, 0x000000000372cf08]

GC Heap History (10 events):
Event: 15.023 GC heap after
Heap after GC invocations=4 (full 0):
 PSYoungGen      total 39936K, used 3047K [0x00000000eab00000, 0x00000000ed500000, 0x0000000100000000)
  eden space 36864K, 0% used [0x00000000eab00000,0x00000000eab00000,0x00000000ecf00000)
  from space 3072K, 99% used [0x00000000ed200000,0x00000000ed4f9d08,0x00000000ed500000)
  to   space 3072K, 0% used [0x00000000ecf00000,0x00000000ecf00000,0x00000000ed200000)
 ParOldGen       total 49152K, used 8893K [0x00000000c0000000, 0x00000000c3000000, 0x00000000eab00000)
  object space 49152K, 18% used [0x00000000c0000000,0x00000000c08af778,0x00000000c3000000)
 Metaspace       used 6213K, capacity 7090K, committed 7296K, reserved 1056768K
  class space    used 604K, capacity 618K, committed 640K, reserved 1048576K
}
Event: 16.053 GC heap before
{Heap before GC invocations=5 (full 0):
 PSYoungGen      total 39936K, used 39911K [0x00000000eab00000, 0x00000000ed500000, 0x0000000100000000)
  eden space 36864K, 100% used [0x00000000eab00000,0x00000000ecf00000,0x00000000ecf00000)
  from space 3072K, 99% used [0x00000000ed200000,0x00000000ed4f9d08,0x00000000ed500000)
  to   space 3072K, 0% used [0x00000000ecf00000,0x00000000ecf00000,0x00000000ed200000)
 ParOldGen       total 49152K, used 8893K [0x00000000c0000000, 0x00000000c3000000, 0x00000000eab00000)
  object space 49152K, 18% used [0x00000000c0000000,0x00000000c08af778,0x00000000c3000000)
 Metaspace       used 6282K, capacity 7154K, committed 7296K, reserved 1056768K
  class space    used 604K, capacity 618K, committed 640K, reserved 1048576K
Event: 16.170 GC heap after
Heap after GC invocations=5 (full 0):
 PSYoungGen      total 39936K, used 3044K [0x00000000eab00000, 0x00000000ed500000, 0x0000000100000000)
  eden space 36864K, 0% used [0x00000000eab00000,0x00000000eab00000,0x00000000ecf00000)
  from space 3072K, 99% used [0x00000000ecf00000,0x00000000ed1f93b8,0x00000000ed200000)
  to   space 3072K, 0% used [0x00000000ed200000,0x00000000ed200000,0x00000000ed500000)
 ParOldGen       total 49152K, used 14738K [0x00000000c0000000, 0x00000000c3000000, 0x00000000eab00000)
  object space 49152K, 29% used [0x00000000c0000000,0x00000000c0e64a40,0x00000000c3000000)
 Metaspace       used 6282K, capacity 7154K, committed 7296K, reserved 1056768K
  class space    used 604K, capacity 618K, committed 640K, reserved 1048576K
}
Event: 16.880 GC heap before
{Heap before GC invocations=6 (full 0):
 PSYoungGen      total 39936K, used 39908K [0x00000000eab00000, 0x00000000ed500000, 0x0000000100000000)
  eden space 36864K, 100% used [0x00000000eab00000,0x00000000ecf00000,0x00000000ecf00000)
  from space 3072K, 99% used [0x00000000ecf00000,0x00000000ed1f93b8,0x00000000ed200000)
  to   space 3072K, 0% used [0x00000000ed200000,0x00000000ed200000,0x00000000ed500000)
 ParOldGen       total 49152K, used 14738K [0x00000000c0000000, 0x00000000c3000000, 0x00000000eab00000)
  object space 49152K, 29% used [0x00000000c0000000,0x00000000c0e64a40,0x00000000c3000000)
 Metaspace       used 6303K, capacity 7154K, committed 7296K, reserved 1056768K
  class space    used 604K, capacity 618K, committed 640K, reserved 1048576K
Event: 16.966 GC heap after
Heap after GC invocations=6 (full 0):
 PSYoungGen      total 32256K, used 3054K [0x00000000eab00000, 0x00000000f0800000, 0x0000000100000000)
  eden space 29184K, 0% used [0x00000000eab00000,0x00000000eab00000,0x00000000ec780000)
  from space 3072K, 99% used [0x00000000ed200000,0x00000000ed4fbbb8,0x00000000ed500000)
  to   space 10752K, 0% used [0x00000000ec780000,0x00000000ec780000,0x00000000ed200000)
 ParOldGen       total 49152K, used 20748K [0x00000000c0000000, 0x00000000c3000000, 0x00000000eab00000)
  object space 49152K, 42% used [0x00000000c0000000,0x00000000c14432a0,0x00000000c3000000)
 Metaspace       used 6303K, capacity 7154K, committed 7296K, reserved 1056768K
  class space    used 604K, capacity 618K, committed 640K, reserved 1048576K
}
Event: 17.429 GC heap before
{Heap before GC invocations=7 (full 0):
 PSYoungGen      total 32256K, used 32238K [0x00000000eab00000, 0x00000000f0800000, 0x0000000100000000)
  eden space 29184K, 100% used [0x00000000eab00000,0x00000000ec780000,0x00000000ec780000)
  from space 3072K, 99% used [0x00000000ed200000,0x00000000ed4fbbb8,0x00000000ed500000)
  to   space 10752K, 0% used [0x00000000ec780000,0x00000000ec780000,0x00000000ed200000)
 ParOldGen       total 49152K, used 20748K [0x00000000c0000000, 0x00000000c3000000, 0x00000000eab00000)
  object space 49152K, 42% used [0x00000000c0000000,0x00000000c14432a0,0x00000000c3000000)
 Metaspace       used 6400K, capacity 7192K, committed 7424K, reserved 1056768K
  class space    used 625K, capacity 656K, committed 768K, reserved 1048576K
Event: 17.521 GC heap after
Heap after GC invocations=7 (full 0):
 PSYoungGen      total 39936K, used 5654K [0x00000000eab00000, 0x00000000ef800000, 0x0000000100000000)
  eden space 29184K, 0% used [0x00000000eab00000,0x00000000eab00000,0x00000000ec780000)
  from space 10752K, 52% used [0x00000000ec780000,0x00000000ecd05848,0x00000000ed200000)
  to   space 10240K, 0% used [0x00000000eee00000,0x00000000eee00000,0x00000000ef800000)
 ParOldGen       total 49152K, used 22572K [0x00000000c0000000, 0x00000000c3000000, 0x00000000eab00000)
  object space 49152K, 45% used [0x00000000c0000000,0x00000000c160b250,0x00000000c3000000)
 Metaspace       used 6400K, capacity 7192K, committed 7424K, reserved 1056768K
  class space    used 625K, capacity 656K, committed 768K, reserved 1048576K
}
Event: 18.380 GC heap before
{Heap before GC invocations=8 (full 0):
 PSYoungGen      total 39936K, used 34838K [0x00000000eab00000, 0x00000000ef800000, 0x0000000100000000)
  eden space 29184K, 100% used [0x00000000eab00000,0x00000000ec780000,0x00000000ec780000)
  from space 10752K, 52% used [0x00000000ec780000,0x00000000ecd05848,0x00000000ed200000)
  to   space 10240K, 0% used [0x00000000eee00000,0x00000000eee00000,0x00000000ef800000)
 ParOldGen       total 49152K, used 22572K [0x00000000c0000000, 0x00000000c3000000, 0x00000000eab00000)
  object space 49152K, 45% used [0x00000000c0000000,0x00000000c160b250,0x00000000c3000000)
 Metaspace       used 6412K, capacity 7192K, committed 7424K, reserved 1056768K
  class space    used 625K, capacity 656K, committed 768K, reserved 1048576K
Event: 18.573 GC heap after
Heap after GC invocations=8 (full 0):
 PSYoungGen      total 68096K, used 8811K [0x00000000eab00000, 0x00000000ef900000, 0x0000000100000000)
  eden space 57856K, 0% used [0x00000000eab00000,0x00000000eab00000,0x00000000ee380000)
  from space 10240K, 86% used [0x00000000eee00000,0x00000000ef69ac60,0x00000000ef800000)
  to   space 10752K, 0% used [0x00000000ee380000,0x00000000ee380000,0x00000000eee00000)
 ParOldGen       total 49152K, used 22881K [0x00000000c0000000, 0x00000000c3000000, 0x00000000eab00000)
  object space 49152K, 46% used [0x00000000c0000000,0x00000000c1658748,0x00000000c3000000)
 Metaspace       used 6412K, capacity 7192K, committed 7424K, reserved 1056768K
  class space    used 625K, capacity 656K, committed 768K, reserved 1048576K
}
Event: 20.537 GC heap before
{Heap before GC invocations=9 (full 0):
 PSYoungGen      total 68096K, used 66667K [0x00000000eab00000, 0x00000000ef900000, 0x0000000100000000)
  eden space 57856K, 100% used [0x00000000eab00000,0x00000000ee380000,0x00000000ee380000)
  from space 10240K, 86% used [0x00000000eee00000,0x00000000ef69ac60,0x00000000ef800000)
  to   space 10752K, 0% used [0x00000000ee380000,0x00000000ee380000,0x00000000eee00000)
 ParOldGen       total 49152K, used 22881K [0x00000000c0000000, 0x00000000c3000000, 0x00000000eab00000)
  object space 49152K, 46% used [0x00000000c0000000,0x00000000c1658748,0x00000000c3000000)
 Metaspace       used 6458K, capacity 7192K, committed 7424K, reserved 1056768K
  class space    used 625K, capacity 656K, committed 768K, reserved 1048576K

Deoptimization events (10 events):
Event: 17.234 Thread 0x00000000170ea800 Uncommon trap: reason=bimorphic action=maybe_recompile pc=0x00000000033f7754 method=java.util.HashMap.putVal(ILjava/lang/Object;Ljava/lang/Object;ZZ)Ljava/lang/Object; @ 203
Event: 17.238 Thread 0x00000000170ea800 Uncommon trap: reason=unstable_if action=reinterpret pc=0x000000000329d014 method=java.util.HashMap.putVal(ILjava/lang/Object;Ljava/lang/Object;ZZ)Ljava/lang/Object; @ 162
Event: 17.604 Thread 0x00000000170ee000 Uncommon trap: reason=bimorphic action=maybe_recompile pc=0x00000000035d8fb0 method=com.android.dx.ssa.LiteralOpUpgrader.tryReplacingWithConstant(Lcom/android/dx/ssa/NormalSsaInsn;)Z @ 62
Event: 17.607 Thread 0x00000000170ee000 Uncommon trap: reason=unstable_if action=reinterpret pc=0x00000000033f7288 method=java.util.HashMap.putVal(ILjava/lang/Object;Ljava/lang/Object;ZZ)Ljava/lang/Object; @ 162
Event: 17.608 Thread 0x00000000170ea800 Uncommon trap: reason=unstable_if action=reinterpret pc=0x0000000003191e90 method=java.util.HashMap.getNode(ILjava/lang/Object;)Ljava/util/HashMap$Node; @ 84
Event: 18.107 Thread 0x00000000170ef800 Uncommon trap: reason=bimorphic action=maybe_recompile pc=0x00000000035d8fb0 method=com.android.dx.ssa.LiteralOpUpgrader.tryReplacingWithConstant(Lcom/android/dx/ssa/NormalSsaInsn;)Z @ 62
Event: 18.586 Thread 0x00000000170ef800 Uncommon trap: reason=unstable_if action=reinterpret pc=0x000000000351964c method=com.android.dx.ssa.MoveParamCombiner$1.visitNonMoveInsn(Lcom/android/dx/ssa/NormalSsaInsn;)V @ 27
Event: 19.002 Thread 0x0000000002e4e000 Uncommon trap: reason=bimorphic action=maybe_recompile pc=0x00000000035dea14 method=com.android.dx.ssa.SCCP.simulatePhi(Lcom/android/dx/ssa/PhiInsn;)V @ 124
Event: 19.033 Thread 0x0000000002e4e000 Uncommon trap: reason=bimorphic action=maybe_recompile pc=0x00000000035dea14 method=com.android.dx.ssa.SCCP.simulatePhi(Lcom/android/dx/ssa/PhiInsn;)V @ 124
Event: 19.107 Thread 0x0000000002e4e000 Uncommon trap: reason=unstable_if action=reinterpret pc=0x000000000363cae8 method=java.util.HashMap.resize()[Ljava/util/HashMap$Node; @ 206

Internal exceptions (5 events):
Event: 4.349 Thread 0x0000000002e4e000 Exception <a 'java/lang/NoSuchMethodError': Method sun.misc.Unsafe.defineClass(Ljava/lang/String;[BII)Ljava/lang/Class; name or signature does not match> (0x00000000eab07cc0) thrown at [C:\re\workspace\8-2-build-windows-amd64-cygwin\jdk8u91\6644\hotspot\srﬁ}{`|e@
Event: 4.349 Thread 0x0000000002e4e000 Exception <a 'java/lang/NoSuchMethodError': Method sun.misc.Unsafe.prefetchRead(Ljava/lang/Object;J)V name or signature does not match> (0x00000000eab07fa8) thrown at [C:\re\workspace\8-2-build-windows-amd64-cygwin\jdk8u91\6644\hotspot\src\share\vm\prims\j9Pì¡=1@
Event: 17.241 Thread 0x00000000170ea800 Exception <a 'java/lang/ArrayIndexOutOfBoundsException': 18> (0x00000000ec080c20) thrown at [C:\re\workspace\8-2-build-windows-amd64-cygwin\jdk8u91\6644\hotspot\src\share\vm\interpreter\interpreterRuntime.cpp, line 366]
Event: 17.242 Thread 0x00000000170ea800 Exception <a 'java/lang/ArrayIndexOutOfBoundsException'> (0x00000000ec0827a0) thrown at [C:\re\workspace\8-2-build-windows-amd64-cygwin\jdk8u91\6644\hotspot\src\share\vm\runtime\sharedRuntime.cpp, line 605]
Event: 17.245 Thread 0x00000000170ea800 Exception <a 'java/lang/ArrayIndexOutOfBoundsException'> (0x00000000ec083a88) thrown at [C:\re\workspace\8-2-build-windows-amd64-cygwin\jdk8u91\6644\hotspot\src\share\vm\runtime\sharedRuntime.cpp, line 605]

Events (10 events):
Event: 19.107 Thread 0x0000000002e4e000 Uncommon trap: trap_request=0xffffff65 fr.pc=0x000000000363cae8
Event: 19.107 Thread 0x0000000002e4e000 DEOPT PACKING pc=0x000000000363cae8 sp=0x0000000002d6e390
Event: 19.107 Thread 0x0000000002e4e000 DEOPT UNPACKING pc=0x0000000002f9582a sp=0x0000000002d6e2f8 mode 2
Event: 19.565 Thread 0x00000000170ee000 DEOPT PACKING pc=0x00000000033c2ee1 sp=0x000000001787e770
Event: 19.565 Thread 0x00000000170ee000 DEOPT UNPACKING pc=0x0000000002f9747f sp=0x000000001787e5a0 mode 0
Event: 20.118 Thread 0x00000000170ef000 DEOPT PACKING pc=0x00000000033c2ee1 sp=0x000000001797e620
Event: 20.118 Thread 0x00000000170ef000 DEOPT UNPACKING pc=0x0000000002f9747f sp=0x000000001797e450 mode 0
Event: 20.196 Thread 0x0000000002e4e000 DEOPT PACKING pc=0x00000000035fdfa8 sp=0x0000000002d6f1c0
Event: 20.196 Thread 0x0000000002e4e000 DEOPT UNPACKING pc=0x0000000002f9747f sp=0x0000000002d6ee88 mode 0
Event: 20.242 Executing VM operation: ParallelGCFailedAllocation


Dynamic libraries:
0x00007ff61be20000 - 0x00007ff61be57000 	C:\Program Files\Java\jdk1.8.0_91\bin\java.exe
0x00007ffd78510000 - 0x00007ffd786e1000 	C:\WINDOWS\SYSTEM32\ntdll.dll
0x00007ffd77080000 - 0x00007ffd7712b000 	C:\WINDOWS\System32\KERNEL32.DLL
0x00007ffd74a00000 - 0x00007ffd74c1d000 	C:\WINDOWS\System32\KERNELBASE.dll
0x00007ffd775b0000 - 0x00007ffd77652000 	C:\WINDOWS\System32\ADVAPI32.dll
0x00007ffd778a0000 - 0x00007ffd7793e000 	C:\WINDOWS\System32\msvcrt.dll
0x00007ffd77020000 - 0x00007ffd77079000 	C:\WINDOWS\System32\sechost.dll
0x00007ffd77130000 - 0x00007ffd77251000 	C:\WINDOWS\System32\RPCRT4.dll
0x00007ffd77aa0000 - 0x00007ffd77c05000 	C:\WINDOWS\System32\USER32.dll
0x00007ffd756e0000 - 0x00007ffd756fe000 	C:\WINDOWS\System32\win32u.dll
0x00007ffd77c30000 - 0x00007ffd77c64000 	C:\WINDOWS\System32\GDI32.dll
0x00007ffd75550000 - 0x00007ffd756d2000 	C:\WINDOWS\System32\gdi32full.dll
0x00007ffd6dee0000 - 0x00007ffd6e159000 	C:\WINDOWS\WinSxS\amd64_microsoft.windows.common-controls_6595b64144ccf1df_6.0.14393.0_none_2d0f50fcbdb171b8\COMCTL32.dll
0x00007ffd77c70000 - 0x00007ffd77f37000 	C:\WINDOWS\System32\combase.dll
0x00007ffd74c20000 - 0x00007ffd74d15000 	C:\WINDOWS\System32\ucrtbase.dll
0x00007ffd75700000 - 0x00007ffd7576a000 	C:\WINDOWS\System32\bcryptPrimitives.dll
0x00007ffd77580000 - 0x00007ffd775ae000 	C:\WINDOWS\System32\IMM32.DLL
0x000000006b600000 - 0x000000006b6d2000 	C:\Program Files\Java\jdk1.8.0_91\jre\bin\msvcr100.dll
0x000000006aae0000 - 0x000000006b373000 	C:\Program Files\Java\jdk1.8.0_91\jre\bin\server\jvm.dll
0x00007ffd77430000 - 0x00007ffd77438000 	C:\WINDOWS\System32\PSAPI.DLL
0x00007ffd72360000 - 0x00007ffd72369000 	C:\WINDOWS\SYSTEM32\WSOCK32.dll
0x00007ffd77660000 - 0x00007ffd776ca000 	C:\WINDOWS\System32\WS2_32.dll
0x00007ffd72200000 - 0x00007ffd72223000 	C:\WINDOWS\SYSTEM32\WINMM.dll
0x00007ffd701b0000 - 0x00007ffd701ba000 	C:\WINDOWS\SYSTEM32\VERSION.dll
0x00007ffd71c90000 - 0x00007ffd71cbb000 	C:\WINDOWS\SYSTEM32\WINMMBASE.dll
0x00007ffd75770000 - 0x00007ffd757b2000 	C:\WINDOWS\System32\cfgmgr32.dll
0x000000006a9f0000 - 0x000000006a9ff000 	C:\Program Files\Java\jdk1.8.0_91\jre\bin\verify.dll
0x000000006a9c0000 - 0x000000006a9e9000 	C:\Program Files\Java\jdk1.8.0_91\jre\bin\java.dll
0x000000006a9a0000 - 0x000000006a9b6000 	C:\Program Files\Java\jdk1.8.0_91\jre\bin\zip.dll
0x00007ffd75aa0000 - 0x00007ffd76fa8000 	C:\WINDOWS\System32\SHELL32.dll
0x00007ffd74e70000 - 0x00007ffd7554a000 	C:\WINDOWS\System32\windows.storage.dll
0x00007ffd749b0000 - 0x00007ffd749fc000 	C:\WINDOWS\System32\powrprof.dll
0x00007ffd77940000 - 0x00007ffd77992000 	C:\WINDOWS\System32\shlwapi.dll
0x00007ffd74990000 - 0x00007ffd7499f000 	C:\WINDOWS\System32\kernel.appcore.dll
0x00007ffd74dc0000 - 0x00007ffd74e69000 	C:\WINDOWS\System32\shcore.dll
0x00007ffd74970000 - 0x00007ffd74984000 	C:\WINDOWS\System32\profapi.dll

VM Arguments:
jvm_args: -Djava.awt.headless=true -Xmx1024M -Dfile.encoding=windows-1252 -Duser.country=BR -Duser.language=pt -Duser.variant 
java_command: com.android.dx.command.Main --dex --force-jumbo --num-threads=4 --multi-dex --output C:\Android\projects\dagonOpus\app\build\intermediates\transforms\dex\debug\folders\1000\10\com.android.support-appcompat-v7-23.4.0_f66b9df3e8f245048cc0f046d1084e35e9454f26 C:\Android\projects\dagonOpus\app\build\intermediates\exploded-aar\com.android.support\appcompat-v7\23.4.0\jars\classes.jar
java_class_path (initial): C:\Android\build-tools\23.0.3\lib\dx.jar
Launcher Type: SUN_STANDARD

Environment Variables:
JAVA_HOME=C:\Program Files\Java\jdk1.8.0_91
PATH=C:\ProgramData\Oracle\Java\javapath;C:\WINDOWS\system32;C:\WINDOWS;C:\WINDOWS\System32\Wbem;C:\WINDOWS\System32\WindowsPowerShell\v1.0\;C:\Program Files (x86)\Windows Kits\8.1\Windows Performance Toolkit\;C:\Program Files\Microsoft SQL Server\110\Tools\Binn\;C:\Program Files (x86)\Microsoft SDKs\TypeScript\1.0\;C:\Program Files\Microsoft SQL Server\120\Tools\Binn\;C:\Program Files\Microsoft SQL Server\Client SDK\ODBC\110\Tools\Binn\;C:\Program Files (x86)\Microsoft SQL Server\120\Tools\Binn\;C:\Program Files\Microsoft SQL Server\120\DTS\Binn\;C:\Program Files (x86)\Microsoft SQL Server\120\Tools\Binn\ManagementStudio\;C:\Program Files (x86)\Microsoft SQL Server\120\DTS\Binn\;C:\Users\Ot·vio Paulino\AppData\Local\Microsoft\WindowsApps;
USERNAME=Ot·vio Paulino
OS=Windows_NT
PROCESSOR_IDENTIFIER=Intel64 Family 6 Model 37 Stepping 2, GenuineIntel



---------------  S Y S T E M  ---------------

OS: Windows 10.0 , 64 bit Build 14393 (10.0.14393.0)

CPU:total 4 (2 cores per cpu, 2 threads per core) family 6 model 37 stepping 2, cmov, cx8, fxsr, mmx, sse, sse2, sse3, ssse3, sse4.1, sse4.2, popcnt, ht, tsc, tscinvbit

Memory: 4k page, physical 4643540k(244536k free), swap 4643540k(6060k free)

vm_info: Java HotSpot(TM) 64-Bit Server VM (25.91-b14) for windows-amd64 JRE (1.8.0_91-b14), built on Apr  1 2016 00:58:32 by "java_re" with MS VC++ 10.0 (VS2010)

time: Wed Sep 21 20:38:47 2016
elapsed time: 20 seconds (0d 0h 0m 20s)

