#
# There is insufficient memory for the Java Runtime Environment to continue.
# Native memory allocation (malloc) failed to allocate 352336 bytes for Chunk::new
# Possible reasons:
#   The system is out of physical RAM or swap space
#   In 32 bit mode, the process size limit was hit
# Possible solutions:
#   Reduce memory load on the system
#   Increase physical memory or swap space
#   Check if swap backing store is full
#   Use 64 bit Java on a 64 bit OS
#   Decrease Java heap size (-Xmx/-Xms)
#   Decrease number of Java threads
#   Decrease Java thread stack sizes (-Xss)
#   Set larger code cache with -XX:ReservedCodeCacheSize=
# This output file may be truncated or incomplete.
#
#  Out of Memory Error (allocation.cpp:390), pid=3244, tid=6416
#
# JRE version: Java(TM) SE Runtime Environment (8.0_91-b14) (build 1.8.0_91-b14)
# Java VM: Java HotSpot(TM) 64-Bit Server VM (25.91-b14 mixed mode windows-amd64 compressed oops)
# Failed to write core dump. Minidumps are not enabled by default on client versions of Windows
#

---------------  T H R E A D  ---------------

Current thread (0x0000000014c56000):  JavaThread "C2 CompilerThread1" daemon [_thread_in_native, id=6416, stack(0x0000000016350000,0x0000000016450000)]

Stack: [0x0000000016350000,0x0000000016450000]
[error occurred during error reporting (printing stack bounds), id 0xc0000005]

Native frames: (J=compiled Java code, j=interpreted, Vv=VM code, C=native code)


Current CompileTask:
C2:  23067 2059       4       com.android.dx.ssa.Dominators::run (506 bytes)


---------------  P R O C E S S  ---------------

Java Threads: ( => current thread )
  0x0000000016bd4000 JavaThread "pool-2-thread-4" [_thread_in_Java, id=5260, stack(0x0000000017750000,0x0000000017850000)]
  0x0000000016bd3000 JavaThread "pool-2-thread-3" [_thread_in_Java, id=6092, stack(0x0000000017650000,0x0000000017750000)]
  0x00000000168c4000 JavaThread "pool-2-thread-2" [_thread_in_Java, id=2544, stack(0x0000000017550000,0x0000000017650000)]
  0x000000001684c800 JavaThread "pool-3-thread-1" [_thread_blocked, id=1564, stack(0x0000000017450000,0x0000000017550000)]
  0x000000001684c000 JavaThread "pool-2-thread-1" [_thread_in_Java, id=2380, stack(0x0000000017350000,0x0000000017450000)]
  0x0000000016555000 JavaThread "Service Thread" daemon [_thread_blocked, id=3012, stack(0x0000000016950000,0x0000000016a50000)]
  0x0000000014c5c000 JavaThread "C1 CompilerThread2" daemon [_thread_blocked, id=4524, stack(0x0000000016450000,0x0000000016550000)]
=>0x0000000014c56000 JavaThread "C2 CompilerThread1" daemon [_thread_in_native, id=6416, stack(0x0000000016350000,0x0000000016450000)]
  0x0000000014bfc000 JavaThread "C2 CompilerThread0" daemon [_thread_in_native, id=3944, stack(0x0000000016250000,0x0000000016350000)]
  0x0000000014bfa800 JavaThread "Attach Listener" daemon [_thread_blocked, id=1004, stack(0x0000000016150000,0x0000000016250000)]
  0x0000000014bf9800 JavaThread "Signal Dispatcher" daemon [_thread_blocked, id=4072, stack(0x0000000016050000,0x0000000016150000)]
  0x0000000002524800 JavaThread "Finalizer" daemon [_thread_blocked, id=5668, stack(0x0000000015e50000,0x0000000015f50000)]
  0x000000000251f800 JavaThread "Reference Handler" daemon [_thread_blocked, id=2840, stack(0x0000000015d50000,0x0000000015e50000)]
  0x000000000213e000 JavaThread "main" [_thread_in_Java, id=688, stack(0x0000000002230000,0x0000000002330000)]

Other Threads:
  0x0000000014bc7800 VMThread [stack: 0x0000000015c50000,0x0000000015d50000] [id=4764]
  0x0000000016569000 WatcherThread [stack: 0x0000000016a50000,0x0000000016b50000] [id=4652]

VM state:not at safepoint (normal execution)

VM Mutex/Monitor currently owned by a thread: None

Heap:
 PSYoungGen      total 191488K, used 127610K [0x00000000eab00000, 0x00000000fbc00000, 0x0000000100000000)
  eden space 123904K, 48% used [0x00000000eab00000,0x00000000ee5a0130,0x00000000f2400000)
  from space 67584K, 99% used [0x00000000f7a00000,0x00000000fbbfe7d8,0x00000000fbc00000)
  to   space 39424K, 0% used [0x00000000f2400000,0x00000000f2400000,0x00000000f4a80000)
 ParOldGen       total 219648K, used 137481K [0x00000000c0000000, 0x00000000cd680000, 0x00000000eab00000)
  object space 219648K, 62% used [0x00000000c0000000,0x00000000c86427f8,0x00000000cd680000)
 Metaspace       used 6485K, capacity 7192K, committed 7424K, reserved 1056768K
  class space    used 622K, capacity 656K, committed 768K, reserved 1048576K

Card table byte_map: [0x00000000118f0000,0x0000000011b00000] byte_map_base: 0x00000000112f0000

Marking Bits: (ParMarkBitMap*) 0x000000006b2f2f70
 Begin Bits: [0x0000000012060000, 0x0000000013060000)
 End Bits:   [0x0000000013060000, 0x0000000014060000)

Polling page: 0x00000000008c0000

CodeCache: size=245760Kb used=9175Kb max_used=9191Kb free=236585Kb
 bounds [0x0000000002530000, 0x0000000002e40000, 0x0000000011530000]
 total_blobs=2272 nmethods=2003 adapters=182
 compilation: enabled

Compilation events (10 events):
Event: 22.494 Thread 0x0000000014c56000 nmethod 2055 0x0000000002e0b250 code [0x0000000002e0b380, 0x0000000002e0b458]
Event: 22.557 Thread 0x0000000014c56000 2056       4       com.android.dx.rop.code.PlainCstInsn::accept (8 bytes)
Event: 22.557 Thread 0x0000000014c56000 nmethod 2056 0x0000000002e0b010 code [0x0000000002e0b140, 0x0000000002e0b1b8]
Event: 22.982 Thread 0x0000000014c56000 2057       4       com.android.dx.rop.code.PlainCstInsn::withNewRegisters (22 bytes)
Event: 22.985 Thread 0x0000000014c56000 nmethod 2057 0x0000000002e0aa50 code [0x0000000002e0aba0, 0x0000000002e0ad98]
Event: 22.986 Thread 0x0000000014c56000 2058       4       com.android.dx.ssa.SsaRenamer$1::visitBlock (16 bytes)
Event: 22.995 Thread 0x0000000014c56000 nmethod 2058 0x0000000002e239d0 code [0x0000000002e23b60, 0x0000000002e23fa8]
Event: 22.995 Thread 0x0000000014c56000 2062 %     4       com.android.dx.ssa.SsaMethod::forEachBlockDepthFirstDom @ 76 (128 bytes)
Event: 23.043 Thread 0x0000000014c56000 nmethod 2062% 0x0000000002e21050 code [0x0000000002e21260, 0x0000000002e22738]
Event: 23.043 Thread 0x0000000014c56000 2059       4       com.android.dx.ssa.Dominators::run (506 bytes)

GC Heap History (10 events):
Event: 14.403 GC heap before
{Heap before GC invocations=8 (full 0):
 PSYoungGen      total 84480K, used 84451K [0x00000000eab00000, 0x00000000f5c00000, 0x0000000100000000)
  eden space 72704K, 100% used [0x00000000eab00000,0x00000000ef200000,0x00000000ef200000)
  from space 11776K, 99% used [0x00000000ef200000,0x00000000efd78f98,0x00000000efd80000)
  to   space 17920K, 0% used [0x00000000f4a80000,0x00000000f4a80000,0x00000000f5c00000)
 ParOldGen       total 49152K, used 21305K [0x00000000c0000000, 0x00000000c3000000, 0x00000000eab00000)
  object space 49152K, 43% used [0x00000000c0000000,0x00000000c14ce4d0,0x00000000c3000000)
 Metaspace       used 6476K, capacity 7192K, committed 7424K, reserved 1056768K
  class space    used 620K, capacity 656K, committed 768K, reserved 1048576K
Event: 14.650 GC heap after
Heap after GC invocations=8 (full 0):
 PSYoungGen      total 141824K, used 17918K [0x00000000eab00000, 0x00000000f8600000, 0x0000000100000000)
  eden space 123904K, 0% used [0x00000000eab00000,0x00000000eab00000,0x00000000f2400000)
  from space 17920K, 99% used [0x00000000f4a80000,0x00000000f5bffb48,0x00000000f5c00000)
  to   space 39424K, 0% used [0x00000000f2400000,0x00000000f2400000,0x00000000f4a80000)
 ParOldGen       total 62976K, used 62321K [0x00000000c0000000, 0x00000000c3d80000, 0x00000000eab00000)
  object space 62976K, 98% used [0x00000000c0000000,0x00000000c3cdc588,0x00000000c3d80000)
 Metaspace       used 6476K, capacity 7192K, committed 7424K, reserved 1056768K
  class space    used 620K, capacity 656K, committed 768K, reserved 1048576K
}
Event: 14.650 GC heap before
{Heap before GC invocations=9 (full 1):
 PSYoungGen      total 141824K, used 17918K [0x00000000eab00000, 0x00000000f8600000, 0x0000000100000000)
  eden space 123904K, 0% used [0x00000000eab00000,0x00000000eab00000,0x00000000f2400000)
  from space 17920K, 99% used [0x00000000f4a80000,0x00000000f5bffb48,0x00000000f5c00000)
  to   space 39424K, 0% used [0x00000000f2400000,0x00000000f2400000,0x00000000f4a80000)
 ParOldGen       total 62976K, used 62321K [0x00000000c0000000, 0x00000000c3d80000, 0x00000000eab00000)
  object space 62976K, 98% used [0x00000000c0000000,0x00000000c3cdc588,0x00000000c3d80000)
 Metaspace       used 6476K, capacity 7192K, committed 7424K, reserved 1056768K
  class space    used 620K, capacity 656K, committed 768K, reserved 1048576K
Event: 18.038 GC heap after
Heap after GC invocations=9 (full 1):
 PSYoungGen      total 141824K, used 13250K [0x00000000eab00000, 0x00000000f8600000, 0x0000000100000000)
  eden space 123904K, 0% used [0x00000000eab00000,0x00000000eab00000,0x00000000f2400000)
  from space 17920K, 73% used [0x00000000f4a80000,0x00000000f5770b90,0x00000000f5c00000)
  to   space 39424K, 0% used [0x00000000f2400000,0x00000000f2400000,0x00000000f4a80000)
 ParOldGen       total 119296K, used 62623K [0x00000000c0000000, 0x00000000c7480000, 0x00000000eab00000)
  object space 119296K, 52% used [0x00000000c0000000,0x00000000c3d27dd8,0x00000000c7480000)
 Metaspace       used 6476K, capacity 7192K, committed 7424K, reserved 1056768K
  class space    used 620K, capacity 656K, committed 768K, reserved 1048576K
}
Event: 19.143 GC heap before
{Heap before GC invocations=10 (full 1):
 PSYoungGen      total 141824K, used 137154K [0x00000000eab00000, 0x00000000f8600000, 0x0000000100000000)
  eden space 123904K, 100% used [0x00000000eab00000,0x00000000f2400000,0x00000000f2400000)
  from space 17920K, 73% used [0x00000000f4a80000,0x00000000f5770b90,0x00000000f5c00000)
  to   space 39424K, 0% used [0x00000000f2400000,0x00000000f2400000,0x00000000f4a80000)
 ParOldGen       total 119296K, used 62623K [0x00000000c0000000, 0x00000000c7480000, 0x00000000eab00000)
  object space 119296K, 52% used [0x00000000c0000000,0x00000000c3d27dd8,0x00000000c7480000)
 Metaspace       used 6476K, capacity 7192K, committed 7424K, reserved 1056768K
  class space    used 620K, capacity 656K, committed 768K, reserved 1048576K
Event: 19.480 GC heap after
Heap after GC invocations=10 (full 1):
 PSYoungGen      total 163328K, used 39410K [0x00000000eab00000, 0x00000000fbc00000, 0x0000000100000000)
  eden space 123904K, 0% used [0x00000000eab00000,0x00000000eab00000,0x00000000f2400000)
  from space 39424K, 99% used [0x00000000f2400000,0x00000000f4a7ca18,0x00000000f4a80000)
  to   space 67584K, 0% used [0x00000000f7a00000,0x00000000f7a00000,0x00000000fbc00000)
 ParOldGen       total 119296K, used 113842K [0x00000000c0000000, 0x00000000c7480000, 0x00000000eab00000)
  object space 119296K, 95% used [0x00000000c0000000,0x00000000c6f2c848,0x00000000c7480000)
 Metaspace       used 6476K, capacity 7192K, committed 7424K, reserved 1056768K
  class space    used 620K, capacity 656K, committed 768K, reserved 1048576K
}
Event: 19.480 GC heap before
{Heap before GC invocations=11 (full 2):
 PSYoungGen      total 163328K, used 39410K [0x00000000eab00000, 0x00000000fbc00000, 0x0000000100000000)
  eden space 123904K, 0% used [0x00000000eab00000,0x00000000eab00000,0x00000000f2400000)
  from space 39424K, 99% used [0x00000000f2400000,0x00000000f4a7ca18,0x00000000f4a80000)
  to   space 67584K, 0% used [0x00000000f7a00000,0x00000000f7a00000,0x00000000fbc00000)
 ParOldGen       total 119296K, used 113842K [0x00000000c0000000, 0x00000000c7480000, 0x00000000eab00000)
  object space 119296K, 95% used [0x00000000c0000000,0x00000000c6f2c848,0x00000000c7480000)
 Metaspace       used 6476K, capacity 7192K, committed 7424K, reserved 1056768K
  class space    used 620K, capacity 656K, committed 768K, reserved 1048576K
Event: 21.448 GC heap after
Heap after GC invocations=11 (full 2):
 PSYoungGen      total 163328K, used 27503K [0x00000000eab00000, 0x00000000fbc00000, 0x0000000100000000)
  eden space 123904K, 0% used [0x00000000eab00000,0x00000000eab00000,0x00000000f2400000)
  from space 39424K, 69% used [0x00000000f2400000,0x00000000f3edbe80,0x00000000f4a80000)
  to   space 67584K, 0% used [0x00000000f7a00000,0x00000000f7a00000,0x00000000fbc00000)
 ParOldGen       total 219648K, used 119167K [0x00000000c0000000, 0x00000000cd680000, 0x00000000eab00000)
  object space 219648K, 54% used [0x00000000c0000000,0x00000000c745fed8,0x00000000cd680000)
 Metaspace       used 6476K, capacity 7192K, committed 7424K, reserved 1056768K
  class space    used 620K, capacity 656K, committed 768K, reserved 1048576K
}
Event: 22.631 GC heap before
{Heap before GC invocations=12 (full 2):
 PSYoungGen      total 163328K, used 151407K [0x00000000eab00000, 0x00000000fbc00000, 0x0000000100000000)
  eden space 123904K, 100% used [0x00000000eab00000,0x00000000f2400000,0x00000000f2400000)
  from space 39424K, 69% used [0x00000000f2400000,0x00000000f3edbe80,0x00000000f4a80000)
  to   space 67584K, 0% used [0x00000000f7a00000,0x00000000f7a00000,0x00000000fbc00000)
 ParOldGen       total 219648K, used 119167K [0x00000000c0000000, 0x00000000cd680000, 0x00000000eab00000)
  object space 219648K, 54% used [0x00000000c0000000,0x00000000c745fed8,0x00000000cd680000)
 Metaspace       used 6485K, capacity 7192K, committed 7424K, reserved 1056768K
  class space    used 622K, capacity 656K, committed 768K, reserved 1048576K
Event: 22.946 GC heap after
Heap after GC invocations=12 (full 2):
 PSYoungGen      total 191488K, used 67577K [0x00000000eab00000, 0x00000000fbc00000, 0x0000000100000000)
  eden space 123904K, 0% used [0x00000000eab00000,0x00000000eab00000,0x00000000f2400000)
  from space 67584K, 99% used [0x00000000f7a00000,0x00000000fbbfe7d8,0x00000000fbc00000)
  to   space 39424K, 0% used [0x00000000f2400000,0x00000000f2400000,0x00000000f4a80000)
 ParOldGen       total 219648K, used 137481K [0x00000000c0000000, 0x00000000cd680000, 0x00000000eab00000)
  object space 219648K, 62% used [0x00000000c0000000,0x00000000c86427f8,0x00000000cd680000)
 Metaspace       used 6485K, capacity 7192K, committed 7424K, reserved 1056768K
  class space    used 622K, capacity 656K, committed 768K, reserved 1048576K
}

Deoptimization events (10 events):
Event: 5.342 Thread 0x000000001684c000 Uncommon trap: reason=class_check action=maybe_recompile pc=0x0000000002a00640 method=java.util.HashMap.putVal(ILjava/lang/Object;Ljava/lang/Object;ZZ)Ljava/lang/Object; @ 203
Event: 5.342 Thread 0x000000001684c000 Uncommon trap: reason=class_check action=maybe_recompile pc=0x0000000002a00640 method=java.util.HashMap.putVal(ILjava/lang/Object;Ljava/lang/Object;ZZ)Ljava/lang/Object; @ 203
Event: 5.342 Thread 0x000000001684c000 Uncommon trap: reason=class_check action=maybe_recompile pc=0x0000000002a00640 method=java.util.HashMap.putVal(ILjava/lang/Object;Ljava/lang/Object;ZZ)Ljava/lang/Object; @ 203
Event: 5.342 Thread 0x000000001684c000 Uncommon trap: reason=class_check action=maybe_recompile pc=0x0000000002a00640 method=java.util.HashMap.putVal(ILjava/lang/Object;Ljava/lang/Object;ZZ)Ljava/lang/Object; @ 203
Event: 5.342 Thread 0x000000001684c000 Uncommon trap: reason=bimorphic action=maybe_recompile pc=0x0000000002758f08 method=java.util.HashMap.getNode(ILjava/lang/Object;)Ljava/util/HashMap$Node; @ 126
Event: 5.342 Thread 0x000000001684c000 Uncommon trap: reason=bimorphic action=maybe_recompile pc=0x0000000002758f08 method=java.util.HashMap.getNode(ILjava/lang/Object;)Ljava/util/HashMap$Node; @ 126
Event: 5.347 Thread 0x0000000016bd3000 Uncommon trap: reason=class_check action=maybe_recompile pc=0x0000000002b95968 method=com.android.dx.ssa.SCCP.simulateBranch(Lcom/android/dx/ssa/SsaInsn;)V @ 145
Event: 5.365 Thread 0x000000001684c000 Uncommon trap: reason=unstable_if action=reinterpret pc=0x0000000002b95448 method=com.android.dx.ssa.SCCP.simulateBranch(Lcom/android/dx/ssa/SsaInsn;)V @ 334
Event: 22.427 Thread 0x0000000016bd4000 Uncommon trap: reason=class_check action=maybe_recompile pc=0x0000000002ce1920 method=com.android.dx.ssa.SsaConverter.placePhiFunctions(Lcom/android/dx/ssa/SsaMethod;Lcom/android/dx/ssa/LocalVariableInfo;I)V @ 257
Event: 23.048 Thread 0x00000000168c4000 Uncommon trap: reason=class_check action=maybe_recompile pc=0x0000000002ce1920 method=com.android.dx.ssa.SsaConverter.placePhiFunctions(Lcom/android/dx/ssa/SsaMethod;Lcom/android/dx/ssa/LocalVariableInfo;I)V @ 257

Internal exceptions (5 events):
Event: 0.605 Thread 0x000000000213e000 Exception <a 'java/lang/NoSuchMethodError': Method sun.misc.Unsafe.defineClass(Ljava/lang/String;[BII)Ljava/lang/Class; name or signature does not match> (0x00000000eab07cc0) thrown at [C:\re\workspace\8-2-build-windows-amd64-cygwin\jdk8u91\6644\hotspot\sr…û5^ã?
Event: 0.605 Thread 0x000000000213e000 Exception <a 'java/lang/NoSuchMethodError': Method sun.misc.Unsafe.prefetchRead(Ljava/lang/Object;J)V name or signature does not match> (0x00000000eab07fa8) thrown at [C:\re\workspace\8-2-build-windows-amd64-cygwin\jdk8u91\6644\hotspot\src\share\vm\prims\jÉöcW¾@
Event: 5.004 Thread 0x0000000016bd4000 Exception <a 'java/lang/ArrayIndexOutOfBoundsException': 18> (0x00000000ec8deb38) thrown at [C:\re\workspace\8-2-build-windows-amd64-cygwin\jdk8u91\6644\hotspot\src\share\vm\interpreter\interpreterRuntime.cpp, line 366]
Event: 5.005 Thread 0x0000000016bd4000 Exception <a 'java/lang/ArrayIndexOutOfBoundsException'> (0x00000000ec8e06b8) thrown at [C:\re\workspace\8-2-build-windows-amd64-cygwin\jdk8u91\6644\hotspot\src\share\vm\runtime\sharedRuntime.cpp, line 605]
Event: 5.006 Thread 0x0000000016bd4000 Exception <a 'java/lang/ArrayIndexOutOfBoundsException'> (0x00000000ec8e19a0) thrown at [C:\re\workspace\8-2-build-windows-amd64-cygwin\jdk8u91\6644\hotspot\src\share\vm\runtime\sharedRuntime.cpp, line 605]

Events (10 events):
Event: 22.987 Thread 0x000000000213e000 DEOPT UNPACKING pc=0x000000000257747f sp=0x000000000232e010 mode 0
Event: 23.004 Thread 0x000000000213e000 DEOPT PACKING pc=0x0000000002a72a78 sp=0x000000000232e380
Event: 23.004 Thread 0x000000000213e000 DEOPT UNPACKING pc=0x000000000257747f sp=0x000000000232e190 mode 0
Event: 23.019 Thread 0x00000000168c4000 DEOPT PACKING pc=0x00000000029a7f32 sp=0x000000001764e6f0
Event: 23.019 Thread 0x00000000168c4000 DEOPT UNPACKING pc=0x000000000257747f sp=0x000000001764e530 mode 0
Event: 23.048 Thread 0x00000000168c4000 Uncommon trap: trap_request=0xffffffde fr.pc=0x0000000002ce1920
Event: 23.048 Thread 0x00000000168c4000 DEOPT PACKING pc=0x0000000002ce1920 sp=0x000000001764e8e0
Event: 23.048 Thread 0x00000000168c4000 DEOPT UNPACKING pc=0x000000000257582a sp=0x000000001764e928 mode 2
Event: 23.057 Thread 0x0000000016bd4000 DEOPT PACKING pc=0x000000000296a405 sp=0x000000001784e6a0
Event: 23.057 Thread 0x0000000016bd4000 DEOPT UNPACKING pc=0x000000000257747f sp=0x000000001784e480 mode 0


Dynamic libraries:
0x00007ff61be20000 - 0x00007ff61be57000 	C:\Program Files\Java\jdk1.8.0_91\bin\java.exe
0x00007ffd78510000 - 0x00007ffd786e1000 	C:\WINDOWS\SYSTEM32\ntdll.dll
0x00007ffd77080000 - 0x00007ffd7712b000 	C:\WINDOWS\System32\KERNEL32.DLL
0x00007ffd74a00000 - 0x00007ffd74c1d000 	C:\WINDOWS\System32\KERNELBASE.dll
0x00007ffd775b0000 - 0x00007ffd77652000 	C:\WINDOWS\System32\ADVAPI32.dll
0x00007ffd778a0000 - 0x00007ffd7793e000 	C:\WINDOWS\System32\msvcrt.dll
0x00007ffd77020000 - 0x00007ffd77079000 	C:\WINDOWS\System32\sechost.dll
0x00007ffd77130000 - 0x00007ffd77251000 	C:\WINDOWS\System32\RPCRT4.dll
0x00007ffd77aa0000 - 0x00007ffd77c05000 	C:\WINDOWS\System32\USER32.dll
0x00007ffd756e0000 - 0x00007ffd756fe000 	C:\WINDOWS\System32\win32u.dll
0x00007ffd77c30000 - 0x00007ffd77c64000 	C:\WINDOWS\System32\GDI32.dll
0x00007ffd75550000 - 0x00007ffd756d2000 	C:\WINDOWS\System32\gdi32full.dll
0x00007ffd6dee0000 - 0x00007ffd6e159000 	C:\WINDOWS\WinSxS\amd64_microsoft.windows.common-controls_6595b64144ccf1df_6.0.14393.0_none_2d0f50fcbdb171b8\COMCTL32.dll
0x00007ffd77c70000 - 0x00007ffd77f37000 	C:\WINDOWS\System32\combase.dll
0x00007ffd74c20000 - 0x00007ffd74d15000 	C:\WINDOWS\System32\ucrtbase.dll
0x00007ffd75700000 - 0x00007ffd7576a000 	C:\WINDOWS\System32\bcryptPrimitives.dll
0x00007ffd77580000 - 0x00007ffd775ae000 	C:\WINDOWS\System32\IMM32.DLL
0x000000006b600000 - 0x000000006b6d2000 	C:\Program Files\Java\jdk1.8.0_91\jre\bin\msvcr100.dll
0x000000006aae0000 - 0x000000006b373000 	C:\Program Files\Java\jdk1.8.0_91\jre\bin\server\jvm.dll
0x00007ffd77430000 - 0x00007ffd77438000 	C:\WINDOWS\System32\PSAPI.DLL
0x00007ffd72360000 - 0x00007ffd72369000 	C:\WINDOWS\SYSTEM32\WSOCK32.dll
0x00007ffd77660000 - 0x00007ffd776ca000 	C:\WINDOWS\System32\WS2_32.dll
0x00007ffd72200000 - 0x00007ffd72223000 	C:\WINDOWS\SYSTEM32\WINMM.dll
0x00007ffd701b0000 - 0x00007ffd701ba000 	C:\WINDOWS\SYSTEM32\VERSION.dll
0x00007ffd71c90000 - 0x00007ffd71cbb000 	C:\WINDOWS\SYSTEM32\WINMMBASE.dll
0x00007ffd75770000 - 0x00007ffd757b2000 	C:\WINDOWS\System32\cfgmgr32.dll
0x000000006a9f0000 - 0x000000006a9ff000 	C:\Program Files\Java\jdk1.8.0_91\jre\bin\verify.dll
0x000000006a9c0000 - 0x000000006a9e9000 	C:\Program Files\Java\jdk1.8.0_91\jre\bin\java.dll
0x000000006a9a0000 - 0x000000006a9b6000 	C:\Program Files\Java\jdk1.8.0_91\jre\bin\zip.dll
0x00007ffd75aa0000 - 0x00007ffd76fa8000 	C:\WINDOWS\System32\SHELL32.dll
0x00007ffd74e70000 - 0x00007ffd7554a000 	C:\WINDOWS\System32\windows.storage.dll
0x00007ffd749b0000 - 0x00007ffd749fc000 	C:\WINDOWS\System32\powrprof.dll
0x00007ffd77940000 - 0x00007ffd77992000 	C:\WINDOWS\System32\shlwapi.dll
0x00007ffd74990000 - 0x00007ffd7499f000 	C:\WINDOWS\System32\kernel.appcore.dll
0x00007ffd74dc0000 - 0x00007ffd74e69000 	C:\WINDOWS\System32\shcore.dll
0x00007ffd74970000 - 0x00007ffd74984000 	C:\WINDOWS\System32\profapi.dll

VM Arguments:
jvm_args: -Djava.awt.headless=true -Xmx1024M -Dfile.encoding=windows-1252 -Duser.country=BR -Duser.language=pt -Duser.variant 
java_command: com.android.dx.command.Main --dex --force-jumbo --num-threads=4 --multi-dex --output C:\Android\projects\dagonOpus\app\build\intermediates\transforms\dex\debug\folders\1000\10\com.google.android.gms-play-services-ads-8.1.0_ff66f9baa4bb6bf73b94ff349805ed2cf6d8f5cc C:\Android\projects\dagonOpus\app\build\intermediates\exploded-aar\com.google.android.gms\play-services-ads\8.1.0\jars\classes.jar
java_class_path (initial): C:\Android\build-tools\23.0.3\lib\dx.jar
Launcher Type: SUN_STANDARD

Environment Variables:
JAVA_HOME=C:\Program Files\Java\jdk1.8.0_91
PATH=C:\ProgramData\Oracle\Java\javapath;C:\WINDOWS\system32;C:\WINDOWS;C:\WINDOWS\System32\Wbem;C:\WINDOWS\System32\WindowsPowerShell\v1.0\;C:\Program Files (x86)\Windows Kits\8.1\Windows Performance Toolkit\;C:\Program Files\Microsoft SQL Server\110\Tools\Binn\;C:\Program Files (x86)\Microsoft SDKs\TypeScript\1.0\;C:\Program Files\Microsoft SQL Server\120\Tools\Binn\;C:\Program Files\Microsoft SQL Server\Client SDK\ODBC\110\Tools\Binn\;C:\Program Files (x86)\Microsoft SQL Server\120\Tools\Binn\;C:\Program Files\Microsoft SQL Server\120\DTS\Binn\;C:\Program Files (x86)\Microsoft SQL Server\120\Tools\Binn\ManagementStudio\;C:\Program Files (x86)\Microsoft SQL Server\120\DTS\Binn\;C:\Users\Otávio Paulino\AppData\Local\Microsoft\WindowsApps;
USERNAME=Otávio Paulino
OS=Windows_NT
PROCESSOR_IDENTIFIER=Intel64 Family 6 Model 37 Stepping 2, GenuineIntel



---------------  S Y S T E M  ---------------

OS: Windows 10.0 , 64 bit Build 14393 (10.0.14393.0)

CPU:total 4 (2 cores per cpu, 2 threads per core) family 6 model 37 stepping 2, cmov, cx8, fxsr, mmx, sse, sse2, sse3, ssse3, sse4.1, sse4.2, popcnt, ht, tsc, tscinvbit

Memory: 4k page, physical 4643540k(641444k free), swap 4643540k(5268k free)

vm_info: Java HotSpot(TM) 64-Bit Server VM (25.91-b14) for windows-amd64 JRE (1.8.0_91-b14), built on Apr  1 2016 00:58:32 by "java_re" with MS VC++ 10.0 (VS2010)

time: Wed Sep 21 19:44:34 2016
elapsed time: 23 seconds (0d 0h 0m 23s)

