#
# There is insufficient memory for the Java Runtime Environment to continue.
# Native memory allocation (malloc) failed to allocate 32744 bytes for ChunkPool::allocate
# Possible reasons:
#   The system is out of physical RAM or swap space
#   In 32 bit mode, the process size limit was hit
# Possible solutions:
#   Reduce memory load on the system
#   Increase physical memory or swap space
#   Check if swap backing store is full
#   Use 64 bit Java on a 64 bit OS
#   Decrease Java heap size (-Xmx/-Xms)
#   Decrease number of Java threads
#   Decrease Java thread stack sizes (-Xss)
#   Set larger code cache with -XX:ReservedCodeCacheSize=
# This output file may be truncated or incomplete.
#
#  Out of Memory Error (allocation.cpp:273), pid=1940, tid=1336
#
# JRE version: Java(TM) SE Runtime Environment (8.0_91-b14) (build 1.8.0_91-b14)
# Java VM: Java HotSpot(TM) 64-Bit Server VM (25.91-b14 mixed mode windows-amd64 compressed oops)
# Failed to write core dump. Minidumps are not enabled by default on client versions of Windows
#

---------------  T H R E A D  ---------------

Current thread (0x000000001517f800):  JavaThread "C2 CompilerThread1" daemon [_thread_in_native, id=1336, stack(0x00000000168f0000,0x00000000169f0000)]

Stack: [0x00000000168f0000,0x00000000169f0000]
[error occurred during error reporting (printing stack bounds), id 0xc0000005]

Native frames: (J=compiled Java code, j=interpreted, Vv=VM code, C=native code)


Current CompileTask:
C2:  27420 2314   !   4      
[error occurred during error reporting (printing current compile task), id 0xe0000001]


---------------  P R O C E S S  ---------------

Java Threads: ( => current thread )
  0x0000000016e6c800 JavaThread "pool-2-thread-4" [_thread_in_Java, id=512, stack(0x0000000018cc0000,0x0000000018dc0000)]
  0x0000000016e6b800 JavaThread "pool-2-thread-3" [_thread_in_Java, id=6456, stack(0x0000000018bc0000,0x0000000018cc0000)]
  0x0000000017608800 JavaThread "pool-2-thread-2" [_thread_in_Java, id=6312, stack(0x0000000018ac0000,0x0000000018bc0000)]
  0x0000000017361000 JavaThread "pool-3-thread-1" [_thread_blocked, id=3504, stack(0x00000000189c0000,0x0000000018ac0000)]
  0x0000000017543000 JavaThread "pool-2-thread-1" [_thread_in_Java, id=684, stack(0x00000000188c0000,0x00000000189c0000)]
  0x0000000016afd000 JavaThread "Service Thread" daemon [_thread_blocked, id=7056, stack(0x0000000016ef0000,0x0000000016ff0000)]
  0x00000000151dc000 JavaThread "C1 CompilerThread2" daemon [_thread_blocked, id=1712, stack(0x00000000169f0000,0x0000000016af0000)]
=>0x000000001517f800 JavaThread "C2 CompilerThread1" daemon [_thread_in_native, id=1336, stack(0x00000000168f0000,0x00000000169f0000)]
  0x000000001517c000 JavaThread "C2 CompilerThread0" daemon [_thread_in_vm, id=4792, stack(0x00000000167f0000,0x00000000168f0000)]
  0x000000001517a800 JavaThread "Attach Listener" daemon [_thread_blocked, id=6332, stack(0x00000000166f0000,0x00000000167f0000)]
  0x0000000015179800 JavaThread "Signal Dispatcher" daemon [_thread_blocked, id=6264, stack(0x00000000165f0000,0x00000000166f0000)]
  0x000000001516a000 JavaThread "Finalizer" daemon [_thread_blocked, id=5008, stack(0x00000000163f0000,0x00000000164f0000)]
  0x0000000015149000 JavaThread "Reference Handler" daemon [_thread_blocked, id=5428, stack(0x00000000162f0000,0x00000000163f0000)]
  0x00000000029ae000 JavaThread "main" [_thread_in_Java, id=5984, stack(0x0000000002840000,0x0000000002940000)]

Other Threads:
  0x0000000015146800 VMThread [stack: 0x00000000161f0000,0x00000000162f0000] [id=6772]
  0x0000000016b09800 WatcherThread [stack: 0x0000000016ff0000,0x00000000170f0000] [id=5420]

VM state:not at safepoint (normal execution)

VM Mutex/Monitor currently owned by a thread: None

Heap:
 PSYoungGen      total 147456K, used 130747K [0x00000000eab00000, 0x00000000f7b00000, 0x0000000100000000)
  eden space 131072K, 92% used [0x00000000eab00000,0x00000000f21cd9f0,0x00000000f2b00000)
  from space 16384K, 55% used [0x00000000f4b00000,0x00000000f53e15f0,0x00000000f5b00000)
  to   space 32768K, 0% used [0x00000000f2b00000,0x00000000f2b00000,0x00000000f4b00000)
 ParOldGen       total 97280K, used 48905K [0x00000000c0000000, 0x00000000c5f00000, 0x00000000eab00000)
  object space 97280K, 50% used [0x00000000c0000000,0x00000000c2fc24a8,0x00000000c5f00000)
 Metaspace       used 6501K, capacity 7192K, committed 7424K, reserved 1056768K
  class space    used 621K, capacity 656K, committed 768K, reserved 1048576K

Card table byte_map: [0x0000000011e70000,0x0000000012080000] byte_map_base: 0x0000000011870000

Marking Bits: (ParMarkBitMap*) 0x000000006b2f2f70
 Begin Bits: [0x00000000125e0000, 0x00000000135e0000)
 End Bits:   [0x00000000135e0000, 0x00000000145e0000)

Polling page: 0x0000000002940000

CodeCache: size=245760Kb used=10924Kb max_used=10948Kb free=234835Kb
 bounds [0x0000000002ab0000, 0x0000000003580000, 0x0000000011ab0000]
 total_blobs=2405 nmethods=2136 adapters=182
 compilation: enabled

Compilation events (10 events):
Event: 25.728 Thread 0x000000001517c000 2312   !   4       com.android.dx.cf.code.ExecutionStack::push (102 bytes)
Event: 25.732 Thread 0x000000001517c000 nmethod 2312 0x0000000003527290 code [0x0000000003527400, 0x0000000003527678]
Event: 26.069 Thread 0x000000001517c000 2313   !   4       com.android.dx.cf.code.RopperMachine::run (1550 bytes)
Event: 26.338 Thread 0x000000001517f800 nmethod 2311 0x000000000354f3d0 code [0x0000000003550bc0, 0x0000000003558a30]
Event: 26.339 Thread 0x000000001517f800 2314   !   4       com.android.dx.cf.code.Ropper::processBlock (1101 bytes)
Event: 26.665 Thread 0x000000001517c000 nmethod 2313 0x0000000003561e90 code [0x00000000035624e0, 0x0000000003568640]
Event: 26.665 Thread 0x000000001517c000 2315       4       com.android.dx.ssa.PhiTypeResolver::run (179 bytes)
Event: 26.939 Thread 0x000000001517c000 nmethod 2315 0x000000000356f810 code [0x000000000356fc00, 0x0000000003572fd8]
Event: 26.940 Thread 0x000000001517c000 2316       4       com.android.dx.rop.code.RegisterSpec::getBasicType (10 bytes)
Event: 26.941 Thread 0x000000001517c000 nmethod 2316 0x00000000034bf490 code [0x00000000034bf5e0, 0x00000000034bf678]

GC Heap History (10 events):
Event: 5.837 GC heap before
{Heap before GC invocations=3 (full 0):
 PSYoungGen      total 39936K, used 39927K [0x00000000eab00000, 0x00000000ed500000, 0x0000000100000000)
  eden space 36864K, 100% used [0x00000000eab00000,0x00000000ecf00000,0x00000000ecf00000)
  from space 3072K, 99% used [0x00000000ed200000,0x00000000ed4fdc78,0x00000000ed500000)
  to   space 3072K, 0% used [0x00000000ecf00000,0x00000000ecf00000,0x00000000ed200000)
 ParOldGen       total 49152K, used 1857K [0x00000000c0000000, 0x00000000c3000000, 0x00000000eab00000)
  object space 49152K, 3% used [0x00000000c0000000,0x00000000c01d0758,0x00000000c3000000)
 Metaspace       used 6227K, capacity 7090K, committed 7296K, reserved 1056768K
  class space    used 598K, capacity 618K, committed 640K, reserved 1048576K
Event: 5.917 GC heap after
Heap after GC invocations=3 (full 0):
 PSYoungGen      total 39936K, used 3040K [0x00000000eab00000, 0x00000000ef900000, 0x0000000100000000)
  eden space 36864K, 0% used [0x00000000eab00000,0x00000000eab00000,0x00000000ecf00000)
  from space 3072K, 98% used [0x00000000ecf00000,0x00000000ed1f8048,0x00000000ed200000)
  to   space 3072K, 0% used [0x00000000ef600000,0x00000000ef600000,0x00000000ef900000)
 ParOldGen       total 49152K, used 7469K [0x00000000c0000000, 0x00000000c3000000, 0x00000000eab00000)
  object space 49152K, 15% used [0x00000000c0000000,0x00000000c074b4e8,0x00000000c3000000)
 Metaspace       used 6227K, capacity 7090K, committed 7296K, reserved 1056768K
  class space    used 598K, capacity 618K, committed 640K, reserved 1048576K
}
Event: 7.015 GC heap before
{Heap before GC invocations=4 (full 0):
 PSYoungGen      total 39936K, used 39904K [0x00000000eab00000, 0x00000000ef900000, 0x0000000100000000)
  eden space 36864K, 100% used [0x00000000eab00000,0x00000000ecf00000,0x00000000ecf00000)
  from space 3072K, 98% used [0x00000000ecf00000,0x00000000ed1f8048,0x00000000ed200000)
  to   space 3072K, 0% used [0x00000000ef600000,0x00000000ef600000,0x00000000ef900000)
 ParOldGen       total 49152K, used 7469K [0x00000000c0000000, 0x00000000c3000000, 0x00000000eab00000)
  object space 49152K, 15% used [0x00000000c0000000,0x00000000c074b4e8,0x00000000c3000000)
 Metaspace       used 6366K, capacity 7128K, committed 7424K, reserved 1056768K
  class space    used 620K, capacity 656K, committed 768K, reserved 1048576K
Event: 7.136 GC heap after
Heap after GC invocations=4 (full 0):
 PSYoungGen      total 76800K, used 3056K [0x00000000eab00000, 0x00000000ef900000, 0x0000000100000000)
  eden space 73728K, 0% used [0x00000000eab00000,0x00000000eab00000,0x00000000ef300000)
  from space 3072K, 99% used [0x00000000ef600000,0x00000000ef8fc058,0x00000000ef900000)
  to   space 3072K, 0% used [0x00000000ef300000,0x00000000ef300000,0x00000000ef600000)
 ParOldGen       total 49152K, used 12917K [0x00000000c0000000, 0x00000000c3000000, 0x00000000eab00000)
  object space 49152K, 26% used [0x00000000c0000000,0x00000000c0c9d688,0x00000000c3000000)
 Metaspace       used 6366K, capacity 7128K, committed 7424K, reserved 1056768K
  class space    used 620K, capacity 656K, committed 768K, reserved 1048576K
}
Event: 12.314 GC heap before
{Heap before GC invocations=5 (full 0):
 PSYoungGen      total 76800K, used 76784K [0x00000000eab00000, 0x00000000ef900000, 0x0000000100000000)
  eden space 73728K, 100% used [0x00000000eab00000,0x00000000ef300000,0x00000000ef300000)
  from space 3072K, 99% used [0x00000000ef600000,0x00000000ef8fc058,0x00000000ef900000)
  to   space 3072K, 0% used [0x00000000ef300000,0x00000000ef300000,0x00000000ef600000)
 ParOldGen       total 49152K, used 12917K [0x00000000c0000000, 0x00000000c3000000, 0x00000000eab00000)
  object space 49152K, 26% used [0x00000000c0000000,0x00000000c0c9d688,0x00000000c3000000)
 Metaspace       used 6479K, capacity 7192K, committed 7424K, reserved 1056768K
  class space    used 620K, capacity 656K, committed 768K, reserved 1048576K
Event: 12.601 GC heap after
Heap after GC invocations=5 (full 0):
 PSYoungGen      total 76800K, used 3040K [0x00000000eab00000, 0x00000000f5b00000, 0x0000000100000000)
  eden space 73728K, 0% used [0x00000000eab00000,0x00000000eab00000,0x00000000ef300000)
  from space 3072K, 98% used [0x00000000ef300000,0x00000000ef5f8048,0x00000000ef600000)
  to   space 16384K, 0% used [0x00000000f4b00000,0x00000000f4b00000,0x00000000f5b00000)
 ParOldGen       total 49152K, used 23666K [0x00000000c0000000, 0x00000000c3000000, 0x00000000eab00000)
  object space 49152K, 48% used [0x00000000c0000000,0x00000000c171c9f8,0x00000000c3000000)
 Metaspace       used 6479K, capacity 7192K, committed 7424K, reserved 1056768K
  class space    used 620K, capacity 656K, committed 768K, reserved 1048576K
}
Event: 18.014 GC heap before
{Heap before GC invocations=6 (full 0):
 PSYoungGen      total 76800K, used 76768K [0x00000000eab00000, 0x00000000f5b00000, 0x0000000100000000)
  eden space 73728K, 100% used [0x00000000eab00000,0x00000000ef300000,0x00000000ef300000)
  from space 3072K, 98% used [0x00000000ef300000,0x00000000ef5f8048,0x00000000ef600000)
  to   space 16384K, 0% used [0x00000000f4b00000,0x00000000f4b00000,0x00000000f5b00000)
 ParOldGen       total 49152K, used 23666K [0x00000000c0000000, 0x00000000c3000000, 0x00000000eab00000)
  object space 49152K, 48% used [0x00000000c0000000,0x00000000c171c9f8,0x00000000c3000000)
 Metaspace       used 6486K, capacity 7192K, committed 7424K, reserved 1056768K
  class space    used 620K, capacity 656K, committed 768K, reserved 1048576K
Event: 18.128 GC heap after
Heap after GC invocations=6 (full 0):
 PSYoungGen      total 147456K, used 16370K [0x00000000eab00000, 0x00000000f7b00000, 0x0000000100000000)
  eden space 131072K, 0% used [0x00000000eab00000,0x00000000eab00000,0x00000000f2b00000)
  from space 16384K, 99% used [0x00000000f4b00000,0x00000000f5afc980,0x00000000f5b00000)
  to   space 32768K, 0% used [0x00000000f2b00000,0x00000000f2b00000,0x00000000f4b00000)
 ParOldGen       total 49152K, used 45891K [0x00000000c0000000, 0x00000000c3000000, 0x00000000eab00000)
  object space 49152K, 93% used [0x00000000c0000000,0x00000000c2cd0ee0,0x00000000c3000000)
 Metaspace       used 6486K, capacity 7192K, committed 7424K, reserved 1056768K
  class space    used 620K, capacity 656K, committed 768K, reserved 1048576K
}
Event: 18.128 GC heap before
{Heap before GC invocations=7 (full 1):
 PSYoungGen      total 147456K, used 16370K [0x00000000eab00000, 0x00000000f7b00000, 0x0000000100000000)
  eden space 131072K, 0% used [0x00000000eab00000,0x00000000eab00000,0x00000000f2b00000)
  from space 16384K, 99% used [0x00000000f4b00000,0x00000000f5afc980,0x00000000f5b00000)
  to   space 32768K, 0% used [0x00000000f2b00000,0x00000000f2b00000,0x00000000f4b00000)
 ParOldGen       total 49152K, used 45891K [0x00000000c0000000, 0x00000000c3000000, 0x00000000eab00000)
  object space 49152K, 93% used [0x00000000c0000000,0x00000000c2cd0ee0,0x00000000c3000000)
 Metaspace       used 6486K, capacity 7192K, committed 7424K, reserved 1056768K
  class space    used 620K, capacity 656K, committed 768K, reserved 1048576K
Event: 18.828 GC heap after
Heap after GC invocations=7 (full 1):
 PSYoungGen      total 147456K, used 9093K [0x00000000eab00000, 0x00000000f7b00000, 0x0000000100000000)
  eden space 131072K, 0% used [0x00000000eab00000,0x00000000eab00000,0x00000000f2b00000)
  from space 16384K, 55% used [0x00000000f4b00000,0x00000000f53e15f0,0x00000000f5b00000)
  to   space 32768K, 0% used [0x00000000f2b00000,0x00000000f2b00000,0x00000000f4b00000)
 ParOldGen       total 97280K, used 48905K [0x00000000c0000000, 0x00000000c5f00000, 0x00000000eab00000)
  object space 97280K, 50% used [0x00000000c0000000,0x00000000c2fc24a8,0x00000000c5f00000)
 Metaspace       used 6486K, capacity 7192K, committed 7424K, reserved 1056768K
  class space    used 620K, capacity 656K, committed 768K, reserved 1048576K
}

Deoptimization events (10 events):
Event: 21.956 Thread 0x00000000029ae000 Uncommon trap: reason=class_check action=maybe_recompile pc=0x0000000003278204 method=com.android.dx.ssa.back.InterferenceGraph.mergeInterferenceSet(ILcom/android/dx/util/IntSet;)V @ 20
Event: 21.980 Thread 0x00000000029ae000 Uncommon trap: reason=class_check action=maybe_recompile pc=0x0000000003278204 method=com.android.dx.ssa.back.InterferenceGraph.mergeInterferenceSet(ILcom/android/dx/util/IntSet;)V @ 20
Event: 24.717 Thread 0x00000000029ae000 Uncommon trap: reason=unstable_if action=reinterpret pc=0x00000000032e7cbc method=com.android.dx.cf.code.ByteCatchList.typeNotFound(Lcom/android/dx/cf/code/ByteCatchList$Item;[Lcom/android/dx/cf/code/ByteCatchList$Item;I)Z @ 34
Event: 24.717 Thread 0x00000000029ae000 Uncommon trap: reason=unstable_if action=reinterpret pc=0x00000000032b6788 method=com.android.dx.cf.code.ByteCatchList.typeNotFound(Lcom/android/dx/cf/code/ByteCatchList$Item;[Lcom/android/dx/cf/code/ByteCatchList$Item;I)Z @ 34
Event: 24.717 Thread 0x00000000029ae000 Uncommon trap: reason=unstable_if action=reinterpret pc=0x00000000031fcdd8 method=com.android.dx.cf.code.ByteCatchList.typeNotFound(Lcom/android/dx/cf/code/ByteCatchList$Item;[Lcom/android/dx/cf/code/ByteCatchList$Item;I)Z @ 34
Event: 24.717 Thread 0x00000000029ae000 Uncommon trap: reason=unstable_if action=reinterpret pc=0x0000000003442bd4 method=com.android.dx.cf.code.ByteCatchList.typeNotFound(Lcom/android/dx/cf/code/ByteCatchList$Item;[Lcom/android/dx/cf/code/ByteCatchList$Item;I)Z @ 34
Event: 24.721 Thread 0x00000000029ae000 Uncommon trap: reason=unstable_if action=reinterpret pc=0x0000000003262eb4 method=com.android.dx.rop.code.BasicBlockList.preferredSuccessorOf(Lcom/android/dx/rop/code/BasicBlock;)Lcom/android/dx/rop/code/BasicBlock; @ 58
Event: 24.759 Thread 0x00000000029ae000 Uncommon trap: reason=unstable_if action=reinterpret pc=0x00000000032d4cb4 method=com.android.dx.rop.code.DexTranslationAdvice.hasConstantOperation(Lcom/android/dx/rop/code/Rop;Lcom/android/dx/rop/code/RegisterSpec;Lcom/android/dx/rop/code/RegisterSpec;)Z 9$°˝mŒ8@
Event: 24.806 Thread 0x00000000029ae000 Uncommon trap: reason=unstable_if action=reinterpret pc=0x0000000003361554 method=com.android.dx.cf.code.Ropper.isSynchronized()Z @ 12
Event: 24.818 Thread 0x00000000029ae000 Uncommon trap: reason=unstable_if action=reinterpret pc=0x00000000032a87c8 method=com.android.dx.cf.code.Merger.mergeType(Lcom/android/dx/rop/type/TypeBearer;Lcom/android/dx/rop/type/TypeBearer;)Lcom/android/dx/rop/type/TypeBearer; @ 52

Internal exceptions (5 events):
Event: 0.095 Thread 0x00000000029ae000 Exception <a 'java/lang/NoSuchMethodError': Method sun.misc.Unsafe.defineClass(Ljava/lang/String;[BII)Ljava/lang/Class; name or signature does not match> (0x00000000eab07cc0) thrown at [C:\re\workspace\8-2-build-windows-amd64-cygwin\jdk8u91\6644\hotspot\srÊ÷‹Ù[∏?
Event: 0.095 Thread 0x00000000029ae000 Exception <a 'java/lang/NoSuchMethodError': Method sun.misc.Unsafe.prefetchRead(Ljava/lang/Object;J)V name or signature does not match> (0x00000000eab07fa8) thrown at [C:\re\workspace\8-2-build-windows-amd64-cygwin\jdk8u91\6644\hotspot\src\share\vm\prims\jé…µ^Ø@
Event: 6.921 Thread 0x0000000016e6c800 Exception <a 'java/lang/ArrayIndexOutOfBoundsException': 18> (0x00000000ecd4bbd8) thrown at [C:\re\workspace\8-2-build-windows-amd64-cygwin\jdk8u91\6644\hotspot\src\share\vm\interpreter\interpreterRuntime.cpp, line 366]
Event: 6.925 Thread 0x0000000016e6c800 Exception <a 'java/lang/ArrayIndexOutOfBoundsException'> (0x00000000ecd4d758) thrown at [C:\re\workspace\8-2-build-windows-amd64-cygwin\jdk8u91\6644\hotspot\src\share\vm\runtime\sharedRuntime.cpp, line 605]
Event: 6.926 Thread 0x0000000016e6c800 Exception <a 'java/lang/ArrayIndexOutOfBoundsException'> (0x00000000ecd4ea40) thrown at [C:\re\workspace\8-2-build-windows-amd64-cygwin\jdk8u91\6644\hotspot\src\share\vm\runtime\sharedRuntime.cpp, line 605]

Events (10 events):
Event: 25.193 Thread 0x0000000016e6b800 DEOPT PACKING pc=0x0000000002f56001 sp=0x0000000018cbe7f0
Event: 25.193 Thread 0x0000000016e6b800 DEOPT UNPACKING pc=0x0000000002af747f sp=0x0000000018cbe580 mode 0
Event: 25.392 Thread 0x00000000029ae000 DEOPT PACKING pc=0x00000000032a4a03 sp=0x000000000293e240
Event: 25.392 Thread 0x00000000029ae000 DEOPT UNPACKING pc=0x0000000002af747f sp=0x000000000293dfc0 mode 0
Event: 25.472 Thread 0x00000000029ae000 DEOPT PACKING pc=0x0000000002f604e3 sp=0x000000000293e1b0
Event: 25.472 Thread 0x00000000029ae000 DEOPT UNPACKING pc=0x0000000002af747f sp=0x000000000293ded8 mode 0
Event: 25.539 Thread 0x00000000029ae000 DEOPT PACKING pc=0x0000000002eb5f70 sp=0x000000000293e220
Event: 25.539 Thread 0x00000000029ae000 DEOPT UNPACKING pc=0x0000000002af747f sp=0x000000000293df80 mode 0
Event: 26.180 Thread 0x0000000016e6b800 DEOPT PACKING pc=0x0000000002fc029f sp=0x0000000018cbe830
Event: 26.180 Thread 0x0000000016e6b800 DEOPT UNPACKING pc=0x0000000002af747f sp=0x0000000018cbe558 mode 0


Dynamic libraries:
0x00007ff61be20000 - 0x00007ff61be57000 	C:\Program Files\Java\jdk1.8.0_91\bin\java.exe
0x00007ffd78510000 - 0x00007ffd786e1000 	C:\WINDOWS\SYSTEM32\ntdll.dll
0x00007ffd77080000 - 0x00007ffd7712b000 	C:\WINDOWS\System32\KERNEL32.DLL
0x00007ffd74a00000 - 0x00007ffd74c1d000 	C:\WINDOWS\System32\KERNELBASE.dll
0x00007ffd775b0000 - 0x00007ffd77652000 	C:\WINDOWS\System32\ADVAPI32.dll
0x00007ffd778a0000 - 0x00007ffd7793e000 	C:\WINDOWS\System32\msvcrt.dll
0x00007ffd77020000 - 0x00007ffd77079000 	C:\WINDOWS\System32\sechost.dll
0x00007ffd77130000 - 0x00007ffd77251000 	C:\WINDOWS\System32\RPCRT4.dll
0x00007ffd77aa0000 - 0x00007ffd77c05000 	C:\WINDOWS\System32\USER32.dll
0x00007ffd756e0000 - 0x00007ffd756fe000 	C:\WINDOWS\System32\win32u.dll
0x00007ffd77c30000 - 0x00007ffd77c64000 	C:\WINDOWS\System32\GDI32.dll
0x00007ffd75550000 - 0x00007ffd756d2000 	C:\WINDOWS\System32\gdi32full.dll
0x00007ffd6dee0000 - 0x00007ffd6e159000 	C:\WINDOWS\WinSxS\amd64_microsoft.windows.common-controls_6595b64144ccf1df_6.0.14393.0_none_2d0f50fcbdb171b8\COMCTL32.dll
0x00007ffd77c70000 - 0x00007ffd77f37000 	C:\WINDOWS\System32\combase.dll
0x00007ffd74c20000 - 0x00007ffd74d15000 	C:\WINDOWS\System32\ucrtbase.dll
0x00007ffd75700000 - 0x00007ffd7576a000 	C:\WINDOWS\System32\bcryptPrimitives.dll
0x00007ffd77580000 - 0x00007ffd775ae000 	C:\WINDOWS\System32\IMM32.DLL
0x000000006a580000 - 0x000000006a652000 	C:\Program Files\Java\jdk1.8.0_91\jre\bin\msvcr100.dll
0x000000006aae0000 - 0x000000006b373000 	C:\Program Files\Java\jdk1.8.0_91\jre\bin\server\jvm.dll
0x00007ffd77430000 - 0x00007ffd77438000 	C:\WINDOWS\System32\PSAPI.DLL
0x00007ffd72360000 - 0x00007ffd72369000 	C:\WINDOWS\SYSTEM32\WSOCK32.dll
0x00007ffd72200000 - 0x00007ffd72223000 	C:\WINDOWS\SYSTEM32\WINMM.dll
0x00007ffd77660000 - 0x00007ffd776ca000 	C:\WINDOWS\System32\WS2_32.dll
0x00007ffd701b0000 - 0x00007ffd701ba000 	C:\WINDOWS\SYSTEM32\VERSION.dll
0x00007ffd71c90000 - 0x00007ffd71cbb000 	C:\WINDOWS\SYSTEM32\WINMMBASE.dll
0x00007ffd75770000 - 0x00007ffd757b2000 	C:\WINDOWS\System32\cfgmgr32.dll
0x000000006a9f0000 - 0x000000006a9ff000 	C:\Program Files\Java\jdk1.8.0_91\jre\bin\verify.dll
0x000000006a9c0000 - 0x000000006a9e9000 	C:\Program Files\Java\jdk1.8.0_91\jre\bin\java.dll
0x000000006a9a0000 - 0x000000006a9b6000 	C:\Program Files\Java\jdk1.8.0_91\jre\bin\zip.dll
0x00007ffd75aa0000 - 0x00007ffd76fa8000 	C:\WINDOWS\System32\SHELL32.dll
0x00007ffd74e70000 - 0x00007ffd7554a000 	C:\WINDOWS\System32\windows.storage.dll
0x00007ffd749b0000 - 0x00007ffd749fc000 	C:\WINDOWS\System32\powrprof.dll
0x00007ffd77940000 - 0x00007ffd77992000 	C:\WINDOWS\System32\shlwapi.dll
0x00007ffd74990000 - 0x00007ffd7499f000 	C:\WINDOWS\System32\kernel.appcore.dll
0x00007ffd74dc0000 - 0x00007ffd74e69000 	C:\WINDOWS\System32\shcore.dll
0x00007ffd74970000 - 0x00007ffd74984000 	C:\WINDOWS\System32\profapi.dll

VM Arguments:
jvm_args: -Djava.awt.headless=true -Xmx1024M -Dfile.encoding=windows-1252 -Duser.country=BR -Duser.language=pt -Duser.variant 
java_command: com.android.dx.command.Main --dex --force-jumbo --num-threads=4 --multi-dex --output C:\Android\projects\dagonOpus\app\build\intermediates\transforms\dex\debug\folders\1000\10\com.google.android.gms-play-services-ads-8.1.0_ff66f9baa4bb6bf73b94ff349805ed2cf6d8f5cc C:\Android\projects\dagonOpus\app\build\intermediates\exploded-aar\com.google.android.gms\play-services-ads\8.1.0\jars\classes.jar
java_class_path (initial): C:\Android\build-tools\23.0.3\lib\dx.jar
Launcher Type: SUN_STANDARD

Environment Variables:
JAVA_HOME=C:\Program Files\Java\jdk1.8.0_91
PATH=C:\ProgramData\Oracle\Java\javapath;C:\WINDOWS\system32;C:\WINDOWS;C:\WINDOWS\System32\Wbem;C:\WINDOWS\System32\WindowsPowerShell\v1.0\;C:\Program Files (x86)\Windows Kits\8.1\Windows Performance Toolkit\;C:\Program Files\Microsoft SQL Server\110\Tools\Binn\;C:\Program Files (x86)\Microsoft SDKs\TypeScript\1.0\;C:\Program Files\Microsoft SQL Server\120\Tools\Binn\;C:\Program Files\Microsoft SQL Server\Client SDK\ODBC\110\Tools\Binn\;C:\Program Files (x86)\Microsoft SQL Server\120\Tools\Binn\;C:\Program Files\Microsoft SQL Server\120\DTS\Binn\;C:\Program Files (x86)\Microsoft SQL Server\120\Tools\Binn\ManagementStudio\;C:\Program Files (x86)\Microsoft SQL Server\120\DTS\Binn\;C:\Users\Ot·vio Paulino\AppData\Local\Microsoft\WindowsApps;
USERNAME=Ot·vio Paulino
OS=Windows_NT
PROCESSOR_IDENTIFIER=Intel64 Family 6 Model 37 Stepping 2, GenuineIntel



---------------  S Y S T E M  ---------------

OS: Windows 10.0 , 64 bit Build 14393 (10.0.14393.0)

CPU:total 4 (2 cores per cpu, 2 threads per core) family 6 model 37 stepping 2, cmov, cx8, fxsr, mmx, sse, sse2, sse3, ssse3, sse4.1, sse4.2, popcnt, ht, tsc, tscinvbit

Memory: 4k page, physical 4643540k(638604k free), swap 4643540k(5172k free)

vm_info: Java HotSpot(TM) 64-Bit Server VM (25.91-b14) for windows-amd64 JRE (1.8.0_91-b14), built on Apr  1 2016 00:58:32 by "java_re" with MS VC++ 10.0 (VS2010)

time: Wed Sep 21 19:30:16 2016
elapsed time: 27 seconds (0d 0h 0m 27s)

