#
# There is insufficient memory for the Java Runtime Environment to continue.
# Native memory allocation (malloc) failed to allocate 635056 bytes for Chunk::new
# Possible reasons:
#   The system is out of physical RAM or swap space
#   In 32 bit mode, the process size limit was hit
# Possible solutions:
#   Reduce memory load on the system
#   Increase physical memory or swap space
#   Check if swap backing store is full
#   Use 64 bit Java on a 64 bit OS
#   Decrease Java heap size (-Xmx/-Xms)
#   Decrease number of Java threads
#   Decrease Java thread stack sizes (-Xss)
#   Set larger code cache with -XX:ReservedCodeCacheSize=
# This output file may be truncated or incomplete.
#
#  Out of Memory Error (allocation.cpp:390), pid=6256, tid=8024
#
# JRE version: Java(TM) SE Runtime Environment (8.0_91-b14) (build 1.8.0_91-b14)
# Java VM: Java HotSpot(TM) 64-Bit Server VM (25.91-b14 mixed mode windows-amd64 compressed oops)
# Failed to write core dump. Minidumps are not enabled by default on client versions of Windows
#

---------------  T H R E A D  ---------------

Current thread (0x00000000154bc000):  JavaThread "C2 CompilerThread0" daemon [_thread_in_native, id=8024, stack(0x0000000016b20000,0x0000000016c20000)]

Stack: [0x0000000016b20000,0x0000000016c20000]
[error occurred during error reporting (printing stack bounds), id 0xc0000005]

Native frames: (J=compiled Java code, j=interpreted, Vv=VM code, C=native code)


Current CompileTask:
C2:  48509 2692   !   4       com.android.dx.cf.code.Ropper::processBlock (1101 bytes)


---------------  P R O C E S S  ---------------

Java Threads: ( => current thread )
  0x0000000017af7800 JavaThread "pool-2-thread-4" [_thread_in_Java, id=7820, stack(0x0000000018ff0000,0x00000000190f0000)]
  0x0000000017af7000 JavaThread "pool-2-thread-3" [_thread_in_Java, id=7552, stack(0x0000000018ef0000,0x0000000018ff0000)]
  0x00000000176bd000 JavaThread "pool-2-thread-2" [_thread_in_Java, id=3704, stack(0x0000000018df0000,0x0000000018ef0000)]
  0x00000000178f6000 JavaThread "pool-3-thread-1" [_thread_blocked, id=5084, stack(0x0000000018cf0000,0x0000000018df0000)]
  0x000000001795e800 JavaThread "pool-2-thread-1" [_thread_in_Java, id=7812, stack(0x0000000018bf0000,0x0000000018cf0000)]
  0x0000000016e25000 JavaThread "Service Thread" daemon [_thread_blocked, id=2572, stack(0x0000000017220000,0x0000000017320000)]
  0x000000001551c000 JavaThread "C1 CompilerThread2" daemon [_thread_blocked, id=4488, stack(0x0000000016d20000,0x0000000016e20000)]
  0x0000000015511000 JavaThread "C2 CompilerThread1" daemon [_thread_blocked, id=4500, stack(0x0000000016c20000,0x0000000016d20000)]
=>0x00000000154bc000 JavaThread "C2 CompilerThread0" daemon [_thread_in_native, id=8024, stack(0x0000000016b20000,0x0000000016c20000)]
  0x00000000154ba800 JavaThread "Attach Listener" daemon [_thread_blocked, id=3820, stack(0x0000000016a20000,0x0000000016b20000)]
  0x00000000154b9800 JavaThread "Signal Dispatcher" daemon [_thread_blocked, id=1668, stack(0x0000000016920000,0x0000000016a20000)]
  0x0000000002de4800 JavaThread "Finalizer" daemon [_thread_blocked, id=6828, stack(0x0000000016720000,0x0000000016820000)]
  0x0000000002ddf800 JavaThread "Reference Handler" daemon [_thread_blocked, id=4036, stack(0x0000000016620000,0x0000000016720000)]
  0x0000000002bee000 JavaThread "main" [_thread_blocked, id=7732, stack(0x0000000002a60000,0x0000000002b60000)]

Other Threads:
  0x0000000015487800 VMThread [stack: 0x0000000016520000,0x0000000016620000] [id=3060]
  0x0000000016e39800 WatcherThread [stack: 0x0000000017320000,0x0000000017420000] [id=7528]

VM state:not at safepoint (normal execution)

VM Mutex/Monitor currently owned by a thread: None

Heap:
 PSYoungGen      total 232960K, used 109278K [0x00000000eab00000, 0x0000000100000000, 0x0000000100000000)
  eden space 116736K, 76% used [0x00000000eab00000,0x00000000f0281478,0x00000000f1d00000)
  from space 116224K, 16% used [0x00000000f8e80000,0x00000000fa1b6608,0x0000000100000000)
  to   space 116224K, 0% used [0x00000000f1d00000,0x00000000f1d00000,0x00000000f8e80000)
 ParOldGen       total 453632K, used 250648K [0x00000000c0000000, 0x00000000dbb00000, 0x00000000eab00000)
  object space 453632K, 55% used [0x00000000c0000000,0x00000000cf4c63e0,0x00000000dbb00000)
 Metaspace       used 6543K, capacity 7256K, committed 7424K, reserved 1056768K
  class space    used 623K, capacity 656K, committed 768K, reserved 1048576K

Card table byte_map: [0x00000000121b0000,0x00000000123c0000] byte_map_base: 0x0000000011bb0000

Marking Bits: (ParMarkBitMap*) 0x000000006b312f70
 Begin Bits: [0x0000000012920000, 0x0000000013920000)
 End Bits:   [0x0000000013920000, 0x0000000014920000)

Polling page: 0x0000000002a30000

CodeCache: size=245760Kb used=9822Kb max_used=11604Kb free=235937Kb
 bounds [0x0000000002df0000, 0x0000000003950000, 0x0000000011df0000]
 total_blobs=2329 nmethods=2060 adapters=182
 compilation: enabled

Compilation events (10 events):
Event: 47.494 Thread 0x0000000015511000 nmethod 2720 0x0000000002f1c110 code [0x0000000002f1c260, 0x0000000002f1c318]
Event: 47.496 Thread 0x000000001551c000 nmethod 2722 0x000000000302dbd0 code [0x000000000302de60, 0x000000000302f1d8]
Event: 47.585 Thread 0x000000001551c000 2723       3       com.android.dx.rop.code.Rops::opAnd (21 bytes)
Event: 47.585 Thread 0x000000001551c000 nmethod 2723 0x00000000030d0890 code [0x00000000030d0a00, 0x00000000030d0bc8]
Event: 48.221 Thread 0x0000000015511000 2724       4       com.android.dx.rop.code.Rops::opXor (21 bytes)
Event: 48.227 Thread 0x0000000015511000 nmethod 2724 0x00000000030f53d0 code [0x00000000030f5540, 0x00000000030f5708]
Event: 48.290 Thread 0x000000001551c000 2725       3       com.android.dx.ssa.back.SsaToRop::convert (99 bytes)
Event: 48.293 Thread 0x000000001551c000 nmethod 2725 0x0000000003006fd0 code [0x0000000003007280, 0x0000000003008578]
Event: 48.293 Thread 0x000000001551c000 2726       3       com.android.dx.ssa.back.FirstFitLocalCombiningAllocator::<init> (141 bytes)
Event: 48.295 Thread 0x000000001551c000 nmethod 2726 0x00000000031a2a50 code [0x00000000031a2ce0, 0x00000000031a3fc8]

GC Heap History (10 events):
Event: 35.772 GC heap before
{Heap before GC invocations=16 (full 3):
 PSYoungGen      total 225280K, used 194730K [0x00000000eab00000, 0x00000000fd500000, 0x0000000100000000)
  eden space 151552K, 100% used [0x00000000eab00000,0x00000000f3f00000,0x00000000f3f00000)
  from space 73728K, 58% used [0x00000000f8880000,0x00000000fb2aaa90,0x00000000fd080000)
  to   space 75264K, 0% used [0x00000000f3f00000,0x00000000f3f00000,0x00000000f8880000)
 ParOldGen       total 343040K, used 202910K [0x00000000c0000000, 0x00000000d4f00000, 0x00000000eab00000)
  object space 343040K, 59% used [0x00000000c0000000,0x00000000cc627900,0x00000000d4f00000)
 Metaspace       used 6527K, capacity 7256K, committed 7424K, reserved 1056768K
  class space    used 621K, capacity 656K, committed 768K, reserved 1048576K
Event: 37.124 GC heap after
Heap after GC invocations=16 (full 3):
 PSYoungGen      total 226816K, used 75232K [0x00000000eab00000, 0x0000000100000000, 0x0000000100000000)
  eden space 151552K, 0% used [0x00000000eab00000,0x00000000eab00000,0x00000000f3f00000)
  from space 75264K, 99% used [0x00000000f3f00000,0x00000000f8878200,0x00000000f8880000)
  to   space 99840K, 0% used [0x00000000f9e80000,0x00000000f9e80000,0x0000000100000000)
 ParOldGen       total 343040K, used 235368K [0x00000000c0000000, 0x00000000d4f00000, 0x00000000eab00000)
  object space 343040K, 68% used [0x00000000c0000000,0x00000000ce5da148,0x00000000d4f00000)
 Metaspace       used 6527K, capacity 7256K, committed 7424K, reserved 1056768K
  class space    used 621K, capacity 656K, committed 768K, reserved 1048576K
}
Event: 37.709 GC heap before
{Heap before GC invocations=17 (full 3):
 PSYoungGen      total 226816K, used 226784K [0x00000000eab00000, 0x0000000100000000, 0x0000000100000000)
  eden space 151552K, 100% used [0x00000000eab00000,0x00000000f3f00000,0x00000000f3f00000)
  from space 75264K, 99% used [0x00000000f3f00000,0x00000000f8878200,0x00000000f8880000)
  to   space 99840K, 0% used [0x00000000f9e80000,0x00000000f9e80000,0x0000000100000000)
 ParOldGen       total 343040K, used 235368K [0x00000000c0000000, 0x00000000d4f00000, 0x00000000eab00000)
  object space 343040K, 68% used [0x00000000c0000000,0x00000000ce5da148,0x00000000d4f00000)
 Metaspace       used 6529K, capacity 7256K, committed 7424K, reserved 1056768K
  class space    used 622K, capacity 656K, committed 768K, reserved 1048576K
Event: 38.667 GC heap after
Heap after GC invocations=17 (full 3):
 PSYoungGen      total 216576K, used 99834K [0x00000000eab00000, 0x0000000100000000, 0x0000000100000000)
  eden space 116736K, 0% used [0x00000000eab00000,0x00000000eab00000,0x00000000f1d00000)
  from space 99840K, 99% used [0x00000000f9e80000,0x00000000ffffe948,0x0000000100000000)
  to   space 116224K, 0% used [0x00000000f1d00000,0x00000000f1d00000,0x00000000f8e80000)
 ParOldGen       total 343040K, used 278274K [0x00000000c0000000, 0x00000000d4f00000, 0x00000000eab00000)
  object space 343040K, 81% used [0x00000000c0000000,0x00000000d0fc0aa0,0x00000000d4f00000)
 Metaspace       used 6529K, capacity 7256K, committed 7424K, reserved 1056768K
  class space    used 622K, capacity 656K, committed 768K, reserved 1048576K
}
Event: 39.931 GC heap before
{Heap before GC invocations=18 (full 3):
 PSYoungGen      total 216576K, used 216570K [0x00000000eab00000, 0x0000000100000000, 0x0000000100000000)
  eden space 116736K, 100% used [0x00000000eab00000,0x00000000f1d00000,0x00000000f1d00000)
  from space 99840K, 99% used [0x00000000f9e80000,0x00000000ffffe948,0x0000000100000000)
  to   space 116224K, 0% used [0x00000000f1d00000,0x00000000f1d00000,0x00000000f8e80000)
 ParOldGen       total 343040K, used 278274K [0x00000000c0000000, 0x00000000d4f00000, 0x00000000eab00000)
  object space 343040K, 81% used [0x00000000c0000000,0x00000000d0fc0aa0,0x00000000d4f00000)
 Metaspace       used 6530K, capacity 7256K, committed 7424K, reserved 1056768K
  class space    used 622K, capacity 656K, committed 768K, reserved 1048576K
Event: 40.490 GC heap after
Heap after GC invocations=18 (full 3):
 PSYoungGen      total 232960K, used 43511K [0x00000000eab00000, 0x0000000100000000, 0x0000000100000000)
  eden space 116736K, 0% used [0x00000000eab00000,0x00000000eab00000,0x00000000f1d00000)
  from space 116224K, 37% used [0x00000000f1d00000,0x00000000f477dd88,0x00000000f8e80000)
  to   space 116224K, 0% used [0x00000000f8e80000,0x00000000f8e80000,0x0000000100000000)
 ParOldGen       total 379904K, used 379784K [0x00000000c0000000, 0x00000000d7300000, 0x00000000eab00000)
  object space 379904K, 99% used [0x00000000c0000000,0x00000000d72e2360,0x00000000d7300000)
 Metaspace       used 6530K, capacity 7256K, committed 7424K, reserved 1056768K
  class space    used 622K, capacity 656K, committed 768K, reserved 1048576K
}
Event: 40.490 GC heap before
{Heap before GC invocations=19 (full 4):
 PSYoungGen      total 232960K, used 43511K [0x00000000eab00000, 0x0000000100000000, 0x0000000100000000)
  eden space 116736K, 0% used [0x00000000eab00000,0x00000000eab00000,0x00000000f1d00000)
  from space 116224K, 37% used [0x00000000f1d00000,0x00000000f477dd88,0x00000000f8e80000)
  to   space 116224K, 0% used [0x00000000f8e80000,0x00000000f8e80000,0x0000000100000000)
 ParOldGen       total 379904K, used 379784K [0x00000000c0000000, 0x00000000d7300000, 0x00000000eab00000)
  object space 379904K, 99% used [0x00000000c0000000,0x00000000d72e2360,0x00000000d7300000)
 Metaspace       used 6530K, capacity 7256K, committed 7424K, reserved 1056768K
  class space    used 622K, capacity 656K, committed 768K, reserved 1048576K
Event: 44.562 GC heap after
Heap after GC invocations=19 (full 4):
 PSYoungGen      total 232960K, used 0K [0x00000000eab00000, 0x0000000100000000, 0x0000000100000000)
  eden space 116736K, 0% used [0x00000000eab00000,0x00000000eab00000,0x00000000f1d00000)
  from space 116224K, 0% used [0x00000000f1d00000,0x00000000f1d00000,0x00000000f8e80000)
  to   space 116224K, 0% used [0x00000000f8e80000,0x00000000f8e80000,0x0000000100000000)
 ParOldGen       total 453632K, used 250640K [0x00000000c0000000, 0x00000000dbb00000, 0x00000000eab00000)
  object space 453632K, 55% used [0x00000000c0000000,0x00000000cf4c43e0,0x00000000dbb00000)
 Metaspace       used 6530K, capacity 7256K, committed 7424K, reserved 1056768K
  class space    used 622K, capacity 656K, committed 768K, reserved 1048576K
}
Event: 46.036 GC heap before
{Heap before GC invocations=20 (full 4):
 PSYoungGen      total 232960K, used 116736K [0x00000000eab00000, 0x0000000100000000, 0x0000000100000000)
  eden space 116736K, 100% used [0x00000000eab00000,0x00000000f1d00000,0x00000000f1d00000)
  from space 116224K, 0% used [0x00000000f1d00000,0x00000000f1d00000,0x00000000f8e80000)
  to   space 116224K, 0% used [0x00000000f8e80000,0x00000000f8e80000,0x0000000100000000)
 ParOldGen       total 453632K, used 250640K [0x00000000c0000000, 0x00000000dbb00000, 0x00000000eab00000)
  object space 453632K, 55% used [0x00000000c0000000,0x00000000cf4c43e0,0x00000000dbb00000)
 Metaspace       used 6536K, capacity 7256K, committed 7424K, reserved 1056768K
  class space    used 622K, capacity 656K, committed 768K, reserved 1048576K
Event: 46.134 GC heap after
Heap after GC invocations=20 (full 4):
 PSYoungGen      total 232960K, used 19673K [0x00000000eab00000, 0x0000000100000000, 0x0000000100000000)
  eden space 116736K, 0% used [0x00000000eab00000,0x00000000eab00000,0x00000000f1d00000)
  from space 116224K, 16% used [0x00000000f8e80000,0x00000000fa1b6608,0x0000000100000000)
  to   space 116224K, 0% used [0x00000000f1d00000,0x00000000f1d00000,0x00000000f8e80000)
 ParOldGen       total 453632K, used 250648K [0x00000000c0000000, 0x00000000dbb00000, 0x00000000eab00000)
  object space 453632K, 55% used [0x00000000c0000000,0x00000000cf4c63e0,0x00000000dbb00000)
 Metaspace       used 6536K, capacity 7256K, committed 7424K, reserved 1056768K
  class space    used 622K, capacity 656K, committed 768K, reserved 1048576K
}

Deoptimization events (10 events):
Event: 38.890 Thread 0x0000000002bee000 Uncommon trap: reason=class_check action=maybe_recompile pc=0x00000000037e6e64 method=com.android.dx.cf.code.BytecodeArray.parseInstruction(ILcom/android/dx/cf/code/BytecodeArray$Visitor;)I @ 2002
Event: 39.607 Thread 0x0000000002bee000 Uncommon trap: reason=unstable_if action=reinterpret pc=0x0000000003685cf4 method=com.android.dx.ssa.Dominators.run()V @ 346
Event: 39.620 Thread 0x0000000002bee000 Uncommon trap: reason=bimorphic action=maybe_recompile pc=0x00000000038c8ab4 method=com.android.dx.cf.code.BytecodeArray.parseInstruction(ILcom/android/dx/cf/code/BytecodeArray$Visitor;)I @ 1501
Event: 39.621 Thread 0x0000000002bee000 Uncommon trap: reason=bimorphic action=maybe_recompile pc=0x00000000038c8ab4 method=com.android.dx.cf.code.BytecodeArray.parseInstruction(ILcom/android/dx/cf/code/BytecodeArray$Visitor;)I @ 1501
Event: 44.840 Thread 0x0000000002bee000 Uncommon trap: reason=unstable_if action=reinterpret pc=0x0000000003878628 method=com.android.dx.cf.code.RopperMachine.run(Lcom/android/dx/cf/code/Frame;II)V @ 1148
Event: 45.509 Thread 0x0000000002bee000 Uncommon trap: reason=unstable_if action=reinterpret pc=0x00000000038598d8 method=com.android.dx.ssa.PhiTypeResolver.equalsHandlesNulls(Lcom/android/dx/rop/code/LocalItem;Lcom/android/dx/rop/code/LocalItem;)Z @ 2
Event: 45.860 Thread 0x0000000002bee000 Uncommon trap: reason=class_check action=maybe_recompile pc=0x0000000003675244 method=com.android.dx.cf.code.Ropper.processBlock(Lcom/android/dx/cf/code/ByteBlock;Lcom/android/dx/cf/code/Frame;[I)V @ 711
Event: 46.135 Thread 0x0000000002bee000 Uncommon trap: reason=class_check action=maybe_recompile pc=0x0000000003675244 method=com.android.dx.cf.code.Ropper.processBlock(Lcom/android/dx/cf/code/ByteBlock;Lcom/android/dx/cf/code/Frame;[I)V @ 711
Event: 46.135 Thread 0x0000000002bee000 Uncommon trap: reason=class_check action=maybe_recompile pc=0x0000000003675244 method=com.android.dx.cf.code.Ropper.processBlock(Lcom/android/dx/cf/code/ByteBlock;Lcom/android/dx/cf/code/Frame;[I)V @ 711
Event: 46.135 Thread 0x0000000002bee000 Uncommon trap: reason=class_check action=maybe_recompile pc=0x0000000003675244 method=com.android.dx.cf.code.Ropper.processBlock(Lcom/android/dx/cf/code/ByteBlock;Lcom/android/dx/cf/code/Frame;[I)V @ 711

Internal exceptions (5 events):
Event: 1.416 Thread 0x0000000002bee000 Exception <a 'java/lang/NoSuchMethodError': Method sun.misc.Unsafe.defineClass(Ljava/lang/String;[BII)Ljava/lang/Class; name or signature does not match> (0x00000000eab07cc0) thrown at [C:\re\workspace\8-2-build-windows-amd64-cygwin\jdk8u91\6644\hotspot\sr¢2’'ú¨ö?
Event: 1.416 Thread 0x0000000002bee000 Exception <a 'java/lang/NoSuchMethodError': Method sun.misc.Unsafe.prefetchRead(Ljava/lang/Object;J)V name or signature does not match> (0x00000000eab07fa8) thrown at [C:\re\workspace\8-2-build-windows-amd64-cygwin\jdk8u91\6644\hotspot\src\share\vm\prims\j+fÂ}q^@
Event: 7.842 Thread 0x000000001795e800 Exception <a 'java/lang/ArrayIndexOutOfBoundsException': 18> (0x00000000ec7b6978) thrown at [C:\re\workspace\8-2-build-windows-amd64-cygwin\jdk8u91\6644\hotspot\src\share\vm\interpreter\interpreterRuntime.cpp, line 366]
Event: 7.843 Thread 0x000000001795e800 Exception <a 'java/lang/ArrayIndexOutOfBoundsException': 145> (0x00000000ec7b84f8) thrown at [C:\re\workspace\8-2-build-windows-amd64-cygwin\jdk8u91\6644\hotspot\src\share\vm\interpreter\interpreterRuntime.cpp, line 366]
Event: 7.844 Thread 0x000000001795e800 Exception <a 'java/lang/ArrayIndexOutOfBoundsException'> (0x00000000ec7b97e0) thrown at [C:\re\workspace\8-2-build-windows-amd64-cygwin\jdk8u91\6644\hotspot\src\share\vm\runtime\sharedRuntime.cpp, line 605]

Events (10 events):
Event: 46.694 Thread 0x0000000002bee000 DEOPT PACKING pc=0x000000000390d487 sp=0x0000000002b5e490
Event: 46.694 Thread 0x0000000002bee000 DEOPT UNPACKING pc=0x0000000002e3747f sp=0x0000000002b5e1b8 mode 0
Event: 47.325 Thread 0x0000000002bee000 DEOPT PACKING pc=0x00000000038e2e85 sp=0x0000000002b5e2a0
Event: 47.325 Thread 0x0000000002bee000 DEOPT UNPACKING pc=0x0000000002e3747f sp=0x0000000002b5e0e0 mode 0
Event: 47.328 loading class java/util/HashMap$KeySet
Event: 47.328 loading class java/util/HashMap$KeySet done
Event: 47.328 loading class java/util/HashMap$KeyIterator
Event: 47.328 loading class java/util/HashMap$KeyIterator done
Event: 47.494 Thread 0x0000000017af7000 DEOPT PACKING pc=0x000000000340be01 sp=0x0000000018feeb50
Event: 47.494 Thread 0x0000000017af7000 DEOPT UNPACKING pc=0x0000000002e3747f sp=0x0000000018fee858 mode 0


Dynamic libraries:
0x00007ff667e20000 - 0x00007ff667e57000 	C:\Program Files\Java\jdk1.8.0_91\bin\java.exe
0x00007ffd78510000 - 0x00007ffd786e1000 	C:\WINDOWS\SYSTEM32\ntdll.dll
0x00007ffd77080000 - 0x00007ffd7712b000 	C:\WINDOWS\System32\KERNEL32.DLL
0x00007ffd74a00000 - 0x00007ffd74c1d000 	C:\WINDOWS\System32\KERNELBASE.dll
0x00007ffd775b0000 - 0x00007ffd77652000 	C:\WINDOWS\System32\ADVAPI32.dll
0x00007ffd778a0000 - 0x00007ffd7793e000 	C:\WINDOWS\System32\msvcrt.dll
0x00007ffd77020000 - 0x00007ffd77079000 	C:\WINDOWS\System32\sechost.dll
0x00007ffd77130000 - 0x00007ffd77251000 	C:\WINDOWS\System32\RPCRT4.dll
0x00007ffd77aa0000 - 0x00007ffd77c05000 	C:\WINDOWS\System32\USER32.dll
0x00007ffd756e0000 - 0x00007ffd756fe000 	C:\WINDOWS\System32\win32u.dll
0x00007ffd77c30000 - 0x00007ffd77c64000 	C:\WINDOWS\System32\GDI32.dll
0x00007ffd75550000 - 0x00007ffd756d2000 	C:\WINDOWS\System32\gdi32full.dll
0x00007ffd6dee0000 - 0x00007ffd6e159000 	C:\WINDOWS\WinSxS\amd64_microsoft.windows.common-controls_6595b64144ccf1df_6.0.14393.0_none_2d0f50fcbdb171b8\COMCTL32.dll
0x00007ffd77c70000 - 0x00007ffd77f37000 	C:\WINDOWS\System32\combase.dll
0x00007ffd74c20000 - 0x00007ffd74d15000 	C:\WINDOWS\System32\ucrtbase.dll
0x00007ffd75700000 - 0x00007ffd7576a000 	C:\WINDOWS\System32\bcryptPrimitives.dll
0x00007ffd77580000 - 0x00007ffd775ae000 	C:\WINDOWS\System32\IMM32.DLL
0x000000006a5a0000 - 0x000000006a672000 	C:\Program Files\Java\jdk1.8.0_91\jre\bin\msvcr100.dll
0x000000006ab00000 - 0x000000006b393000 	C:\Program Files\Java\jdk1.8.0_91\jre\bin\server\jvm.dll
0x00007ffd77430000 - 0x00007ffd77438000 	C:\WINDOWS\System32\PSAPI.DLL
0x00007ffd6c3c0000 - 0x00007ffd6c3c9000 	C:\WINDOWS\SYSTEM32\WSOCK32.dll
0x00007ffd77660000 - 0x00007ffd776ca000 	C:\WINDOWS\System32\WS2_32.dll
0x00007ffd72200000 - 0x00007ffd72223000 	C:\WINDOWS\SYSTEM32\WINMM.dll
0x00007ffd701b0000 - 0x00007ffd701ba000 	C:\WINDOWS\SYSTEM32\VERSION.dll
0x00007ffd71c90000 - 0x00007ffd71cbb000 	C:\WINDOWS\SYSTEM32\WINMMBASE.dll
0x00007ffd75770000 - 0x00007ffd757b2000 	C:\WINDOWS\System32\cfgmgr32.dll
0x000000006aa10000 - 0x000000006aa1f000 	C:\Program Files\Java\jdk1.8.0_91\jre\bin\verify.dll
0x000000006a9e0000 - 0x000000006aa09000 	C:\Program Files\Java\jdk1.8.0_91\jre\bin\java.dll
0x000000006a9c0000 - 0x000000006a9d6000 	C:\Program Files\Java\jdk1.8.0_91\jre\bin\zip.dll
0x00007ffd75aa0000 - 0x00007ffd76fa8000 	C:\WINDOWS\System32\SHELL32.dll
0x00007ffd74e70000 - 0x00007ffd7554a000 	C:\WINDOWS\System32\windows.storage.dll
0x00007ffd749b0000 - 0x00007ffd749fc000 	C:\WINDOWS\System32\powrprof.dll
0x00007ffd77940000 - 0x00007ffd77992000 	C:\WINDOWS\System32\shlwapi.dll
0x00007ffd74990000 - 0x00007ffd7499f000 	C:\WINDOWS\System32\kernel.appcore.dll
0x00007ffd74dc0000 - 0x00007ffd74e69000 	C:\WINDOWS\System32\shcore.dll
0x00007ffd74970000 - 0x00007ffd74984000 	C:\WINDOWS\System32\profapi.dll

VM Arguments:
jvm_args: -Djava.awt.headless=true -Xmx1024M -Dfile.encoding=windows-1252 -Duser.country=BR -Duser.language=pt -Duser.variant 
java_command: com.android.dx.command.Main --dex --force-jumbo --num-threads=4 --multi-dex --output C:\Android\projects\dagonOpus\app\build\intermediates\transforms\dex\debug\folders\1000\10\com.google.android.gms-play-services-ads-8.1.0_ff66f9baa4bb6bf73b94ff349805ed2cf6d8f5cc C:\Android\projects\dagonOpus\app\build\intermediates\exploded-aar\com.google.android.gms\play-services-ads\8.1.0\jars\classes.jar
java_class_path (initial): C:\Android\build-tools\23.0.3\lib\dx.jar
Launcher Type: SUN_STANDARD

Environment Variables:
JAVA_HOME=C:\Program Files\Java\jdk1.8.0_91
PATH=C:\ProgramData\Oracle\Java\javapath;C:\WINDOWS\system32;C:\WINDOWS;C:\WINDOWS\System32\Wbem;C:\WINDOWS\System32\WindowsPowerShell\v1.0\;C:\Program Files (x86)\Windows Kits\8.1\Windows Performance Toolkit\;C:\Program Files\Microsoft SQL Server\110\Tools\Binn\;C:\Program Files (x86)\Microsoft SDKs\TypeScript\1.0\;C:\Program Files\Microsoft SQL Server\120\Tools\Binn\;C:\Program Files\Microsoft SQL Server\Client SDK\ODBC\110\Tools\Binn\;C:\Program Files (x86)\Microsoft SQL Server\120\Tools\Binn\;C:\Program Files\Microsoft SQL Server\120\DTS\Binn\;C:\Program Files (x86)\Microsoft SQL Server\120\Tools\Binn\ManagementStudio\;C:\Program Files (x86)\Microsoft SQL Server\120\DTS\Binn\;C:\Users\Otávio Paulino\AppData\Local\Microsoft\WindowsApps;
USERNAME=Otávio Paulino
OS=Windows_NT
PROCESSOR_IDENTIFIER=Intel64 Family 6 Model 37 Stepping 2, GenuineIntel



---------------  S Y S T E M  ---------------

OS: Windows 10.0 , 64 bit Build 14393 (10.0.14393.0)

CPU:total 4 (2 cores per cpu, 2 threads per core) family 6 model 37 stepping 2, cmov, cx8, fxsr, mmx, sse, sse2, sse3, ssse3, sse4.1, sse4.2, popcnt, ht, tsc, tscinvbit

Memory: 4k page, physical 4643540k(331852k free), swap 4643540k(5200k free)

vm_info: Java HotSpot(TM) 64-Bit Server VM (25.91-b14) for windows-amd64 JRE (1.8.0_91-b14), built on Apr  1 2016 00:58:32 by "java_re" with MS VC++ 10.0 (VS2010)

time: Wed Sep 21 23:40:06 2016
elapsed time: 48 seconds (0d 0h 0m 48s)

