#
# There is insufficient memory for the Java Runtime Environment to continue.
# Native memory allocation (malloc) failed to allocate 443376 bytes for Chunk::new
# Possible reasons:
#   The system is out of physical RAM or swap space
#   In 32 bit mode, the process size limit was hit
# Possible solutions:
#   Reduce memory load on the system
#   Increase physical memory or swap space
#   Check if swap backing store is full
#   Use 64 bit Java on a 64 bit OS
#   Decrease Java heap size (-Xmx/-Xms)
#   Decrease number of Java threads
#   Decrease Java thread stack sizes (-Xss)
#   Set larger code cache with -XX:ReservedCodeCacheSize=
# This output file may be truncated or incomplete.
#
#  Out of Memory Error (allocation.cpp:390), pid=672, tid=3672
#
# JRE version: Java(TM) SE Runtime Environment (8.0_91-b14) (build 1.8.0_91-b14)
# Java VM: Java HotSpot(TM) 64-Bit Server VM (25.91-b14 mixed mode windows-amd64 compressed oops)
# Failed to write core dump. Minidumps are not enabled by default on client versions of Windows
#

---------------  T H R E A D  ---------------

Current thread (0x00000000156fc000):  JavaThread "C2 CompilerThread0" daemon [_thread_in_native, id=3672, stack(0x0000000016d50000,0x0000000016e50000)]

Stack: [0x0000000016d50000,0x0000000016e50000]
[error occurred during error reporting (printing stack bounds), id 0xc0000005]

Native frames: (J=compiled Java code, j=interpreted, Vv=VM code, C=native code)


Current CompileTask:
C2:  10231  673       4       com.android.dx.ssa.SsaBasicBlock::forEachInsn (37 bytes)


---------------  P R O C E S S  ---------------

Java Threads: ( => current thread )
  0x00000000172aa800 JavaThread "pool-2-thread-4" [_thread_blocked, id=7128, stack(0x0000000017a50000,0x0000000017b50000)]
  0x00000000172aa000 JavaThread "pool-2-thread-3" [_thread_in_Java, id=4844, stack(0x0000000017950000,0x0000000017a50000)]
  0x00000000172a8800 JavaThread "pool-2-thread-2" [_thread_in_Java, id=4664, stack(0x0000000017850000,0x0000000017950000)]
  0x00000000172a5800 JavaThread "pool-3-thread-1" [_thread_blocked, id=4128, stack(0x0000000017750000,0x0000000017850000)]
  0x00000000172a2800 JavaThread "pool-2-thread-1" [_thread_in_Java, id=32, stack(0x0000000017650000,0x0000000017750000)]
  0x000000001575d000 JavaThread "Service Thread" daemon [_thread_blocked, id=6860, stack(0x0000000017450000,0x0000000017550000)]
  0x0000000015758800 JavaThread "C1 CompilerThread2" daemon [_thread_in_native, id=6516, stack(0x0000000016f50000,0x0000000017050000)]
  0x00000000156ff800 JavaThread "C2 CompilerThread1" daemon [_thread_in_native, id=6716, stack(0x0000000016e50000,0x0000000016f50000)]
=>0x00000000156fc000 JavaThread "C2 CompilerThread0" daemon [_thread_in_native, id=3672, stack(0x0000000016d50000,0x0000000016e50000)]
  0x00000000156fa800 JavaThread "Attach Listener" daemon [_thread_blocked, id=2752, stack(0x0000000016c50000,0x0000000016d50000)]
  0x00000000156f9800 JavaThread "Signal Dispatcher" daemon [_thread_blocked, id=5904, stack(0x0000000016b50000,0x0000000016c50000)]
  0x0000000003024800 JavaThread "Finalizer" daemon [_thread_blocked, id=4824, stack(0x0000000016950000,0x0000000016a50000)]
  0x000000000301f800 JavaThread "Reference Handler" daemon [_thread_blocked, id=3096, stack(0x0000000016850000,0x0000000016950000)]
  0x0000000002f2e000 JavaThread "main" [_thread_in_vm, id=1004, stack(0x0000000002de0000,0x0000000002ee0000)]

Other Threads:
  0x00000000156c7800 VMThread [stack: 0x0000000016750000,0x0000000016850000] [id=1336]
  0x0000000017059000 WatcherThread [stack: 0x0000000017550000,0x0000000017650000] [id=4280]

VM state:not at safepoint (normal execution)

VM Mutex/Monitor currently owned by a thread: None

Heap:
 PSYoungGen      total 21504K, used 14058K [0x00000000eab00000, 0x00000000ec300000, 0x0000000100000000)
  eden space 18432K, 76% used [0x00000000eab00000,0x00000000eb8babb8,0x00000000ebd00000)
  from space 3072K, 0% used [0x00000000ec000000,0x00000000ec000000,0x00000000ec300000)
  to   space 3072K, 0% used [0x00000000ebd00000,0x00000000ebd00000,0x00000000ec000000)
 ParOldGen       total 49152K, used 0K [0x00000000c0000000, 0x00000000c3000000, 0x00000000eab00000)
  object space 49152K, 0% used [0x00000000c0000000,0x00000000c0000000,0x00000000c3000000)
 Metaspace       used 5680K, capacity 6640K, committed 6784K, reserved 1056768K
  class space    used 593K, capacity 616K, committed 640K, reserved 1048576K

Card table byte_map: [0x00000000123f0000,0x0000000012600000] byte_map_base: 0x0000000011df0000

Marking Bits: (ParMarkBitMap*) 0x000000006b2f2f70
 Begin Bits: [0x0000000012b60000, 0x0000000013b60000)
 End Bits:   [0x0000000013b60000, 0x0000000014b60000)

Polling page: 0x0000000001210000

CodeCache: size=245760Kb used=2842Kb max_used=2853Kb free=242917Kb
 bounds [0x0000000003030000, 0x0000000003300000, 0x0000000012030000]
 total_blobs=948 nmethods=680 adapters=182
 compilation: enabled

Compilation events (10 events):
Event: 10.193 Thread 0x0000000015758800  686       3       com.android.dx.cf.code.BaseMachine::storeResults (90 bytes)
Event: 10.194 Thread 0x0000000015758800 nmethod 686 0x00000000032d6e50 code [0x00000000032d7040, 0x00000000032d7b08]
Event: 10.194 Thread 0x0000000015758800  685   !   3       com.android.dx.cf.code.RopperMachine::run (1550 bytes)
Event: 10.203 Thread 0x00000000156fc000  673       4       com.android.dx.ssa.SsaBasicBlock::forEachInsn (37 bytes)
Event: 10.203 Thread 0x00000000156ff800  674       4       java.util.ArrayList::iterator (10 bytes)
Event: 10.205 Thread 0x00000000156ff800 nmethod 674 0x00000000032dad10 code [0x00000000032dae60, 0x00000000032daf68]
Event: 10.205 Thread 0x00000000156ff800  690   !   4       com.android.dx.util.FixedSizeList::set0 (22 bytes)
Event: 10.206 Thread 0x00000000156ff800 nmethod 690 0x00000000032db050 code [0x00000000032db1a0, 0x00000000032db2b8]
Event: 10.206 Thread 0x00000000156ff800  684       4       com.android.dx.util.LabeledList::indexOfLabel (22 bytes)
Event: 10.208 Thread 0x00000000156ff800 nmethod 684 0x00000000032db3d0 code [0x00000000032db520, 0x00000000032db5d8]

GC Heap History (0 events):
No events

Deoptimization events (0 events):
No events

Internal exceptions (2 events):
Event: 3.752 Thread 0x0000000002f2e000 Exception <a 'java/lang/NoSuchMethodError': Method sun.misc.Unsafe.defineClass(Ljava/lang/String;[BII)Ljava/lang/Class; name or signature does not match> (0x00000000eab07cc0) thrown at [C:\re\workspace\8-2-build-windows-amd64-cygwin\jdk8u91\6644\hotspot\sr,H)vÿ@
Event: 3.752 Thread 0x0000000002f2e000 Exception <a 'java/lang/NoSuchMethodError': Method sun.misc.Unsafe.prefetchRead(Ljava/lang/Object;J)V name or signature does not match> (0x00000000eab07fa8) thrown at [C:\re\workspace\8-2-build-windows-amd64-cygwin\jdk8u91\6644\hotspot\src\share\vm\prims\j

Events (10 events):
Event: 9.925 Executing VM operation: RevokeBias
Event: 9.926 Executing VM operation: RevokeBias done
Event: 9.931 loading class com/android/dx/dex/code/StdCatchBuilder
Event: 9.931 loading class com/android/dx/dex/code/StdCatchBuilder done
Event: 9.933 loading class com/android/dx/dex/code/DalvCode
Event: 9.933 loading class com/android/dx/dex/code/DalvCode done
Event: 9.934 loading class java/io/PrintWriter
Event: 9.934 loading class java/io/PrintWriter done
Event: 9.934 loading class com/android/dx/dex/file/DebugInfoItem
Event: 9.934 loading class com/android/dx/dex/file/DebugInfoItem done


Dynamic libraries:
0x00007ff61be20000 - 0x00007ff61be57000 	C:\Program Files\Java\jdk1.8.0_91\bin\java.exe
0x00007ffd78510000 - 0x00007ffd786e1000 	C:\WINDOWS\SYSTEM32\ntdll.dll
0x00007ffd77080000 - 0x00007ffd7712b000 	C:\WINDOWS\System32\KERNEL32.DLL
0x00007ffd74a00000 - 0x00007ffd74c1d000 	C:\WINDOWS\System32\KERNELBASE.dll
0x00007ffd775b0000 - 0x00007ffd77652000 	C:\WINDOWS\System32\ADVAPI32.dll
0x00007ffd778a0000 - 0x00007ffd7793e000 	C:\WINDOWS\System32\msvcrt.dll
0x00007ffd77020000 - 0x00007ffd77079000 	C:\WINDOWS\System32\sechost.dll
0x00007ffd77130000 - 0x00007ffd77251000 	C:\WINDOWS\System32\RPCRT4.dll
0x00007ffd77aa0000 - 0x00007ffd77c05000 	C:\WINDOWS\System32\USER32.dll
0x00007ffd756e0000 - 0x00007ffd756fe000 	C:\WINDOWS\System32\win32u.dll
0x00007ffd77c30000 - 0x00007ffd77c64000 	C:\WINDOWS\System32\GDI32.dll
0x00007ffd75550000 - 0x00007ffd756d2000 	C:\WINDOWS\System32\gdi32full.dll
0x00007ffd6dee0000 - 0x00007ffd6e159000 	C:\WINDOWS\WinSxS\amd64_microsoft.windows.common-controls_6595b64144ccf1df_6.0.14393.0_none_2d0f50fcbdb171b8\COMCTL32.dll
0x00007ffd77c70000 - 0x00007ffd77f37000 	C:\WINDOWS\System32\combase.dll
0x00007ffd74c20000 - 0x00007ffd74d15000 	C:\WINDOWS\System32\ucrtbase.dll
0x00007ffd75700000 - 0x00007ffd7576a000 	C:\WINDOWS\System32\bcryptPrimitives.dll
0x00007ffd77580000 - 0x00007ffd775ae000 	C:\WINDOWS\System32\IMM32.DLL
0x000000006b600000 - 0x000000006b6d2000 	C:\Program Files\Java\jdk1.8.0_91\jre\bin\msvcr100.dll
0x000000006aae0000 - 0x000000006b373000 	C:\Program Files\Java\jdk1.8.0_91\jre\bin\server\jvm.dll
0x00007ffd77430000 - 0x00007ffd77438000 	C:\WINDOWS\System32\PSAPI.DLL
0x00007ffd72360000 - 0x00007ffd72369000 	C:\WINDOWS\SYSTEM32\WSOCK32.dll
0x00007ffd77660000 - 0x00007ffd776ca000 	C:\WINDOWS\System32\WS2_32.dll
0x00007ffd72200000 - 0x00007ffd72223000 	C:\WINDOWS\SYSTEM32\WINMM.dll
0x00007ffd701b0000 - 0x00007ffd701ba000 	C:\WINDOWS\SYSTEM32\VERSION.dll
0x00007ffd71c90000 - 0x00007ffd71cbb000 	C:\WINDOWS\SYSTEM32\WINMMBASE.dll
0x00007ffd75770000 - 0x00007ffd757b2000 	C:\WINDOWS\System32\cfgmgr32.dll
0x000000006a9f0000 - 0x000000006a9ff000 	C:\Program Files\Java\jdk1.8.0_91\jre\bin\verify.dll
0x000000006a9c0000 - 0x000000006a9e9000 	C:\Program Files\Java\jdk1.8.0_91\jre\bin\java.dll
0x000000006a9a0000 - 0x000000006a9b6000 	C:\Program Files\Java\jdk1.8.0_91\jre\bin\zip.dll
0x00007ffd75aa0000 - 0x00007ffd76fa8000 	C:\WINDOWS\System32\SHELL32.dll
0x00007ffd74e70000 - 0x00007ffd7554a000 	C:\WINDOWS\System32\windows.storage.dll
0x00007ffd749b0000 - 0x00007ffd749fc000 	C:\WINDOWS\System32\powrprof.dll
0x00007ffd77940000 - 0x00007ffd77992000 	C:\WINDOWS\System32\shlwapi.dll
0x00007ffd74990000 - 0x00007ffd7499f000 	C:\WINDOWS\System32\kernel.appcore.dll
0x00007ffd74dc0000 - 0x00007ffd74e69000 	C:\WINDOWS\System32\shcore.dll
0x00007ffd74970000 - 0x00007ffd74984000 	C:\WINDOWS\System32\profapi.dll

VM Arguments:
jvm_args: -Djava.awt.headless=true -Xmx1024M -Dfile.encoding=windows-1252 -Duser.country=BR -Duser.language=pt -Duser.variant 
java_command: com.android.dx.command.Main --dex --force-jumbo --num-threads=4 --multi-dex --output C:\Android\projects\dagonOpus\app\build\intermediates\transforms\dex\debug\folders\1000\10\com.google.android.gms-play-services-vision-8.1.0_5f3b39714943c1cd9524e4ad22f4f8c5ae78da93 C:\Android\projects\dagonOpus\app\build\intermediates\exploded-aar\com.google.android.gms\play-services-vision\8.1.0\jars\classes.jar
java_class_path (initial): C:\Android\build-tools\23.0.3\lib\dx.jar
Launcher Type: SUN_STANDARD

Environment Variables:
JAVA_HOME=C:\Program Files\Java\jdk1.8.0_91
PATH=C:\ProgramData\Oracle\Java\javapath;C:\WINDOWS\system32;C:\WINDOWS;C:\WINDOWS\System32\Wbem;C:\WINDOWS\System32\WindowsPowerShell\v1.0\;C:\Program Files (x86)\Windows Kits\8.1\Windows Performance Toolkit\;C:\Program Files\Microsoft SQL Server\110\Tools\Binn\;C:\Program Files (x86)\Microsoft SDKs\TypeScript\1.0\;C:\Program Files\Microsoft SQL Server\120\Tools\Binn\;C:\Program Files\Microsoft SQL Server\Client SDK\ODBC\110\Tools\Binn\;C:\Program Files (x86)\Microsoft SQL Server\120\Tools\Binn\;C:\Program Files\Microsoft SQL Server\120\DTS\Binn\;C:\Program Files (x86)\Microsoft SQL Server\120\Tools\Binn\ManagementStudio\;C:\Program Files (x86)\Microsoft SQL Server\120\DTS\Binn\;C:\Users\Otávio Paulino\AppData\Local\Microsoft\WindowsApps;
USERNAME=Otávio Paulino
OS=Windows_NT
PROCESSOR_IDENTIFIER=Intel64 Family 6 Model 37 Stepping 2, GenuineIntel



---------------  S Y S T E M  ---------------

OS: Windows 10.0 , 64 bit Build 14393 (10.0.14393.0)

CPU:total 4 (2 cores per cpu, 2 threads per core) family 6 model 37 stepping 2, cmov, cx8, fxsr, mmx, sse, sse2, sse3, ssse3, sse4.1, sse4.2, popcnt, ht, tsc, tscinvbit

Memory: 4k page, physical 4643540k(239980k free), swap 4643540k(4384k free)

vm_info: Java HotSpot(TM) 64-Bit Server VM (25.91-b14) for windows-amd64 JRE (1.8.0_91-b14), built on Apr  1 2016 00:58:32 by "java_re" with MS VC++ 10.0 (VS2010)

time: Wed Sep 21 20:38:48 2016
elapsed time: 10 seconds (0d 0h 0m 10s)

